2025-07-13 00:35:47,580 [ERROR] LogOutputStream:75 - [STDERR_REDIRECT] 
2025-07-13 15:36:56,735 [INFO] Activator:176 - 


2025-07-13 15:36:56,736 [INFO] Activator:177 - !SESSION log4j initialized
2025-07-13 15:37:07,405 [INFO] LogOutputStream:77 - [STDOUT_REDIRECT] 
2025-07-13 15:37:12,007 [INFO] ApplicationProperties:184 - Using Application install path: E:\STM32CubeIDE_1.16.1\STM32CubeIDE\plugins\com.st.stm32cube.common.mx_6.15.0.202507011659
2025-07-13 15:37:12,095 [INFO] DbMcusXml:78 - Set database path to: E:\STM32CubeIDE_1.16.1\STM32CubeIDE\plugins\com.st.stm32cube.common.mx_6.15.0.202507011659\\db\/mcu/
2025-07-13 15:37:12,095 [INFO] ApiDb:274 - Set plugin database path to: E:\STM32CubeIDE_1.16.1\STM32CubeIDE\plugins\com.st.stm32cube.common.mx_6.15.0.202507011659\\db\/plugins/boardmanager/
2025-07-13 15:37:12,095 [WARN] ApiDb:259 - Overriding images path with different value:  => E:\STM32CubeIDE_1.16.1\STM32CubeIDE\plugins\com.st.stm32cube.common.mx_6.15.0.202507011659\\db\/plugins/mcufinder/images/
2025-07-13 15:37:12,222 [INFO] ApiDb:250 - Set database path to: C:\Users\Snoozer\.stmcufinder\plugins\mcufinder//mcu/
2025-07-13 15:37:12,223 [INFO] DbMcusAds:125 - Set database path to: C:\Users\Snoozer\.stmcufinder\plugins\mcufinder//mcu/
2025-07-13 15:37:12,225 [INFO] CrossReferenceDbSqlite:203 - Set database path to: C:\Users\Snoozer\.stmcufinder\plugins\mcufinder//mcu/cs/
2025-07-13 15:37:12,431 [INFO] RulesReader:64 - Compatibility file has been processed (317 Rules)
2025-07-13 15:37:12,613 [INFO] DbMcusXml:78 - Set database path to: E:\STM32CubeIDE_1.16.1\STM32CubeIDE\plugins\com.st.stm32cube.common.mx_6.15.0.202507011659\\db\/mcu/
2025-07-13 15:37:12,613 [INFO] ApiDb:274 - Set plugin database path to: E:\STM32CubeIDE_1.16.1\STM32CubeIDE\plugins\com.st.stm32cube.common.mx_6.15.0.202507011659\\db\/plugins/boardmanager/
2025-07-13 15:37:12,613 [INFO] ApiDb:261 - Set plugin images path to: E:\STM32CubeIDE_1.16.1\STM32CubeIDE\plugins\com.st.stm32cube.common.mx_6.15.0.202507011659\\db\/plugins/mcufinder/images/
2025-07-13 15:37:12,613 [WARN] DbFile:41 - Overriding database path with different value: C:\Users\Snoozer\.stmcufinder\plugins\mcufinder/ => C:\Users\Snoozer\.stmcufinder\plugins\mcufinder
2025-07-13 15:37:12,613 [INFO] ApiDb:250 - Set database path to: C:\Users\Snoozer\.stmcufinder\plugins\mcufinder//mcu/
2025-07-13 15:37:12,613 [WARN] DbFile:41 - Overriding database path with different value: C:\Users\Snoozer\.stmcufinder\plugins\mcufinder/ => C:\Users\Snoozer\.stmcufinder\plugins\mcufinder
2025-07-13 15:37:12,613 [INFO] DbMcusAds:125 - Set database path to: C:\Users\Snoozer\.stmcufinder\plugins\mcufinder//mcu/
2025-07-13 15:37:12,613 [WARN] DbFile:41 - Overriding database path with different value: C:\Users\Snoozer\.stmcufinder\plugins\mcufinder/ => C:\Users\Snoozer\.stmcufinder\plugins\mcufinder
2025-07-13 15:37:12,613 [WARN] DbFile:41 - Overriding database path with different value: C:\Users\Snoozer\.stmcufinder\plugins\mcufinder/ => C:\Users\Snoozer\.stmcufinder\plugins\mcufinder
2025-07-13 15:37:12,614 [INFO] CrossReferenceDbSqlite:203 - Set database path to: C:\Users\Snoozer\.stmcufinder\plugins\mcufinder//mcu/cs/
2025-07-13 15:37:12,717 [INFO] MainPanel:274 - HeapMemory: 268435456
2025-07-13 15:37:12,956 [INFO] DbMcusXml:78 - Set database path to: E:\STM32CubeIDE_1.16.1\STM32CubeIDE\plugins\com.st.stm32cube.common.mx_6.15.0.202507011659\\db\/mcu/
2025-07-13 15:37:12,956 [INFO] ApiDb:274 - Set plugin database path to: E:\STM32CubeIDE_1.16.1\STM32CubeIDE\plugins\com.st.stm32cube.common.mx_6.15.0.202507011659\\db\/plugins/boardmanager/
2025-07-13 15:37:12,956 [INFO] ApiDb:261 - Set plugin images path to: E:\STM32CubeIDE_1.16.1\STM32CubeIDE\plugins\com.st.stm32cube.common.mx_6.15.0.202507011659\\db\/plugins/mcufinder/images/
2025-07-13 15:37:12,956 [WARN] DbFile:41 - Overriding database path with different value: C:\Users\Snoozer\.stmcufinder\plugins\mcufinder/ => C:\Users\Snoozer\.stmcufinder\plugins\mcufinder
2025-07-13 15:37:12,956 [INFO] ApiDb:250 - Set database path to: C:\Users\Snoozer\.stmcufinder\plugins\mcufinder//mcu/
2025-07-13 15:37:12,956 [WARN] DbFile:41 - Overriding database path with different value: C:\Users\Snoozer\.stmcufinder\plugins\mcufinder/ => C:\Users\Snoozer\.stmcufinder\plugins\mcufinder
2025-07-13 15:37:12,956 [INFO] DbMcusAds:125 - Set database path to: C:\Users\Snoozer\.stmcufinder\plugins\mcufinder//mcu/
2025-07-13 15:37:12,956 [WARN] DbFile:41 - Overriding database path with different value: C:\Users\Snoozer\.stmcufinder\plugins\mcufinder/ => C:\Users\Snoozer\.stmcufinder\plugins\mcufinder
2025-07-13 15:37:12,957 [WARN] DbFile:41 - Overriding database path with different value: C:\Users\Snoozer\.stmcufinder\plugins\mcufinder/ => C:\Users\Snoozer\.stmcufinder\plugins\mcufinder
2025-07-13 15:37:12,957 [INFO] CrossReferenceDbSqlite:203 - Set database path to: C:\Users\Snoozer\.stmcufinder\plugins\mcufinder//mcu/cs/
2025-07-13 15:37:12,981 [INFO] ApplicationProperties:184 - Using Application install path: E:\STM32CubeIDE_1.16.1\STM32CubeIDE\plugins\com.st.stm32cube.common.mx_6.15.0.202507011659
2025-07-13 15:37:12,982 [INFO] PluginManage:196 - Search for loadable plugins [exclusion list=, ]
2025-07-13 15:37:12,983 [INFO] PluginManage:310 - Check plugin analytics
2025-07-13 15:37:13,337 [INFO] AnalyticsPlugin:253 - Accepted Software Licenses: 
2025-07-13 15:37:13,337 [INFO] AnalyticsPlugin:255 - Accepted CMSIS Pack Licenses: 
2025-07-13 15:37:13,337 [INFO] AnalyticsPlugin:257 - Accepted Firmware Licenses: 
2025-07-13 15:37:13,339 [INFO] PluginManage:359 - Loaded plugin analytics (category:tool,tabindex:-1)
2025-07-13 15:37:13,340 [INFO] PluginManage:310 - Check plugin cadmodel
2025-07-13 15:37:13,453 [INFO] CADModel:105 - Init CAD model plugin
2025-07-13 15:37:13,454 [INFO] PluginManage:359 - Loaded plugin cadmodel (category:power,tabindex:5)
2025-07-13 15:37:13,454 [INFO] PluginManage:310 - Check plugin clock
2025-07-13 15:37:13,521 [INFO] PluginManage:359 - Loaded plugin clock (category:base,tabindex:2)
2025-07-13 15:37:13,521 [INFO] PluginManage:310 - Check plugin ddr
2025-07-13 15:37:13,538 [INFO] PluginManage:359 - Loaded plugin ddr (category:tool,tabindex:6)
2025-07-13 15:37:13,538 [INFO] PluginManage:310 - Check plugin filemanager
2025-07-13 15:37:13,918 [INFO] PluginManage:359 - Loaded plugin filemanager (category:base,tabindex:10)
2025-07-13 15:37:13,918 [INFO] PluginManage:310 - Check plugin ipmanager
2025-07-13 15:37:13,937 [INFO] PluginManage:359 - Loaded plugin ipmanager (category:base,tabindex:5)
2025-07-13 15:37:13,937 [INFO] PluginManage:310 - Check plugin lpbam
2025-07-13 15:37:13,961 [INFO] PluginManage:359 - Loaded plugin lpbam (category:base,tabindex:0)
2025-07-13 15:37:13,961 [INFO] PluginManage:310 - Check plugin memorymap
2025-07-13 15:37:13,978 [INFO] PluginManage:359 - Loaded plugin memorymap (category:base,tabindex:4)
2025-07-13 15:37:13,978 [INFO] PluginManage:310 - Check plugin pinoutandconfiguration
2025-07-13 15:37:14,029 [INFO] PluginManage:359 - Loaded plugin pinoutandconfiguration (category:base,tabindex:1)
2025-07-13 15:37:14,030 [INFO] PluginManage:310 - Check plugin pinoutconfig
2025-07-13 15:37:14,169 [WARN] SupportedApi:132 - Cannot load RTOS API schema: s4s-elt-must-match.1: The content of 'definitions' must match (annotation?, (simpleType | complexType)?, (unique | key | keyref)*)). A problem was found starting at: attribute.
2025-07-13 15:37:14,287 [INFO] PluginManage:359 - Loaded plugin pinoutconfig (category:base,tabindex:0)
2025-07-13 15:37:14,287 [INFO] PluginManage:310 - Check plugin power
2025-07-13 15:37:14,350 [INFO] PluginManage:359 - Loaded plugin power (category:power,tabindex:4)
2025-07-13 15:37:14,350 [INFO] PluginManage:310 - Check plugin projectmanager
2025-07-13 15:37:14,364 [INFO] PluginManage:359 - Loaded plugin projectmanager (category:projectmanager,tabindex:4)
2025-07-13 15:37:14,364 [INFO] PluginManage:310 - Check plugin rif
2025-07-13 15:37:14,405 [INFO] PluginManage:359 - Loaded plugin rif (category:base,tabindex:3)
2025-07-13 15:37:14,406 [INFO] PluginManage:310 - Check plugin thirdparty
2025-07-13 15:37:14,581 [INFO] PluginManage:359 - Loaded plugin thirdparty (category:base,tabindex:-1)
2025-07-13 15:37:14,581 [WARN] IntegrityCheckThread:84 - waiting for thirdparty lock release [integrity check]
2025-07-13 15:37:14,581 [INFO] PluginManage:310 - Check plugin tools
2025-07-13 15:37:14,581 [INFO] IntegrityCheckThread:86 - entering critical section [integrity check]
2025-07-13 15:37:14,581 [INFO] ThirdPartyUpdaterWithRetryManager:70 - Updater plugin not ready yet. [1/15]
2025-07-13 15:37:14,594 [INFO] PluginManage:359 - Loaded plugin tools (category:base,tabindex:7)
2025-07-13 15:37:14,595 [INFO] PluginManage:310 - Check plugin tutovideos
2025-07-13 15:37:14,903 [INFO] PluginManage:359 - Loaded plugin tutovideos (category:base,tabindex:-1)
2025-07-13 15:37:14,903 [INFO] PluginManage:310 - Check plugin updater
2025-07-13 15:37:14,942 [INFO] PluginManage:359 - Loaded plugin updater (category:base,tabindex:12)
2025-07-13 15:37:14,942 [INFO] PluginManage:310 - Check plugin userauth
2025-07-13 15:37:14,948 [INFO] UserAuth:118 - Init User Auth plugin
2025-07-13 15:37:14,949 [INFO] PluginManage:359 - Loaded plugin userauth (category:base,tabindex:14)
2025-07-13 15:37:14,949 [INFO] PluginManage:283 - PluginManage : Loaded plugins [18]
2025-07-13 15:37:15,281 [INFO] PinOutPanel:1589 - setPackage(No Configuration,No Configuration)
2025-07-13 15:37:15,373 [INFO] CADModel:165 - CPN selected for project level
2025-07-13 15:37:15,373 [INFO] CADModel:114 - Register for checkConnection events
2025-07-13 15:37:15,440 [INFO] IPUIPlugin:80 - create IPUIPlugin
2025-07-13 15:37:15,441 [INFO] PluginManager:220 - loadIPPluginJar : add adc
2025-07-13 15:37:15,447 [INFO] IPUIPlugin:80 - create IPUIPlugin
2025-07-13 15:37:15,447 [INFO] PluginManager:220 - loadIPPluginJar : add aes
2025-07-13 15:37:15,457 [INFO] IPUIPlugin:80 - create IPUIPlugin
2025-07-13 15:37:15,457 [INFO] PluginManager:220 - loadIPPluginJar : add can
2025-07-13 15:37:15,491 [INFO] IPUIPlugin:80 - create IPUIPlugin
2025-07-13 15:37:15,491 [INFO] PluginManager:220 - loadIPPluginJar : add comp
2025-07-13 15:37:15,493 [INFO] IPUIPlugin:80 - create IPUIPlugin
2025-07-13 15:37:15,493 [INFO] PluginManager:220 - loadIPPluginJar : add cryp
2025-07-13 15:37:15,532 [INFO] IPUIPlugin:80 - create IPUIPlugin
2025-07-13 15:37:15,532 [INFO] PluginManager:220 - loadIPPluginJar : add ddr_ctrl_phy
2025-07-13 15:37:15,552 [INFO] IPUIPlugin:80 - create IPUIPlugin
2025-07-13 15:37:15,552 [INFO] PluginManager:220 - loadIPPluginJar : add dfsdm
2025-07-13 15:37:15,594 [INFO] IPUIPlugin:80 - create IPUIPlugin
2025-07-13 15:37:15,594 [INFO] PluginManager:220 - loadIPPluginJar : add dma
2025-07-13 15:37:15,597 [INFO] IPUIPlugin:80 - create IPUIPlugin
2025-07-13 15:37:15,597 [INFO] PluginManager:220 - loadIPPluginJar : add dma3
2025-07-13 15:37:15,612 [INFO] IPUIPlugin:80 - create IPUIPlugin
2025-07-13 15:37:15,612 [INFO] PluginManager:220 - loadIPPluginJar : add extmemmanager
2025-07-13 15:37:15,629 [INFO] IPUIPlugin:80 - create IPUIPlugin
2025-07-13 15:37:15,629 [INFO] PluginManager:220 - loadIPPluginJar : add fatfs
2025-07-13 15:37:15,632 [INFO] IPUIPlugin:80 - create IPUIPlugin
2025-07-13 15:37:15,632 [INFO] PluginManager:220 - loadIPPluginJar : add fmc
2025-07-13 15:37:15,671 [INFO] IPUIPlugin:80 - create IPUIPlugin
2025-07-13 15:37:15,672 [INFO] PluginManager:220 - loadIPPluginJar : add freertos
2025-07-13 15:37:15,689 [INFO] IPUIPlugin:80 - create IPUIPlugin
2025-07-13 15:37:15,689 [INFO] PluginManager:220 - loadIPPluginJar : add genericplugin
2025-07-13 15:37:15,707 [INFO] IPUIPlugin:80 - create IPUIPlugin
2025-07-13 15:37:15,707 [INFO] PluginManager:220 - loadIPPluginJar : add gfxmmu
2025-07-13 15:37:15,710 [INFO] IPUIPlugin:80 - create IPUIPlugin
2025-07-13 15:37:15,710 [INFO] PluginManager:220 - loadIPPluginJar : add gic
2025-07-13 15:37:15,714 [INFO] IPUIPlugin:80 - create IPUIPlugin
2025-07-13 15:37:15,714 [INFO] PluginManager:220 - loadIPPluginJar : add gpio
2025-07-13 15:37:15,735 [INFO] IPUIPlugin:80 - create IPUIPlugin
2025-07-13 15:37:15,735 [INFO] PluginManager:220 - loadIPPluginJar : add gtzc
2025-07-13 15:37:15,786 [INFO] IPUIPlugin:80 - create IPUIPlugin
2025-07-13 15:37:15,786 [INFO] PluginManager:220 - loadIPPluginJar : add hash
2025-07-13 15:37:15,798 [INFO] IPUIPlugin:80 - create IPUIPlugin
2025-07-13 15:37:15,799 [INFO] PluginManager:220 - loadIPPluginJar : add i2c
2025-07-13 15:37:15,805 [INFO] IPUIPlugin:80 - create IPUIPlugin
2025-07-13 15:37:15,805 [INFO] PluginManager:220 - loadIPPluginJar : add i2s
2025-07-13 15:37:15,874 [INFO] IPUIPlugin:80 - create IPUIPlugin
2025-07-13 15:37:15,874 [INFO] PluginManager:220 - loadIPPluginJar : add i3c
2025-07-13 15:37:15,923 [INFO] IPUIPlugin:80 - create IPUIPlugin
2025-07-13 15:37:15,923 [INFO] PluginManager:220 - loadIPPluginJar : add ipddr
2025-07-13 15:37:15,948 [INFO] IPUIPlugin:80 - create IPUIPlugin
2025-07-13 15:37:15,948 [INFO] PluginManager:220 - loadIPPluginJar : add linkedlist
2025-07-13 15:37:15,972 [INFO] IPUIPlugin:80 - create IPUIPlugin
2025-07-13 15:37:15,972 [INFO] PluginManager:220 - loadIPPluginJar : add lorawan
2025-07-13 15:37:15,974 [INFO] IPUIPlugin:80 - create IPUIPlugin
2025-07-13 15:37:15,974 [INFO] PluginManager:220 - loadIPPluginJar : add ltdc
2025-07-13 15:37:16,026 [INFO] IPUIPlugin:80 - create IPUIPlugin
2025-07-13 15:37:16,026 [INFO] PluginManager:220 - loadIPPluginJar : add mdma
2025-07-13 15:37:16,030 [INFO] IPUIPlugin:80 - create IPUIPlugin
2025-07-13 15:37:16,030 [INFO] PluginManager:220 - loadIPPluginJar : add nvic
2025-07-13 15:37:16,033 [INFO] IPUIPlugin:80 - create IPUIPlugin
2025-07-13 15:37:16,033 [INFO] PluginManager:220 - loadIPPluginJar : add opamp
2025-07-13 15:37:16,058 [INFO] IPUIPlugin:80 - create IPUIPlugin
2025-07-13 15:37:16,058 [INFO] PluginManager:220 - loadIPPluginJar : add openamp
2025-07-13 15:37:16,076 [INFO] IPUIPlugin:80 - create IPUIPlugin
2025-07-13 15:37:16,076 [INFO] PluginManager:220 - loadIPPluginJar : add pdm2pcm
2025-07-13 15:37:16,116 [INFO] IPUIPlugin:80 - create IPUIPlugin
2025-07-13 15:37:16,117 [INFO] PluginManager:220 - loadIPPluginJar : add plateformsettings
2025-07-13 15:37:16,119 [INFO] IPUIPlugin:80 - create IPUIPlugin
2025-07-13 15:37:16,119 [INFO] PluginManager:220 - loadIPPluginJar : add quadspi
2025-07-13 15:37:16,121 [INFO] IPUIPlugin:80 - create IPUIPlugin
2025-07-13 15:37:16,122 [INFO] PluginManager:220 - loadIPPluginJar : add radio
2025-07-13 15:37:16,148 [INFO] IPUIPlugin:80 - create IPUIPlugin
2025-07-13 15:37:16,149 [INFO] PluginManager:220 - loadIPPluginJar : add resmgrutility
2025-07-13 15:37:16,173 [INFO] IPUIPlugin:80 - create IPUIPlugin
2025-07-13 15:37:16,173 [INFO] PluginManager:220 - loadIPPluginJar : add sai
2025-07-13 15:37:16,175 [INFO] IPUIPlugin:80 - create IPUIPlugin
2025-07-13 15:37:16,175 [INFO] PluginManager:220 - loadIPPluginJar : add spi
2025-07-13 15:37:16,180 [INFO] IPUIPlugin:80 - create IPUIPlugin
2025-07-13 15:37:16,180 [INFO] PluginManager:220 - loadIPPluginJar : add stm32_wpan
2025-07-13 15:37:16,182 [INFO] IPUIPlugin:80 - create IPUIPlugin
2025-07-13 15:37:16,182 [INFO] PluginManager:220 - loadIPPluginJar : add tim
2025-07-13 15:37:16,185 [INFO] IPUIPlugin:80 - create IPUIPlugin
2025-07-13 15:37:16,185 [INFO] PluginManager:220 - loadIPPluginJar : add touchsensing
2025-07-13 15:37:16,187 [INFO] IPUIPlugin:80 - create IPUIPlugin
2025-07-13 15:37:16,187 [INFO] PluginManager:220 - loadIPPluginJar : add tracer_emb
2025-07-13 15:37:16,189 [INFO] IPUIPlugin:80 - create IPUIPlugin
2025-07-13 15:37:16,190 [INFO] PluginManager:220 - loadIPPluginJar : add ts
2025-07-13 15:37:16,192 [INFO] IPUIPlugin:80 - create IPUIPlugin
2025-07-13 15:37:16,192 [INFO] PluginManager:220 - loadIPPluginJar : add tsc
2025-07-13 15:37:16,207 [INFO] IPUIPlugin:80 - create IPUIPlugin
2025-07-13 15:37:16,207 [INFO] PluginManager:220 - loadIPPluginJar : add ucpd
2025-07-13 15:37:16,210 [INFO] IPUIPlugin:80 - create IPUIPlugin
2025-07-13 15:37:16,210 [INFO] PluginManager:220 - loadIPPluginJar : add usart
2025-07-13 15:37:16,213 [INFO] IPUIPlugin:80 - create IPUIPlugin
2025-07-13 15:37:16,213 [INFO] PluginManager:220 - loadIPPluginJar : add usbx
2025-07-13 15:37:16,325 [FATAL] Updater:351 - Updater called before beeing initialized
2025-07-13 15:37:16,394 [INFO] RulesReader:64 - Compatibility file has been processed (317 Rules)
2025-07-13 15:37:16,402 [INFO] RulesReader:64 - Compatibility file has been processed (317 Rules)
2025-07-13 15:37:16,407 [INFO] CADModel:165 - CPN selected for project level
2025-07-13 15:37:16,407 [INFO] CADModel:114 - Register for checkConnection events
2025-07-13 15:37:16,407 [FATAL] Updater:351 - Updater called before beeing initialized
2025-07-13 15:37:16,407 [ERROR] CADModel:125 - Updater not yet initialized, retry later 
2025-07-13 15:37:16,585 [FATAL] Updater:351 - Updater called before beeing initialized
2025-07-13 15:37:16,587 [INFO] CADModel:165 - CPN selected for project level
2025-07-13 15:37:16,587 [INFO] CADModel:114 - Register for checkConnection events
2025-07-13 15:37:16,587 [FATAL] Updater:351 - Updater called before beeing initialized
2025-07-13 15:37:16,587 [ERROR] CADModel:125 - Updater not yet initialized, retry later 
2025-07-13 15:37:16,590 [FATAL] Updater:351 - Updater called before beeing initialized
2025-07-13 15:37:16,668 [FATAL] Updater:351 - Updater called before beeing initialized
2025-07-13 15:37:16,672 [INFO] DbMcusAds:53 - JSON generation date=Tue Jul 08 03:14:23 CDT 2025 (1751962463582)
2025-07-13 15:37:16,672 [FATAL] Updater:351 - Updater called before beeing initialized
2025-07-13 15:37:16,767 [WARN] DetailPanel:346 - Failed to get advertising image, set to default
2025-07-13 15:37:16,825 [FATAL] Updater:351 - Updater called before beeing initialized
2025-07-13 15:37:16,826 [FATAL] Updater:351 - Updater called before beeing initialized
2025-07-13 15:37:16,826 [FATAL] Updater:351 - Updater called before beeing initialized
2025-07-13 15:37:16,827 [WARN] DetailPanel:346 - Failed to get advertising image, set to default
2025-07-13 15:37:16,827 [FATAL] Updater:351 - Updater called before beeing initialized
2025-07-13 15:37:16,924 [ERROR] Updater:1198 - MainUpdater not yet initialized. External WinMGr cannot be set.
2025-07-13 15:37:16,929 [INFO] Updater:1134 - Updater Version found : 6.15.0
2025-07-13 15:37:16,944 [INFO] ApplicationProperties:184 - Using Application install path: E:\STM32CubeIDE_1.16.1\STM32CubeIDE\plugins\com.st.stm32cube.common.mx_6.15.0.202507011659
2025-07-13 15:37:17,583 [INFO] ThirdPartyUpdaterWithRetryManager:70 - Updater plugin not ready yet. [2/15]
2025-07-13 15:37:18,535 [ERROR] LogOutputStream:75 - [STDERR_REDIRECT] Jul 13, 2025 3:37:18 PM java.util.prefs.WindowsPreferences <init>
2025-07-13 15:37:18,536 [ERROR] LogOutputStream:75 - [STDERR_REDIRECT] WARNING: Could not open/create prefs root node Software\JavaSoft\Prefs at root 0xffffffff80000002. Windows RegCreateKeyEx(...) returned error code 5.
2025-07-13 15:37:18,536 [ERROR] LogOutputStream:75 - [STDERR_REDIRECT] 
2025-07-13 15:37:19,012 [INFO] MainUpdater:2872 - connection check result : 10
2025-07-13 15:37:19,013 [INFO] MainUpdater:289 - Updater Check For Update Now.
2025-07-13 15:37:19,013 [INFO] MicroXplorer:498 - Change Database Version : DB.6.0.150
2025-07-13 15:37:19,056 [INFO] McuFinderGlobals:63 - Set McuFinder mode to 2 (CubeIDE integrated)
2025-07-13 15:37:19,058 [INFO] UserAuth:487 - Internet connection configuration mode: 1
2025-07-13 15:37:19,190 [INFO] JxBrowserEngine:152 - Initiate JxBrowser Engine with user profile folder
2025-07-13 15:37:19,237 [INFO] CheckServerUpdateThread:120 - End of CheckServer Thread
2025-07-13 15:37:20,073 [INFO] WebApp:169 - Instantiating new browser for Auth
2025-07-13 15:37:20,736 [INFO] WebApp:463 - Apply proxy settings
2025-07-13 15:37:20,737 [INFO] WebApp:548 - Chromium requires no authentication
2025-07-13 15:37:20,744 [INFO] WebApp:491 - Direct internet connection detected
2025-07-13 15:37:20,761 [INFO] WebApp:900 - Register for checkConnection events
2025-07-13 15:37:20,761 [INFO] WebApp:463 - Apply proxy settings
2025-07-13 15:37:20,761 [INFO] WebApp:548 - Chromium requires no authentication
2025-07-13 15:37:20,761 [INFO] WebApp:491 - Direct internet connection detected
2025-07-13 15:37:20,900 [INFO] WebApp:191 - Connection restablished
2025-07-13 15:37:20,967 [INFO] WebApp:225 - Starting web application
2025-07-13 15:37:20,967 [INFO] WebApp:593 - Web application path used E:\STM32CubeIDE_1.16.1\STM32CubeIDE\plugins\com.st.stm32cube.common.mx_6.15.0.202507011659\db\plugins\mcufinder\reactClient1\index.html
2025-07-13 15:37:20,974 [WARN] PackLoader:240 - Cannot read IP mode file for STMicroelectronics.FP-SNS-MOTENVWB1.1.4.0
2025-07-13 15:37:20,985 [WARN] PackLoader:240 - Cannot read IP mode file for STMicroelectronics.FP-ATR-ASTRA1.2.0.2
2025-07-13 15:37:20,997 [WARN] PackLoader:240 - Cannot read IP mode file for STMicroelectronics.X-CUBE-SMBUS.2.1.0
2025-07-13 15:37:21,005 [WARN] PackLoader:240 - Cannot read IP mode file for STMicroelectronics.X-CUBE-ST60.1.0.0
2025-07-13 15:37:21,080 [WARN] PackLoader:240 - Cannot read IP mode file for STMicroelectronics.X-CUBE-AZRTOS-F7.1.1.0
2025-07-13 15:37:21,130 [WARN] PackLoader:240 - Cannot read IP mode file for STMicroelectronics.X-CUBE-MEMS1.11.0.0
2025-07-13 15:37:21,295 [WARN] PackLoader:240 - Cannot read IP mode file for STMicroelectronics.FP-SNS-FLIGHT1.5.0.2
2025-07-13 15:37:21,312 [WARN] PackLoader:240 - Cannot read IP mode file for STMicroelectronics.X-CUBE-AZRTOS-H7.3.4.0
2025-07-13 15:37:21,450 [INFO] UserAuth:487 - Internet connection configuration mode: 1
2025-07-13 15:37:21,457 [WARN] PackLoader:240 - Cannot read IP mode file for STMicroelectronics.X-CUBE-DISPLAY.3.0.0
2025-07-13 15:37:21,465 [WARN] PackLoader:240 - Cannot read IP mode file for STMicroelectronics.X-CUBE-BLE1.7.0.0
2025-07-13 15:37:21,471 [WARN] PackLoader:240 - Cannot read IP mode file for STMicroelectronics.X-CUBE-NFC10.1.0.0
2025-07-13 15:37:21,481 [WARN] PackLoader:240 - Cannot read IP mode file for STMicroelectronics.X-CUBE-BLEMGR.4.0.0
2025-07-13 15:37:21,490 [WARN] PackLoader:240 - Cannot read IP mode file for emotas.I-CUBE-CANOPEN.1.3.0
2025-07-13 15:37:21,493 [WARN] ConditionMgr:438 - getConditionDescription Invalid condition id : Cortex-A Device cause : null
2025-07-13 15:37:21,501 [WARN] ConditionMgr:1044 - genDependencies : Invalid condition id : Cortex-A Device cause : null
2025-07-13 15:37:21,502 [WARN] ConditionMgr:1044 - genDependencies : Invalid condition id : Cortex-A Device cause : null
2025-07-13 15:37:21,502 [WARN] ConditionMgr:1044 - genDependencies : Invalid condition id : Cortex-A Device cause : null
2025-07-13 15:37:21,509 [WARN] PackLoader:240 - Cannot read IP mode file for STMicroelectronics.X-CUBE-BLEMGR.3.1.0
2025-07-13 15:37:21,513 [WARN] PackLoader:240 - Cannot read IP mode file for STMicroelectronics.X-CUBE-AI.10.0.0
2025-07-13 15:37:21,517 [WARN] PackLoader:240 - Cannot read IP mode file for STMicroelectronics.FP-SNS-SMARTAG2.1.2.0
2025-07-13 15:37:21,520 [WARN] PackLoader:240 - Cannot read IP mode file for STMicroelectronics.FP-SNS-FLIGHT1.5.1.0
2025-07-13 15:37:21,527 [INFO] LogOutputStream:77 - [STDOUT_REDIRECT] 1 : Invalid condition id : UX_CORESTACK_Condition cause : null
2025-07-13 15:37:21,528 [INFO] LogOutputStream:77 - [STDOUT_REDIRECT] 1 : Invalid condition id : UX_CORESTACK_Condition cause : null
2025-07-13 15:37:21,528 [INFO] LogOutputStream:77 - [STDOUT_REDIRECT] 1 : Invalid condition id : UX_CORESTACK_Condition cause : null
2025-07-13 15:37:21,530 [INFO] LogOutputStream:77 - [STDOUT_REDIRECT] 1 : Invalid condition id : UX_CORESTACK_Condition cause : null
2025-07-13 15:37:21,531 [INFO] LogOutputStream:77 - [STDOUT_REDIRECT] 1 : Invalid condition id : UX_CORESTACK_Condition cause : null
2025-07-13 15:37:21,534 [WARN] PackLoader:240 - Cannot read IP mode file for STMicroelectronics.X-CUBE-AZRTOS-WL.2.0.0
2025-07-13 15:37:21,538 [WARN] PackLoader:240 - Cannot read IP mode file for STMicroelectronics.FP-SNS-MOTENV1.5.0.0
2025-07-13 15:37:21,542 [WARN] PackLoader:240 - Cannot read IP mode file for wolfSSL.I-CUBE-wolfMQTT.1.19.0
2025-07-13 15:37:21,547 [WARN] PackLoader:240 - Cannot read IP mode file for WES.I-CUBE-Cesium.1.3.0
2025-07-13 15:37:21,551 [WARN] PackLoader:240 - Cannot read IP mode file for STMicroelectronics.X-CUBE-BLE2.3.3.0
2025-07-13 15:37:21,556 [WARN] PackLoader:240 - Cannot read IP mode file for STMicroelectronics.X-CUBE-NFC9.1.0.0
2025-07-13 15:37:21,560 [WARN] PackLoader:240 - Cannot read IP mode file for STMicroelectronics.X-CUBE-BLE1.7.1.0
2025-07-13 15:37:21,566 [WARN] PackLoader:240 - Cannot read IP mode file for STMicroelectronics.X-CUBE-TCPP.4.1.0
2025-07-13 15:37:21,577 [WARN] PackLoader:240 - Cannot read IP mode file for STMicroelectronics.X-CUBE-AI.10.1.0
2025-07-13 15:37:21,610 [WARN] PackLoader:240 - Cannot read IP mode file for STMicroelectronics.X-CUBE-MEMS1.11.2.0
2025-07-13 15:37:21,687 [WARN] PackLoader:240 - Cannot read IP mode file for STMicroelectronics.X-CUBE-AZRTOS-G0.1.1.0
2025-07-13 15:37:21,694 [WARN] PackLoader:240 - Cannot read IP mode file for STMicroelectronics.X-CUBE-SAFEA1.1.2.2
2025-07-13 15:37:21,698 [WARN] PackLoader:240 - Cannot read IP mode file for STMicroelectronics.X-CUBE-NFC4.3.0.0
2025-07-13 15:37:21,705 [WARN] PackLoader:240 - Cannot read IP mode file for EmbeddedOffice.I-CUBE-FS-RTOS.1.0.1
2025-07-13 15:37:21,709 [WARN] PackLoader:240 - Cannot read IP mode file for STMicroelectronics.X-CUBE-WB05N.2.0.0
2025-07-13 15:37:21,713 [WARN] PackLoader:240 - Cannot read IP mode file for STMicroelectronics.X-CUBE-TCPP.4.2.0
2025-07-13 15:37:21,717 [WARN] PackLoader:240 - Cannot read IP mode file for RealThread.X-CUBE-RT-Thread_Nano.4.1.1
2025-07-13 15:37:21,721 [WARN] PackLoader:240 - Cannot read IP mode file for STMicroelectronics.FP-ATR-SIGFOX1.3.2.0
2025-07-13 15:37:21,725 [WARN] PackLoader:240 - Cannot read IP mode file for wolfSSL.I-CUBE-wolfSSL.5.7.2
2025-07-13 15:37:21,729 [WARN] PackLoader:240 - Cannot read IP mode file for STMicroelectronics.X-CUBE-EEPRMA1.5.1.0
2025-07-13 15:37:21,734 [WARN] PackLoader:240 - Cannot read IP mode file for ITTIA_DB.I-CUBE-ITTIADB.8.9.0
2025-07-13 15:37:21,740 [WARN] PackLoader:240 - Cannot read IP mode file for STMicroelectronics.X-CUBE-ST67W61.1.0.0
2025-07-13 15:37:21,762 [WARN] PackLoader:240 - Cannot read IP mode file for SEGGER.I-CUBE-embOS.1.3.1
2025-07-13 15:37:21,783 [WARN] PackLoader:240 - Cannot read IP mode file for STMicroelectronics.X-CUBE-ALGOBUILD.1.4.0
2025-07-13 15:37:21,808 [WARN] PackLoader:240 - Cannot read IP mode file for STMicroelectronics.X-CUBE-MEMS1.11.3.0
2025-07-13 15:37:21,874 [WARN] PackLoader:240 - Cannot read IP mode file for STMicroelectronics.X-CUBE-AI.9.1.0
2025-07-13 15:37:21,877 [WARN] PackLoader:240 - Cannot read IP mode file for STMicroelectronics.X-CUBE-PM33A1.1.0.0
2025-07-13 15:37:21,894 [WARN] PackLoader:240 - Cannot read IP mode file for STMicroelectronics.X-CUBE-AZRTOS-F4.1.1.0
2025-07-13 15:37:21,898 [WARN] PackLoader:240 - Cannot read IP mode file for Avnet-IotConnect.X-CUBE-IoTC-DA16k-PMOD.1.0.0
2025-07-13 15:37:21,902 [WARN] PackLoader:240 - Cannot read IP mode file for STMicroelectronics.X-CUBE-ISPU.2.1.0
2025-07-13 15:37:21,906 [WARN] PackLoader:240 - Cannot read IP mode file for STMicroelectronics.X-CUBE-FREERTOS.1.2.0
2025-07-13 15:37:21,915 [WARN] PackLoader:240 - Cannot read IP mode file for STMicroelectronics.X-CUBE-AZRTOS-L5.2.0.0
2025-07-13 15:37:21,924 [WARN] PackLoader:240 - Cannot read IP mode file for STMicroelectronics.X-CUBE-NFC6.3.1.0
2025-07-13 15:37:21,933 [WARN] PackLoader:240 - Cannot read IP mode file for STMicroelectronics.X-CUBE-DPower.1.2.0
2025-07-13 15:37:21,937 [WARN] PackLoader:240 - Cannot read IP mode file for STMicroelectronics.X-CUBE-FREERTOS.1.3.1
2025-07-13 15:37:21,940 [WARN] PackLoader:240 - Cannot read IP mode file for STMicroelectronics.X-CUBE-NFC7.1.0.1
2025-07-13 15:37:21,945 [WARN] PackLoader:240 - Cannot read IP mode file for STMicroelectronics.FP-SNS-STAIOTCFT.1.0.0
2025-07-13 15:37:21,950 [WARN] PackLoader:240 - Cannot read IP mode file for STMicroelectronics.X-CUBE-DPower.1.3.0
2025-07-13 15:37:21,963 [WARN] ConditionMgr:438 - getConditionDescription Invalid condition id : LAN8742 Phy interface Condition cause : null
2025-07-13 15:37:21,963 [WARN] PackLoader:240 - Cannot read IP mode file for STMicroelectronics.X-CUBE-AZRTOS-L4.2.0.0
2025-07-13 15:37:21,964 [WARN] ConditionMgr:1044 - genDependencies : Invalid condition id : LAN8742 Phy interface Condition cause : null
2025-07-13 15:37:21,964 [WARN] ConditionMgr:1044 - genDependencies : Invalid condition id : LAN8742 Phy interface Condition cause : null
2025-07-13 15:37:21,965 [WARN] ConditionMgr:1044 - genDependencies : Invalid condition id : LAN8742 Phy interface Condition cause : null
2025-07-13 15:37:21,972 [WARN] PackLoader:240 - Cannot read IP mode file for STMicroelectronics.X-CUBE-SFXS2LP1.4.0.0
2025-07-13 15:37:22,004 [WARN] PackLoader:240 - Cannot read IP mode file for STMicroelectronics.X-CUBE-AZRTOS-H7.3.3.0
2025-07-13 15:37:22,016 [WARN] ConditionMgr:438 - getConditionDescription Invalid condition id : UX DEVICE CLASS RTOS Condition cause : null
2025-07-13 15:37:22,016 [WARN] ConditionMgr:438 - getConditionDescription Invalid condition id : UX DEVICE CLASS RTOS Condition cause : null
2025-07-13 15:37:22,017 [WARN] PackLoader:240 - Cannot read IP mode file for STMicroelectronics.X-CUBE-AZRTOS-WB.2.0.0
2025-07-13 15:37:22,018 [WARN] ConditionMgr:1044 - genDependencies : Invalid condition id : UX DEVICE CLASS RTOS Condition cause : null
2025-07-13 15:37:22,018 [WARN] ConditionMgr:1044 - genDependencies : Invalid condition id : UX DEVICE CLASS RTOS Condition cause : null
2025-07-13 15:37:22,019 [WARN] ConditionMgr:1044 - genDependencies : Invalid condition id : UX DEVICE CLASS RTOS Condition cause : null
2025-07-13 15:37:22,019 [WARN] ConditionMgr:1044 - genDependencies : Invalid condition id : UX DEVICE CLASS RTOS Condition cause : null
2025-07-13 15:37:22,019 [WARN] ConditionMgr:1044 - genDependencies : Invalid condition id : UX DEVICE CLASS RTOS Condition cause : null
2025-07-13 15:37:22,024 [WARN] PackLoader:240 - Cannot read IP mode file for STMicroelectronics.X-CUBE-GNSS1.7.0.0
2025-07-13 15:37:22,029 [WARN] PackLoader:240 - Cannot read IP mode file for STMicroelectronics.X-CUBE-GNSS1.7.0.1
2025-07-13 15:37:22,033 [WARN] PackLoader:240 - Cannot read IP mode file for STMicroelectronics.X-CUBE-TOUCHGFX.4.25.0
2025-07-13 15:37:22,038 [WARN] PackLoader:240 - Cannot read IP mode file for STMicroelectronics.FP-SNS-STBOX1.2.0.0
2025-07-13 15:37:22,045 [WARN] PackLoader:240 - Cannot read IP mode file for STMicroelectronics.X-CUBE-SUBG2.5.0.0
2025-07-13 15:37:22,061 [WARN] PackLoader:240 - Cannot read IP mode file for STMicroelectronics.X-CUBE-AZRTOS-H7RS.1.1.0
2025-07-13 15:37:22,067 [WARN] PackLoader:240 - Cannot read IP mode file for Cesanta.I-CUBE-Mongoose.7.13.0
2025-07-13 15:37:22,075 [WARN] PackLoader:240 - Cannot read IP mode file for STMicroelectronics.X-CUBE-AZRTOS-G4.2.0.0
2025-07-13 15:37:22,079 [WARN] PackLoader:240 - Cannot read IP mode file for STMicroelectronics.X-CUBE-NFC7.2.0.0
2025-07-13 15:37:22,088 [WARN] PackLoader:240 - Cannot read IP mode file for STMicroelectronics.X-CUBE-IPS.3.1.0
2025-07-13 15:37:22,095 [WARN] PackLoader:240 - Cannot read IP mode file for STMicroelectronics.X-CUBE-ALS.1.0.2
2025-07-13 15:37:22,100 [WARN] PackLoader:240 - Cannot read IP mode file for STMicroelectronics.X-CUBE-TOUCHGFX.4.24.1
2025-07-13 15:37:22,103 [WARN] PackLoader:240 - Cannot read IP mode file for wolfSSL.I-CUBE-wolfTPM.3.4.0
2025-07-13 15:37:22,107 [WARN] PackLoader:240 - Cannot read IP mode file for portGmbH.I-Cube-SoM-uGOAL.1.1.0
2025-07-13 15:37:22,116 [WARN] PackLoader:240 - Cannot read IP mode file for STMicroelectronics.X-CUBE-AZRTOS-H7RS.1.0.0
2025-07-13 15:37:22,121 [WARN] PackLoader:240 - Cannot read IP mode file for STMicroelectronics.FP-ATR-ASTRA1.2.0.0
2025-07-13 15:37:22,128 [WARN] PackLoader:240 - Cannot read IP mode file for STMicroelectronics.X-CUBE-TOF1.3.4.2
2025-07-13 15:37:22,139 [WARN] PackLoader:240 - Cannot read IP mode file for STMicroelectronics.X-CUBE-TOF1.3.4.3
2025-07-13 15:37:22,155 [WARN] PackLoader:240 - Cannot read IP mode file for Infineon.AIROC-Wi-Fi-Bluetooth-STM32.1.6.1
2025-07-13 15:37:22,159 [WARN] PackLoader:240 - Cannot read IP mode file for wolfSSL.I-CUBE-wolfSSH.1.4.17
2025-07-13 15:37:22,159 [INFO] ThirdParty:978 - Integrity check success = true
2025-07-13 15:37:22,159 [INFO] IntegrityCheckThread:100 - exiting critical section [integrity check]
2025-07-13 15:37:22,160 [INFO] IntegrityCheckThread:103 - End integrity checks thread
2025-07-13 15:53:24,594 [ERROR] LogOutputStream:75 - [STDERR_REDIRECT] Jul 13, 2025 3:53:24 PM org.apache.lucene.internal.vectorization.VectorizationProvider lookup
2025-07-13 15:53:24,596 [ERROR] LogOutputStream:75 - [STDERR_REDIRECT] WARNING: Java vector incubator module is not readable. For optimal vector performance, pass '--add-modules jdk.incubator.vector' to enable Vector API.
2025-07-13 15:53:24,597 [ERROR] LogOutputStream:75 - [STDERR_REDIRECT] 
2025-07-13 16:20:31,601 [INFO] Activator:176 - 


2025-07-13 16:20:31,602 [INFO] Activator:177 - !SESSION log4j initialized
2025-07-13 16:20:35,022 [INFO] LogOutputStream:77 - [STDOUT_REDIRECT] 
2025-07-13 16:20:35,617 [INFO] ApplicationProperties:184 - Using Application install path: E:\STM32CubeIDE_1.16.1\STM32CubeIDE\plugins\com.st.stm32cube.common.mx_6.15.0.202507011659
2025-07-13 16:20:35,628 [INFO] DbMcusXml:78 - Set database path to: E:\STM32CubeIDE_1.16.1\STM32CubeIDE\plugins\com.st.stm32cube.common.mx_6.15.0.202507011659\\db\/mcu/
2025-07-13 16:20:35,628 [INFO] ApiDb:274 - Set plugin database path to: E:\STM32CubeIDE_1.16.1\STM32CubeIDE\plugins\com.st.stm32cube.common.mx_6.15.0.202507011659\\db\/plugins/boardmanager/
2025-07-13 16:20:35,628 [WARN] ApiDb:259 - Overriding images path with different value:  => E:\STM32CubeIDE_1.16.1\STM32CubeIDE\plugins\com.st.stm32cube.common.mx_6.15.0.202507011659\\db\/plugins/mcufinder/images/
2025-07-13 16:20:35,631 [INFO] ApiDb:250 - Set database path to: C:\Users\Snoozer\.stmcufinder\plugins\mcufinder//mcu/
2025-07-13 16:20:35,632 [INFO] DbMcusAds:125 - Set database path to: C:\Users\Snoozer\.stmcufinder\plugins\mcufinder//mcu/
2025-07-13 16:20:35,634 [INFO] CrossReferenceDbSqlite:203 - Set database path to: C:\Users\Snoozer\.stmcufinder\plugins\mcufinder//mcu/cs/
2025-07-13 16:20:35,715 [INFO] RulesReader:64 - Compatibility file has been processed (317 Rules)
2025-07-13 16:20:35,767 [INFO] DbMcusXml:78 - Set database path to: E:\STM32CubeIDE_1.16.1\STM32CubeIDE\plugins\com.st.stm32cube.common.mx_6.15.0.202507011659\\db\/mcu/
2025-07-13 16:20:35,767 [INFO] ApiDb:274 - Set plugin database path to: E:\STM32CubeIDE_1.16.1\STM32CubeIDE\plugins\com.st.stm32cube.common.mx_6.15.0.202507011659\\db\/plugins/boardmanager/
2025-07-13 16:20:35,767 [INFO] ApiDb:261 - Set plugin images path to: E:\STM32CubeIDE_1.16.1\STM32CubeIDE\plugins\com.st.stm32cube.common.mx_6.15.0.202507011659\\db\/plugins/mcufinder/images/
2025-07-13 16:20:35,767 [WARN] DbFile:41 - Overriding database path with different value: C:\Users\Snoozer\.stmcufinder\plugins\mcufinder/ => C:\Users\Snoozer\.stmcufinder\plugins\mcufinder
2025-07-13 16:20:35,767 [INFO] ApiDb:250 - Set database path to: C:\Users\Snoozer\.stmcufinder\plugins\mcufinder//mcu/
2025-07-13 16:20:35,767 [WARN] DbFile:41 - Overriding database path with different value: C:\Users\Snoozer\.stmcufinder\plugins\mcufinder/ => C:\Users\Snoozer\.stmcufinder\plugins\mcufinder
2025-07-13 16:20:35,767 [INFO] DbMcusAds:125 - Set database path to: C:\Users\Snoozer\.stmcufinder\plugins\mcufinder//mcu/
2025-07-13 16:20:35,767 [WARN] DbFile:41 - Overriding database path with different value: C:\Users\Snoozer\.stmcufinder\plugins\mcufinder/ => C:\Users\Snoozer\.stmcufinder\plugins\mcufinder
2025-07-13 16:20:35,768 [WARN] DbFile:41 - Overriding database path with different value: C:\Users\Snoozer\.stmcufinder\plugins\mcufinder/ => C:\Users\Snoozer\.stmcufinder\plugins\mcufinder
2025-07-13 16:20:35,768 [INFO] CrossReferenceDbSqlite:203 - Set database path to: C:\Users\Snoozer\.stmcufinder\plugins\mcufinder//mcu/cs/
2025-07-13 16:20:35,824 [INFO] MainPanel:274 - HeapMemory: 268435456
2025-07-13 16:20:35,887 [INFO] DbMcusXml:78 - Set database path to: E:\STM32CubeIDE_1.16.1\STM32CubeIDE\plugins\com.st.stm32cube.common.mx_6.15.0.202507011659\\db\/mcu/
2025-07-13 16:20:35,887 [INFO] ApiDb:274 - Set plugin database path to: E:\STM32CubeIDE_1.16.1\STM32CubeIDE\plugins\com.st.stm32cube.common.mx_6.15.0.202507011659\\db\/plugins/boardmanager/
2025-07-13 16:20:35,887 [INFO] ApiDb:261 - Set plugin images path to: E:\STM32CubeIDE_1.16.1\STM32CubeIDE\plugins\com.st.stm32cube.common.mx_6.15.0.202507011659\\db\/plugins/mcufinder/images/
2025-07-13 16:20:35,887 [WARN] DbFile:41 - Overriding database path with different value: C:\Users\Snoozer\.stmcufinder\plugins\mcufinder/ => C:\Users\Snoozer\.stmcufinder\plugins\mcufinder
2025-07-13 16:20:35,887 [INFO] ApiDb:250 - Set database path to: C:\Users\Snoozer\.stmcufinder\plugins\mcufinder//mcu/
2025-07-13 16:20:35,887 [WARN] DbFile:41 - Overriding database path with different value: C:\Users\Snoozer\.stmcufinder\plugins\mcufinder/ => C:\Users\Snoozer\.stmcufinder\plugins\mcufinder
2025-07-13 16:20:35,887 [INFO] DbMcusAds:125 - Set database path to: C:\Users\Snoozer\.stmcufinder\plugins\mcufinder//mcu/
2025-07-13 16:20:35,888 [WARN] DbFile:41 - Overriding database path with different value: C:\Users\Snoozer\.stmcufinder\plugins\mcufinder/ => C:\Users\Snoozer\.stmcufinder\plugins\mcufinder
2025-07-13 16:20:35,888 [WARN] DbFile:41 - Overriding database path with different value: C:\Users\Snoozer\.stmcufinder\plugins\mcufinder/ => C:\Users\Snoozer\.stmcufinder\plugins\mcufinder
2025-07-13 16:20:35,888 [INFO] CrossReferenceDbSqlite:203 - Set database path to: C:\Users\Snoozer\.stmcufinder\plugins\mcufinder//mcu/cs/
2025-07-13 16:20:35,902 [INFO] ApplicationProperties:184 - Using Application install path: E:\STM32CubeIDE_1.16.1\STM32CubeIDE\plugins\com.st.stm32cube.common.mx_6.15.0.202507011659
2025-07-13 16:20:35,903 [INFO] PluginManage:196 - Search for loadable plugins [exclusion list=, ]
2025-07-13 16:20:35,904 [INFO] PluginManage:310 - Check plugin analytics
2025-07-13 16:20:36,015 [INFO] AnalyticsPlugin:253 - Accepted Software Licenses: 
2025-07-13 16:20:36,015 [INFO] AnalyticsPlugin:255 - Accepted CMSIS Pack Licenses: 
2025-07-13 16:20:36,015 [INFO] AnalyticsPlugin:257 - Accepted Firmware Licenses: 
2025-07-13 16:20:36,017 [INFO] PluginManage:359 - Loaded plugin analytics (category:tool,tabindex:-1)
2025-07-13 16:20:36,017 [INFO] PluginManage:310 - Check plugin cadmodel
2025-07-13 16:20:36,019 [INFO] CADModel:105 - Init CAD model plugin
2025-07-13 16:20:36,020 [INFO] PluginManage:359 - Loaded plugin cadmodel (category:power,tabindex:5)
2025-07-13 16:20:36,020 [INFO] PluginManage:310 - Check plugin clock
2025-07-13 16:20:36,025 [INFO] PluginManage:359 - Loaded plugin clock (category:base,tabindex:2)
2025-07-13 16:20:36,026 [INFO] PluginManage:310 - Check plugin ddr
2025-07-13 16:20:36,027 [INFO] PluginManage:359 - Loaded plugin ddr (category:tool,tabindex:6)
2025-07-13 16:20:36,027 [INFO] PluginManage:310 - Check plugin filemanager
2025-07-13 16:20:36,117 [INFO] PluginManage:359 - Loaded plugin filemanager (category:base,tabindex:10)
2025-07-13 16:20:36,117 [INFO] PluginManage:310 - Check plugin ipmanager
2025-07-13 16:20:36,121 [INFO] PluginManage:359 - Loaded plugin ipmanager (category:base,tabindex:5)
2025-07-13 16:20:36,121 [INFO] PluginManage:310 - Check plugin lpbam
2025-07-13 16:20:36,127 [INFO] PluginManage:359 - Loaded plugin lpbam (category:base,tabindex:0)
2025-07-13 16:20:36,127 [INFO] PluginManage:310 - Check plugin memorymap
2025-07-13 16:20:36,135 [INFO] PluginManage:359 - Loaded plugin memorymap (category:base,tabindex:4)
2025-07-13 16:20:36,135 [INFO] PluginManage:310 - Check plugin pinoutandconfiguration
2025-07-13 16:20:36,140 [INFO] PluginManage:359 - Loaded plugin pinoutandconfiguration (category:base,tabindex:1)
2025-07-13 16:20:36,140 [INFO] PluginManage:310 - Check plugin pinoutconfig
2025-07-13 16:20:36,197 [WARN] SupportedApi:132 - Cannot load RTOS API schema: s4s-elt-must-match.1: The content of 'definitions' must match (annotation?, (simpleType | complexType)?, (unique | key | keyref)*)). A problem was found starting at: attribute.
2025-07-13 16:20:36,279 [INFO] PluginManage:359 - Loaded plugin pinoutconfig (category:base,tabindex:0)
2025-07-13 16:20:36,279 [INFO] PluginManage:310 - Check plugin power
2025-07-13 16:20:36,284 [INFO] PluginManage:359 - Loaded plugin power (category:power,tabindex:4)
2025-07-13 16:20:36,284 [INFO] PluginManage:310 - Check plugin projectmanager
2025-07-13 16:20:36,294 [INFO] PluginManage:359 - Loaded plugin projectmanager (category:projectmanager,tabindex:4)
2025-07-13 16:20:36,294 [INFO] PluginManage:310 - Check plugin rif
2025-07-13 16:20:36,300 [INFO] PluginManage:359 - Loaded plugin rif (category:base,tabindex:3)
2025-07-13 16:20:36,300 [INFO] PluginManage:310 - Check plugin thirdparty
2025-07-13 16:20:36,385 [INFO] PluginManage:359 - Loaded plugin thirdparty (category:base,tabindex:-1)
2025-07-13 16:20:36,385 [INFO] PluginManage:310 - Check plugin tools
2025-07-13 16:20:36,387 [INFO] PluginManage:359 - Loaded plugin tools (category:base,tabindex:7)
2025-07-13 16:20:36,387 [INFO] PluginManage:310 - Check plugin tutovideos
2025-07-13 16:20:36,388 [WARN] IntegrityCheckThread:84 - waiting for thirdparty lock release [integrity check]
2025-07-13 16:20:36,388 [INFO] IntegrityCheckThread:86 - entering critical section [integrity check]
2025-07-13 16:20:36,390 [INFO] ThirdPartyUpdaterWithRetryManager:70 - Updater plugin not ready yet. [1/15]
2025-07-13 16:20:36,519 [INFO] PluginManage:359 - Loaded plugin tutovideos (category:base,tabindex:-1)
2025-07-13 16:20:36,520 [INFO] PluginManage:310 - Check plugin updater
2025-07-13 16:20:36,532 [INFO] PluginManage:359 - Loaded plugin updater (category:base,tabindex:12)
2025-07-13 16:20:36,532 [INFO] PluginManage:310 - Check plugin userauth
2025-07-13 16:20:36,535 [INFO] UserAuth:118 - Init User Auth plugin
2025-07-13 16:20:36,535 [INFO] PluginManage:359 - Loaded plugin userauth (category:base,tabindex:14)
2025-07-13 16:20:36,536 [INFO] PluginManage:283 - PluginManage : Loaded plugins [18]
2025-07-13 16:20:36,670 [INFO] PinOutPanel:1589 - setPackage(No Configuration,No Configuration)
2025-07-13 16:20:36,728 [INFO] CADModel:165 - CPN selected for project level
2025-07-13 16:20:36,728 [INFO] CADModel:114 - Register for checkConnection events
2025-07-13 16:20:36,739 [INFO] IPUIPlugin:80 - create IPUIPlugin
2025-07-13 16:20:36,739 [INFO] PluginManager:220 - loadIPPluginJar : add adc
2025-07-13 16:20:36,741 [INFO] IPUIPlugin:80 - create IPUIPlugin
2025-07-13 16:20:36,741 [INFO] PluginManager:220 - loadIPPluginJar : add aes
2025-07-13 16:20:36,743 [INFO] IPUIPlugin:80 - create IPUIPlugin
2025-07-13 16:20:36,743 [INFO] PluginManager:220 - loadIPPluginJar : add can
2025-07-13 16:20:36,744 [INFO] IPUIPlugin:80 - create IPUIPlugin
2025-07-13 16:20:36,744 [INFO] PluginManager:220 - loadIPPluginJar : add comp
2025-07-13 16:20:36,746 [INFO] IPUIPlugin:80 - create IPUIPlugin
2025-07-13 16:20:36,746 [INFO] PluginManager:220 - loadIPPluginJar : add cryp
2025-07-13 16:20:36,747 [INFO] IPUIPlugin:80 - create IPUIPlugin
2025-07-13 16:20:36,748 [INFO] PluginManager:220 - loadIPPluginJar : add ddr_ctrl_phy
2025-07-13 16:20:36,749 [INFO] IPUIPlugin:80 - create IPUIPlugin
2025-07-13 16:20:36,749 [INFO] PluginManager:220 - loadIPPluginJar : add dfsdm
2025-07-13 16:20:36,753 [INFO] IPUIPlugin:80 - create IPUIPlugin
2025-07-13 16:20:36,753 [INFO] PluginManager:220 - loadIPPluginJar : add dma
2025-07-13 16:20:36,755 [INFO] IPUIPlugin:80 - create IPUIPlugin
2025-07-13 16:20:36,755 [INFO] PluginManager:220 - loadIPPluginJar : add dma3
2025-07-13 16:20:36,756 [INFO] IPUIPlugin:80 - create IPUIPlugin
2025-07-13 16:20:36,757 [INFO] PluginManager:220 - loadIPPluginJar : add extmemmanager
2025-07-13 16:20:36,758 [INFO] IPUIPlugin:80 - create IPUIPlugin
2025-07-13 16:20:36,758 [INFO] PluginManager:220 - loadIPPluginJar : add fatfs
2025-07-13 16:20:36,761 [INFO] IPUIPlugin:80 - create IPUIPlugin
2025-07-13 16:20:36,761 [INFO] PluginManager:220 - loadIPPluginJar : add fmc
2025-07-13 16:20:36,764 [INFO] IPUIPlugin:80 - create IPUIPlugin
2025-07-13 16:20:36,765 [INFO] PluginManager:220 - loadIPPluginJar : add freertos
2025-07-13 16:20:36,766 [INFO] IPUIPlugin:80 - create IPUIPlugin
2025-07-13 16:20:36,766 [INFO] PluginManager:220 - loadIPPluginJar : add genericplugin
2025-07-13 16:20:36,767 [INFO] IPUIPlugin:80 - create IPUIPlugin
2025-07-13 16:20:36,767 [INFO] PluginManager:220 - loadIPPluginJar : add gfxmmu
2025-07-13 16:20:36,770 [INFO] IPUIPlugin:80 - create IPUIPlugin
2025-07-13 16:20:36,770 [INFO] PluginManager:220 - loadIPPluginJar : add gic
2025-07-13 16:20:36,773 [INFO] IPUIPlugin:80 - create IPUIPlugin
2025-07-13 16:20:36,773 [INFO] PluginManager:220 - loadIPPluginJar : add gpio
2025-07-13 16:20:36,775 [INFO] IPUIPlugin:80 - create IPUIPlugin
2025-07-13 16:20:36,775 [INFO] PluginManager:220 - loadIPPluginJar : add gtzc
2025-07-13 16:20:36,776 [INFO] IPUIPlugin:80 - create IPUIPlugin
2025-07-13 16:20:36,776 [INFO] PluginManager:220 - loadIPPluginJar : add hash
2025-07-13 16:20:36,778 [INFO] IPUIPlugin:80 - create IPUIPlugin
2025-07-13 16:20:36,778 [INFO] PluginManager:220 - loadIPPluginJar : add i2c
2025-07-13 16:20:36,779 [INFO] IPUIPlugin:80 - create IPUIPlugin
2025-07-13 16:20:36,779 [INFO] PluginManager:220 - loadIPPluginJar : add i2s
2025-07-13 16:20:36,781 [INFO] IPUIPlugin:80 - create IPUIPlugin
2025-07-13 16:20:36,781 [INFO] PluginManager:220 - loadIPPluginJar : add i3c
2025-07-13 16:20:36,782 [INFO] IPUIPlugin:80 - create IPUIPlugin
2025-07-13 16:20:36,783 [INFO] PluginManager:220 - loadIPPluginJar : add ipddr
2025-07-13 16:20:36,787 [INFO] IPUIPlugin:80 - create IPUIPlugin
2025-07-13 16:20:36,787 [INFO] PluginManager:220 - loadIPPluginJar : add linkedlist
2025-07-13 16:20:36,789 [INFO] IPUIPlugin:80 - create IPUIPlugin
2025-07-13 16:20:36,789 [INFO] PluginManager:220 - loadIPPluginJar : add lorawan
2025-07-13 16:20:36,789 [INFO] IPUIPlugin:80 - create IPUIPlugin
2025-07-13 16:20:36,789 [INFO] PluginManager:220 - loadIPPluginJar : add ltdc
2025-07-13 16:20:36,793 [INFO] IPUIPlugin:80 - create IPUIPlugin
2025-07-13 16:20:36,793 [INFO] PluginManager:220 - loadIPPluginJar : add mdma
2025-07-13 16:20:36,795 [INFO] IPUIPlugin:80 - create IPUIPlugin
2025-07-13 16:20:36,795 [INFO] PluginManager:220 - loadIPPluginJar : add nvic
2025-07-13 16:20:36,797 [INFO] IPUIPlugin:80 - create IPUIPlugin
2025-07-13 16:20:36,797 [INFO] PluginManager:220 - loadIPPluginJar : add opamp
2025-07-13 16:20:36,799 [INFO] IPUIPlugin:80 - create IPUIPlugin
2025-07-13 16:20:36,799 [INFO] PluginManager:220 - loadIPPluginJar : add openamp
2025-07-13 16:20:36,800 [INFO] IPUIPlugin:80 - create IPUIPlugin
2025-07-13 16:20:36,800 [INFO] PluginManager:220 - loadIPPluginJar : add pdm2pcm
2025-07-13 16:20:36,804 [INFO] IPUIPlugin:80 - create IPUIPlugin
2025-07-13 16:20:36,805 [INFO] PluginManager:220 - loadIPPluginJar : add plateformsettings
2025-07-13 16:20:36,806 [INFO] IPUIPlugin:80 - create IPUIPlugin
2025-07-13 16:20:36,806 [INFO] PluginManager:220 - loadIPPluginJar : add quadspi
2025-07-13 16:20:36,808 [INFO] IPUIPlugin:80 - create IPUIPlugin
2025-07-13 16:20:36,808 [INFO] PluginManager:220 - loadIPPluginJar : add radio
2025-07-13 16:20:36,810 [INFO] IPUIPlugin:80 - create IPUIPlugin
2025-07-13 16:20:36,810 [INFO] PluginManager:220 - loadIPPluginJar : add resmgrutility
2025-07-13 16:20:36,812 [INFO] IPUIPlugin:80 - create IPUIPlugin
2025-07-13 16:20:36,812 [INFO] PluginManager:220 - loadIPPluginJar : add sai
2025-07-13 16:20:36,813 [INFO] IPUIPlugin:80 - create IPUIPlugin
2025-07-13 16:20:36,813 [INFO] PluginManager:220 - loadIPPluginJar : add spi
2025-07-13 16:20:36,817 [INFO] IPUIPlugin:80 - create IPUIPlugin
2025-07-13 16:20:36,817 [INFO] PluginManager:220 - loadIPPluginJar : add stm32_wpan
2025-07-13 16:20:36,818 [INFO] IPUIPlugin:80 - create IPUIPlugin
2025-07-13 16:20:36,818 [INFO] PluginManager:220 - loadIPPluginJar : add tim
2025-07-13 16:20:36,820 [INFO] IPUIPlugin:80 - create IPUIPlugin
2025-07-13 16:20:36,820 [INFO] PluginManager:220 - loadIPPluginJar : add touchsensing
2025-07-13 16:20:36,821 [INFO] IPUIPlugin:80 - create IPUIPlugin
2025-07-13 16:20:36,821 [INFO] PluginManager:220 - loadIPPluginJar : add tracer_emb
2025-07-13 16:20:36,822 [INFO] IPUIPlugin:80 - create IPUIPlugin
2025-07-13 16:20:36,822 [INFO] PluginManager:220 - loadIPPluginJar : add ts
2025-07-13 16:20:36,823 [INFO] IPUIPlugin:80 - create IPUIPlugin
2025-07-13 16:20:36,824 [INFO] PluginManager:220 - loadIPPluginJar : add tsc
2025-07-13 16:20:36,825 [INFO] IPUIPlugin:80 - create IPUIPlugin
2025-07-13 16:20:36,825 [INFO] PluginManager:220 - loadIPPluginJar : add ucpd
2025-07-13 16:20:36,827 [INFO] IPUIPlugin:80 - create IPUIPlugin
2025-07-13 16:20:36,827 [INFO] PluginManager:220 - loadIPPluginJar : add usart
2025-07-13 16:20:36,828 [INFO] IPUIPlugin:80 - create IPUIPlugin
2025-07-13 16:20:36,828 [INFO] PluginManager:220 - loadIPPluginJar : add usbx
2025-07-13 16:20:36,934 [FATAL] Updater:351 - Updater called before beeing initialized
2025-07-13 16:20:36,950 [INFO] RulesReader:64 - Compatibility file has been processed (317 Rules)
2025-07-13 16:20:36,964 [INFO] RulesReader:64 - Compatibility file has been processed (317 Rules)
2025-07-13 16:20:36,968 [INFO] CADModel:165 - CPN selected for project level
2025-07-13 16:20:36,968 [INFO] CADModel:114 - Register for checkConnection events
2025-07-13 16:20:36,969 [FATAL] Updater:351 - Updater called before beeing initialized
2025-07-13 16:20:36,969 [ERROR] CADModel:125 - Updater not yet initialized, retry later 
2025-07-13 16:20:37,053 [FATAL] Updater:351 - Updater called before beeing initialized
2025-07-13 16:20:37,054 [INFO] CADModel:165 - CPN selected for project level
2025-07-13 16:20:37,054 [INFO] CADModel:114 - Register for checkConnection events
2025-07-13 16:20:37,054 [FATAL] Updater:351 - Updater called before beeing initialized
2025-07-13 16:20:37,054 [ERROR] CADModel:125 - Updater not yet initialized, retry later 
2025-07-13 16:20:37,056 [FATAL] Updater:351 - Updater called before beeing initialized
2025-07-13 16:20:37,137 [FATAL] Updater:351 - Updater called before beeing initialized
2025-07-13 16:20:37,140 [INFO] DbMcusAds:53 - JSON generation date=Tue Jul 08 03:14:23 CDT 2025 (1751962463582)
2025-07-13 16:20:37,140 [FATAL] Updater:351 - Updater called before beeing initialized
2025-07-13 16:20:37,163 [WARN] DetailPanel:346 - Failed to get advertising image, set to default
2025-07-13 16:20:37,221 [FATAL] Updater:351 - Updater called before beeing initialized
2025-07-13 16:20:37,222 [FATAL] Updater:351 - Updater called before beeing initialized
2025-07-13 16:20:37,222 [FATAL] Updater:351 - Updater called before beeing initialized
2025-07-13 16:20:37,222 [WARN] DetailPanel:346 - Failed to get advertising image, set to default
2025-07-13 16:20:37,223 [FATAL] Updater:351 - Updater called before beeing initialized
2025-07-13 16:20:37,251 [ERROR] Updater:1198 - MainUpdater not yet initialized. External WinMGr cannot be set.
2025-07-13 16:20:37,252 [INFO] Updater:1134 - Updater Version found : 6.15.0
2025-07-13 16:20:37,264 [INFO] ApplicationProperties:184 - Using Application install path: E:\STM32CubeIDE_1.16.1\STM32CubeIDE\plugins\com.st.stm32cube.common.mx_6.15.0.202507011659
2025-07-13 16:20:38,830 [ERROR] LogOutputStream:75 - [STDERR_REDIRECT] Jul 13, 2025 4:20:38 PM java.util.prefs.WindowsPreferences <init>
2025-07-13 16:20:38,831 [ERROR] LogOutputStream:75 - [STDERR_REDIRECT] WARNING: Could not open/create prefs root node Software\JavaSoft\Prefs at root 0xffffffff80000002. Windows RegCreateKeyEx(...) returned error code 5.
2025-07-13 16:20:38,831 [ERROR] LogOutputStream:75 - [STDERR_REDIRECT] 
2025-07-13 16:20:39,146 [INFO] MainUpdater:2872 - connection check result : 10
2025-07-13 16:20:39,147 [INFO] MainUpdater:289 - Updater Check For Update Now.
2025-07-13 16:20:39,147 [INFO] MicroXplorer:498 - Change Database Version : DB.6.0.150
2025-07-13 16:20:39,150 [INFO] McuFinderGlobals:63 - Set McuFinder mode to 2 (CubeIDE integrated)
2025-07-13 16:20:39,151 [INFO] UserAuth:487 - Internet connection configuration mode: 1
2025-07-13 16:20:39,162 [INFO] JxBrowserEngine:152 - Initiate JxBrowser Engine with user profile folder
2025-07-13 16:20:39,301 [INFO] CheckServerUpdateThread:120 - End of CheckServer Thread
2025-07-13 16:20:39,561 [INFO] WebApp:169 - Instantiating new browser for Auth
2025-07-13 16:20:39,563 [WARN] PackLoader:240 - Cannot read IP mode file for STMicroelectronics.FP-SNS-MOTENVWB1.1.4.0
2025-07-13 16:20:39,569 [WARN] PackLoader:240 - Cannot read IP mode file for STMicroelectronics.FP-ATR-ASTRA1.2.0.2
2025-07-13 16:20:39,576 [WARN] PackLoader:240 - Cannot read IP mode file for STMicroelectronics.X-CUBE-SMBUS.2.1.0
2025-07-13 16:20:39,580 [WARN] PackLoader:240 - Cannot read IP mode file for STMicroelectronics.X-CUBE-ST60.1.0.0
2025-07-13 16:20:39,622 [WARN] PackLoader:240 - Cannot read IP mode file for STMicroelectronics.X-CUBE-AZRTOS-F7.1.1.0
2025-07-13 16:20:39,676 [WARN] PackLoader:240 - Cannot read IP mode file for STMicroelectronics.X-CUBE-MEMS1.11.0.0
2025-07-13 16:20:39,808 [WARN] PackLoader:240 - Cannot read IP mode file for STMicroelectronics.FP-SNS-FLIGHT1.5.0.2
2025-07-13 16:20:39,822 [WARN] PackLoader:240 - Cannot read IP mode file for STMicroelectronics.X-CUBE-AZRTOS-H7.3.4.0
2025-07-13 16:20:39,828 [WARN] PackLoader:240 - Cannot read IP mode file for STMicroelectronics.X-CUBE-DISPLAY.3.0.0
2025-07-13 16:20:39,834 [WARN] PackLoader:240 - Cannot read IP mode file for STMicroelectronics.X-CUBE-BLE1.7.0.0
2025-07-13 16:20:39,838 [WARN] PackLoader:240 - Cannot read IP mode file for STMicroelectronics.X-CUBE-NFC10.1.0.0
2025-07-13 16:20:39,845 [WARN] PackLoader:240 - Cannot read IP mode file for STMicroelectronics.X-CUBE-BLEMGR.4.0.0
2025-07-13 16:20:39,851 [WARN] PackLoader:240 - Cannot read IP mode file for emotas.I-CUBE-CANOPEN.1.3.0
2025-07-13 16:20:39,854 [WARN] ConditionMgr:438 - getConditionDescription Invalid condition id : Cortex-A Device cause : null
2025-07-13 16:20:39,863 [WARN] ConditionMgr:1044 - genDependencies : Invalid condition id : Cortex-A Device cause : null
2025-07-13 16:20:39,863 [WARN] ConditionMgr:1044 - genDependencies : Invalid condition id : Cortex-A Device cause : null
2025-07-13 16:20:39,863 [WARN] ConditionMgr:1044 - genDependencies : Invalid condition id : Cortex-A Device cause : null
2025-07-13 16:20:39,867 [WARN] PackLoader:240 - Cannot read IP mode file for STMicroelectronics.X-CUBE-BLEMGR.3.1.0
2025-07-13 16:20:39,871 [WARN] PackLoader:240 - Cannot read IP mode file for STMicroelectronics.X-CUBE-AI.10.0.0
2025-07-13 16:20:39,874 [WARN] PackLoader:240 - Cannot read IP mode file for STMicroelectronics.FP-SNS-SMARTAG2.1.2.0
2025-07-13 16:20:39,877 [WARN] PackLoader:240 - Cannot read IP mode file for STMicroelectronics.FP-SNS-FLIGHT1.5.1.0
2025-07-13 16:20:39,883 [INFO] LogOutputStream:77 - [STDOUT_REDIRECT] 1 : Invalid condition id : UX_CORESTACK_Condition cause : null
2025-07-13 16:20:39,883 [INFO] LogOutputStream:77 - [STDOUT_REDIRECT] 1 : Invalid condition id : UX_CORESTACK_Condition cause : null
2025-07-13 16:20:39,884 [INFO] LogOutputStream:77 - [STDOUT_REDIRECT] 1 : Invalid condition id : UX_CORESTACK_Condition cause : null
2025-07-13 16:20:39,885 [INFO] LogOutputStream:77 - [STDOUT_REDIRECT] 1 : Invalid condition id : UX_CORESTACK_Condition cause : null
2025-07-13 16:20:39,885 [INFO] LogOutputStream:77 - [STDOUT_REDIRECT] 1 : Invalid condition id : UX_CORESTACK_Condition cause : null
2025-07-13 16:20:39,887 [WARN] PackLoader:240 - Cannot read IP mode file for STMicroelectronics.X-CUBE-AZRTOS-WL.2.0.0
2025-07-13 16:20:39,891 [WARN] PackLoader:240 - Cannot read IP mode file for STMicroelectronics.FP-SNS-MOTENV1.5.0.0
2025-07-13 16:20:39,895 [WARN] PackLoader:240 - Cannot read IP mode file for wolfSSL.I-CUBE-wolfMQTT.1.19.0
2025-07-13 16:20:39,900 [WARN] PackLoader:240 - Cannot read IP mode file for WES.I-CUBE-Cesium.1.3.0
2025-07-13 16:20:39,904 [WARN] PackLoader:240 - Cannot read IP mode file for STMicroelectronics.X-CUBE-BLE2.3.3.0
2025-07-13 16:20:39,908 [WARN] PackLoader:240 - Cannot read IP mode file for STMicroelectronics.X-CUBE-NFC9.1.0.0
2025-07-13 16:20:39,911 [WARN] PackLoader:240 - Cannot read IP mode file for STMicroelectronics.X-CUBE-BLE1.7.1.0
2025-07-13 16:20:39,915 [WARN] PackLoader:240 - Cannot read IP mode file for STMicroelectronics.X-CUBE-TCPP.4.1.0
2025-07-13 16:20:39,918 [WARN] PackLoader:240 - Cannot read IP mode file for STMicroelectronics.X-CUBE-AI.10.1.0
2025-07-13 16:20:39,982 [WARN] PackLoader:240 - Cannot read IP mode file for STMicroelectronics.X-CUBE-MEMS1.11.2.0
2025-07-13 16:20:40,100 [WARN] PackLoader:240 - Cannot read IP mode file for STMicroelectronics.X-CUBE-AZRTOS-G0.1.1.0
2025-07-13 16:20:40,106 [WARN] PackLoader:240 - Cannot read IP mode file for STMicroelectronics.X-CUBE-SAFEA1.1.2.2
2025-07-13 16:20:40,110 [WARN] PackLoader:240 - Cannot read IP mode file for STMicroelectronics.X-CUBE-NFC4.3.0.0
2025-07-13 16:20:40,116 [WARN] PackLoader:240 - Cannot read IP mode file for EmbeddedOffice.I-CUBE-FS-RTOS.1.0.1
2025-07-13 16:20:40,121 [WARN] PackLoader:240 - Cannot read IP mode file for STMicroelectronics.X-CUBE-WB05N.2.0.0
2025-07-13 16:20:40,125 [WARN] PackLoader:240 - Cannot read IP mode file for STMicroelectronics.X-CUBE-TCPP.4.2.0
2025-07-13 16:20:40,129 [WARN] PackLoader:240 - Cannot read IP mode file for RealThread.X-CUBE-RT-Thread_Nano.4.1.1
2025-07-13 16:20:40,137 [WARN] PackLoader:240 - Cannot read IP mode file for STMicroelectronics.FP-ATR-SIGFOX1.3.2.0
2025-07-13 16:20:40,141 [WARN] PackLoader:240 - Cannot read IP mode file for wolfSSL.I-CUBE-wolfSSL.5.7.2
2025-07-13 16:20:40,146 [WARN] PackLoader:240 - Cannot read IP mode file for STMicroelectronics.X-CUBE-EEPRMA1.5.1.0
2025-07-13 16:20:40,150 [WARN] PackLoader:240 - Cannot read IP mode file for ITTIA_DB.I-CUBE-ITTIADB.8.9.0
2025-07-13 16:20:40,154 [WARN] PackLoader:240 - Cannot read IP mode file for STMicroelectronics.X-CUBE-ST67W61.1.0.0
2025-07-13 16:20:40,182 [WARN] PackLoader:240 - Cannot read IP mode file for SEGGER.I-CUBE-embOS.1.3.1
2025-07-13 16:20:40,205 [WARN] PackLoader:240 - Cannot read IP mode file for STMicroelectronics.X-CUBE-ALGOBUILD.1.4.0
2025-07-13 16:20:40,233 [WARN] PackLoader:240 - Cannot read IP mode file for STMicroelectronics.X-CUBE-MEMS1.11.3.0
2025-07-13 16:20:40,280 [INFO] WebApp:463 - Apply proxy settings
2025-07-13 16:20:40,280 [INFO] WebApp:548 - Chromium requires no authentication
2025-07-13 16:20:40,286 [INFO] WebApp:491 - Direct internet connection detected
2025-07-13 16:20:40,308 [WARN] PackLoader:240 - Cannot read IP mode file for STMicroelectronics.X-CUBE-AI.9.1.0
2025-07-13 16:20:40,313 [WARN] PackLoader:240 - Cannot read IP mode file for STMicroelectronics.X-CUBE-PM33A1.1.0.0
2025-07-13 16:20:40,326 [WARN] PackLoader:240 - Cannot read IP mode file for STMicroelectronics.X-CUBE-AZRTOS-F4.1.1.0
2025-07-13 16:20:40,327 [INFO] WebApp:900 - Register for checkConnection events
2025-07-13 16:20:40,327 [INFO] WebApp:463 - Apply proxy settings
2025-07-13 16:20:40,327 [INFO] WebApp:548 - Chromium requires no authentication
2025-07-13 16:20:40,328 [INFO] WebApp:491 - Direct internet connection detected
2025-07-13 16:20:40,351 [WARN] PackLoader:240 - Cannot read IP mode file for Avnet-IotConnect.X-CUBE-IoTC-DA16k-PMOD.1.0.0
2025-07-13 16:20:40,354 [WARN] PackLoader:240 - Cannot read IP mode file for STMicroelectronics.X-CUBE-ISPU.2.1.0
2025-07-13 16:20:40,362 [WARN] PackLoader:240 - Cannot read IP mode file for STMicroelectronics.X-CUBE-FREERTOS.1.2.0
2025-07-13 16:20:40,373 [WARN] PackLoader:240 - Cannot read IP mode file for STMicroelectronics.X-CUBE-AZRTOS-L5.2.0.0
2025-07-13 16:20:40,382 [WARN] PackLoader:240 - Cannot read IP mode file for STMicroelectronics.X-CUBE-NFC6.3.1.0
2025-07-13 16:20:40,387 [WARN] PackLoader:240 - Cannot read IP mode file for STMicroelectronics.X-CUBE-DPower.1.2.0
2025-07-13 16:20:40,390 [WARN] PackLoader:240 - Cannot read IP mode file for STMicroelectronics.X-CUBE-FREERTOS.1.3.1
2025-07-13 16:20:40,393 [WARN] PackLoader:240 - Cannot read IP mode file for STMicroelectronics.X-CUBE-NFC7.1.0.1
2025-07-13 16:20:40,396 [WARN] PackLoader:240 - Cannot read IP mode file for STMicroelectronics.FP-SNS-STAIOTCFT.1.0.0
2025-07-13 16:20:40,399 [WARN] PackLoader:240 - Cannot read IP mode file for STMicroelectronics.X-CUBE-DPower.1.3.0
2025-07-13 16:20:40,408 [WARN] ConditionMgr:438 - getConditionDescription Invalid condition id : LAN8742 Phy interface Condition cause : null
2025-07-13 16:20:40,409 [WARN] PackLoader:240 - Cannot read IP mode file for STMicroelectronics.X-CUBE-AZRTOS-L4.2.0.0
2025-07-13 16:20:40,409 [WARN] ConditionMgr:1044 - genDependencies : Invalid condition id : LAN8742 Phy interface Condition cause : null
2025-07-13 16:20:40,409 [WARN] ConditionMgr:1044 - genDependencies : Invalid condition id : LAN8742 Phy interface Condition cause : null
2025-07-13 16:20:40,410 [WARN] ConditionMgr:1044 - genDependencies : Invalid condition id : LAN8742 Phy interface Condition cause : null
2025-07-13 16:20:40,414 [WARN] PackLoader:240 - Cannot read IP mode file for STMicroelectronics.X-CUBE-SFXS2LP1.4.0.0
2025-07-13 16:20:40,424 [WARN] PackLoader:240 - Cannot read IP mode file for STMicroelectronics.X-CUBE-AZRTOS-H7.3.3.0
2025-07-13 16:20:40,431 [WARN] ConditionMgr:438 - getConditionDescription Invalid condition id : UX DEVICE CLASS RTOS Condition cause : null
2025-07-13 16:20:40,431 [WARN] ConditionMgr:438 - getConditionDescription Invalid condition id : UX DEVICE CLASS RTOS Condition cause : null
2025-07-13 16:20:40,432 [WARN] PackLoader:240 - Cannot read IP mode file for STMicroelectronics.X-CUBE-AZRTOS-WB.2.0.0
2025-07-13 16:20:40,433 [WARN] ConditionMgr:1044 - genDependencies : Invalid condition id : UX DEVICE CLASS RTOS Condition cause : null
2025-07-13 16:20:40,433 [WARN] ConditionMgr:1044 - genDependencies : Invalid condition id : UX DEVICE CLASS RTOS Condition cause : null
2025-07-13 16:20:40,433 [WARN] ConditionMgr:1044 - genDependencies : Invalid condition id : UX DEVICE CLASS RTOS Condition cause : null
2025-07-13 16:20:40,433 [WARN] ConditionMgr:1044 - genDependencies : Invalid condition id : UX DEVICE CLASS RTOS Condition cause : null
2025-07-13 16:20:40,433 [WARN] ConditionMgr:1044 - genDependencies : Invalid condition id : UX DEVICE CLASS RTOS Condition cause : null
2025-07-13 16:20:40,437 [WARN] PackLoader:240 - Cannot read IP mode file for STMicroelectronics.X-CUBE-GNSS1.7.0.0
2025-07-13 16:20:40,440 [WARN] PackLoader:240 - Cannot read IP mode file for STMicroelectronics.X-CUBE-GNSS1.7.0.1
2025-07-13 16:20:40,444 [WARN] PackLoader:240 - Cannot read IP mode file for STMicroelectronics.X-CUBE-TOUCHGFX.4.25.0
2025-07-13 16:20:40,447 [WARN] PackLoader:240 - Cannot read IP mode file for STMicroelectronics.FP-SNS-STBOX1.2.0.0
2025-07-13 16:20:40,453 [WARN] PackLoader:240 - Cannot read IP mode file for STMicroelectronics.X-CUBE-SUBG2.5.0.0
2025-07-13 16:20:40,477 [WARN] PackLoader:240 - Cannot read IP mode file for STMicroelectronics.X-CUBE-AZRTOS-H7RS.1.1.0
2025-07-13 16:20:40,481 [WARN] PackLoader:240 - Cannot read IP mode file for Cesanta.I-CUBE-Mongoose.7.13.0
2025-07-13 16:20:40,488 [WARN] PackLoader:240 - Cannot read IP mode file for STMicroelectronics.X-CUBE-AZRTOS-G4.2.0.0
2025-07-13 16:20:40,492 [INFO] WebApp:225 - Starting web application
2025-07-13 16:20:40,492 [WARN] PackLoader:240 - Cannot read IP mode file for STMicroelectronics.X-CUBE-NFC7.2.0.0
2025-07-13 16:20:40,492 [INFO] WebApp:593 - Web application path used E:\STM32CubeIDE_1.16.1\STM32CubeIDE\plugins\com.st.stm32cube.common.mx_6.15.0.202507011659\db\plugins\mcufinder\reactClient1\index.html
2025-07-13 16:20:40,500 [WARN] PackLoader:240 - Cannot read IP mode file for STMicroelectronics.X-CUBE-IPS.3.1.0
2025-07-13 16:20:40,505 [INFO] WebApp:191 - Connection restablished
2025-07-13 16:20:40,506 [WARN] PackLoader:240 - Cannot read IP mode file for STMicroelectronics.X-CUBE-ALS.1.0.2
2025-07-13 16:20:40,509 [WARN] PackLoader:240 - Cannot read IP mode file for STMicroelectronics.X-CUBE-TOUCHGFX.4.24.1
2025-07-13 16:20:40,511 [WARN] PackLoader:240 - Cannot read IP mode file for wolfSSL.I-CUBE-wolfTPM.3.4.0
2025-07-13 16:20:40,514 [WARN] PackLoader:240 - Cannot read IP mode file for portGmbH.I-Cube-SoM-uGOAL.1.1.0
2025-07-13 16:20:40,523 [WARN] PackLoader:240 - Cannot read IP mode file for STMicroelectronics.X-CUBE-AZRTOS-H7RS.1.0.0
2025-07-13 16:20:40,527 [WARN] PackLoader:240 - Cannot read IP mode file for STMicroelectronics.FP-ATR-ASTRA1.2.0.0
2025-07-13 16:20:40,533 [WARN] PackLoader:240 - Cannot read IP mode file for STMicroelectronics.X-CUBE-TOF1.3.4.2
2025-07-13 16:20:40,543 [WARN] PackLoader:240 - Cannot read IP mode file for STMicroelectronics.X-CUBE-TOF1.3.4.3
2025-07-13 16:20:40,558 [WARN] PackLoader:240 - Cannot read IP mode file for Infineon.AIROC-Wi-Fi-Bluetooth-STM32.1.6.1
2025-07-13 16:20:40,562 [WARN] PackLoader:240 - Cannot read IP mode file for wolfSSL.I-CUBE-wolfSSH.1.4.17
2025-07-13 16:20:40,562 [INFO] ThirdParty:978 - Integrity check success = true
2025-07-13 16:20:40,562 [INFO] IntegrityCheckThread:100 - exiting critical section [integrity check]
2025-07-13 16:20:40,562 [INFO] IntegrityCheckThread:103 - End integrity checks thread
2025-07-13 16:20:40,596 [INFO] UserAuth:487 - Internet connection configuration mode: 1
2025-07-13 17:33:20,731 [ERROR] LogOutputStream:75 - [STDERR_REDIRECT] 
2025-07-13 17:33:20,731 [ERROR] LogOutputStream:75 - [STDERR_REDIRECT] 
2025-07-13 19:18:41,791 [INFO] Activator:176 - 


2025-07-13 19:18:41,800 [INFO] Activator:177 - !SESSION log4j initialized
2025-07-13 19:18:49,482 [INFO] LogOutputStream:77 - [STDOUT_REDIRECT] 
2025-07-13 19:18:52,727 [INFO] ApplicationProperties:184 - Using Application install path: E:\STM32CubeIDE_1.16.1\STM32CubeIDE\plugins\com.st.stm32cube.common.mx_6.15.0.202507011659
2025-07-13 19:18:52,831 [INFO] DbMcusXml:78 - Set database path to: E:\STM32CubeIDE_1.16.1\STM32CubeIDE\plugins\com.st.stm32cube.common.mx_6.15.0.202507011659\\db\/mcu/
2025-07-13 19:18:52,832 [INFO] ApiDb:274 - Set plugin database path to: E:\STM32CubeIDE_1.16.1\STM32CubeIDE\plugins\com.st.stm32cube.common.mx_6.15.0.202507011659\\db\/plugins/boardmanager/
2025-07-13 19:18:52,832 [WARN] ApiDb:259 - Overriding images path with different value:  => E:\STM32CubeIDE_1.16.1\STM32CubeIDE\plugins\com.st.stm32cube.common.mx_6.15.0.202507011659\\db\/plugins/mcufinder/images/
2025-07-13 19:18:52,840 [INFO] ApiDb:250 - Set database path to: C:\Users\Snoozer\.stmcufinder\plugins\mcufinder//mcu/
2025-07-13 19:18:52,841 [INFO] DbMcusAds:125 - Set database path to: C:\Users\Snoozer\.stmcufinder\plugins\mcufinder//mcu/
2025-07-13 19:18:52,844 [INFO] CrossReferenceDbSqlite:203 - Set database path to: C:\Users\Snoozer\.stmcufinder\plugins\mcufinder//mcu/cs/
2025-07-13 19:18:53,092 [INFO] RulesReader:64 - Compatibility file has been processed (317 Rules)
2025-07-13 19:18:53,268 [INFO] DbMcusXml:78 - Set database path to: E:\STM32CubeIDE_1.16.1\STM32CubeIDE\plugins\com.st.stm32cube.common.mx_6.15.0.202507011659\\db\/mcu/
2025-07-13 19:18:53,268 [INFO] ApiDb:274 - Set plugin database path to: E:\STM32CubeIDE_1.16.1\STM32CubeIDE\plugins\com.st.stm32cube.common.mx_6.15.0.202507011659\\db\/plugins/boardmanager/
2025-07-13 19:18:53,268 [INFO] ApiDb:261 - Set plugin images path to: E:\STM32CubeIDE_1.16.1\STM32CubeIDE\plugins\com.st.stm32cube.common.mx_6.15.0.202507011659\\db\/plugins/mcufinder/images/
2025-07-13 19:18:53,268 [WARN] DbFile:41 - Overriding database path with different value: C:\Users\Snoozer\.stmcufinder\plugins\mcufinder/ => C:\Users\Snoozer\.stmcufinder\plugins\mcufinder
2025-07-13 19:18:53,268 [INFO] ApiDb:250 - Set database path to: C:\Users\Snoozer\.stmcufinder\plugins\mcufinder//mcu/
2025-07-13 19:18:53,268 [WARN] DbFile:41 - Overriding database path with different value: C:\Users\Snoozer\.stmcufinder\plugins\mcufinder/ => C:\Users\Snoozer\.stmcufinder\plugins\mcufinder
2025-07-13 19:18:53,268 [INFO] DbMcusAds:125 - Set database path to: C:\Users\Snoozer\.stmcufinder\plugins\mcufinder//mcu/
2025-07-13 19:18:53,268 [WARN] DbFile:41 - Overriding database path with different value: C:\Users\Snoozer\.stmcufinder\plugins\mcufinder/ => C:\Users\Snoozer\.stmcufinder\plugins\mcufinder
2025-07-13 19:18:53,269 [WARN] DbFile:41 - Overriding database path with different value: C:\Users\Snoozer\.stmcufinder\plugins\mcufinder/ => C:\Users\Snoozer\.stmcufinder\plugins\mcufinder
2025-07-13 19:18:53,269 [INFO] CrossReferenceDbSqlite:203 - Set database path to: C:\Users\Snoozer\.stmcufinder\plugins\mcufinder//mcu/cs/
2025-07-13 19:18:53,456 [INFO] MainPanel:274 - HeapMemory: 268435456
2025-07-13 19:18:53,777 [INFO] DbMcusXml:78 - Set database path to: E:\STM32CubeIDE_1.16.1\STM32CubeIDE\plugins\com.st.stm32cube.common.mx_6.15.0.202507011659\\db\/mcu/
2025-07-13 19:18:53,777 [INFO] ApiDb:274 - Set plugin database path to: E:\STM32CubeIDE_1.16.1\STM32CubeIDE\plugins\com.st.stm32cube.common.mx_6.15.0.202507011659\\db\/plugins/boardmanager/
2025-07-13 19:18:53,778 [INFO] ApiDb:261 - Set plugin images path to: E:\STM32CubeIDE_1.16.1\STM32CubeIDE\plugins\com.st.stm32cube.common.mx_6.15.0.202507011659\\db\/plugins/mcufinder/images/
2025-07-13 19:18:53,778 [WARN] DbFile:41 - Overriding database path with different value: C:\Users\Snoozer\.stmcufinder\plugins\mcufinder/ => C:\Users\Snoozer\.stmcufinder\plugins\mcufinder
2025-07-13 19:18:53,778 [INFO] ApiDb:250 - Set database path to: C:\Users\Snoozer\.stmcufinder\plugins\mcufinder//mcu/
2025-07-13 19:18:53,778 [WARN] DbFile:41 - Overriding database path with different value: C:\Users\Snoozer\.stmcufinder\plugins\mcufinder/ => C:\Users\Snoozer\.stmcufinder\plugins\mcufinder
2025-07-13 19:18:53,778 [INFO] DbMcusAds:125 - Set database path to: C:\Users\Snoozer\.stmcufinder\plugins\mcufinder//mcu/
2025-07-13 19:18:53,778 [WARN] DbFile:41 - Overriding database path with different value: C:\Users\Snoozer\.stmcufinder\plugins\mcufinder/ => C:\Users\Snoozer\.stmcufinder\plugins\mcufinder
2025-07-13 19:18:53,778 [WARN] DbFile:41 - Overriding database path with different value: C:\Users\Snoozer\.stmcufinder\plugins\mcufinder/ => C:\Users\Snoozer\.stmcufinder\plugins\mcufinder
2025-07-13 19:18:53,778 [INFO] CrossReferenceDbSqlite:203 - Set database path to: C:\Users\Snoozer\.stmcufinder\plugins\mcufinder//mcu/cs/
2025-07-13 19:18:53,800 [INFO] ApplicationProperties:184 - Using Application install path: E:\STM32CubeIDE_1.16.1\STM32CubeIDE\plugins\com.st.stm32cube.common.mx_6.15.0.202507011659
2025-07-13 19:18:53,803 [INFO] PluginManage:196 - Search for loadable plugins [exclusion list=, ]
2025-07-13 19:18:53,804 [INFO] PluginManage:310 - Check plugin analytics
2025-07-13 19:18:54,154 [INFO] AnalyticsPlugin:253 - Accepted Software Licenses: 
2025-07-13 19:18:54,154 [INFO] AnalyticsPlugin:255 - Accepted CMSIS Pack Licenses: 
2025-07-13 19:18:54,154 [INFO] AnalyticsPlugin:257 - Accepted Firmware Licenses: 
2025-07-13 19:18:54,157 [INFO] PluginManage:359 - Loaded plugin analytics (category:tool,tabindex:-1)
2025-07-13 19:18:54,158 [INFO] PluginManage:310 - Check plugin cadmodel
2025-07-13 19:18:54,250 [INFO] CADModel:105 - Init CAD model plugin
2025-07-13 19:18:54,250 [INFO] PluginManage:359 - Loaded plugin cadmodel (category:power,tabindex:5)
2025-07-13 19:18:54,251 [INFO] PluginManage:310 - Check plugin clock
2025-07-13 19:18:54,340 [INFO] PluginManage:359 - Loaded plugin clock (category:base,tabindex:2)
2025-07-13 19:18:54,340 [INFO] PluginManage:310 - Check plugin ddr
2025-07-13 19:18:54,358 [INFO] PluginManage:359 - Loaded plugin ddr (category:tool,tabindex:6)
2025-07-13 19:18:54,359 [INFO] PluginManage:310 - Check plugin filemanager
2025-07-13 19:18:54,749 [INFO] PluginManage:359 - Loaded plugin filemanager (category:base,tabindex:10)
2025-07-13 19:18:54,749 [INFO] PluginManage:310 - Check plugin ipmanager
2025-07-13 19:18:54,782 [INFO] PluginManage:359 - Loaded plugin ipmanager (category:base,tabindex:5)
2025-07-13 19:18:54,782 [INFO] PluginManage:310 - Check plugin lpbam
2025-07-13 19:18:54,810 [INFO] PluginManage:359 - Loaded plugin lpbam (category:base,tabindex:0)
2025-07-13 19:18:54,810 [INFO] PluginManage:310 - Check plugin memorymap
2025-07-13 19:18:54,828 [INFO] PluginManage:359 - Loaded plugin memorymap (category:base,tabindex:4)
2025-07-13 19:18:54,829 [INFO] PluginManage:310 - Check plugin pinoutandconfiguration
2025-07-13 19:18:54,884 [INFO] PluginManage:359 - Loaded plugin pinoutandconfiguration (category:base,tabindex:1)
2025-07-13 19:18:54,884 [INFO] PluginManage:310 - Check plugin pinoutconfig
2025-07-13 19:18:55,169 [WARN] SupportedApi:132 - Cannot load RTOS API schema: s4s-elt-must-match.1: The content of 'definitions' must match (annotation?, (simpleType | complexType)?, (unique | key | keyref)*)). A problem was found starting at: attribute.
2025-07-13 19:18:55,415 [INFO] PluginManage:359 - Loaded plugin pinoutconfig (category:base,tabindex:0)
2025-07-13 19:18:55,415 [INFO] PluginManage:310 - Check plugin power
2025-07-13 19:18:55,491 [INFO] PluginManage:359 - Loaded plugin power (category:power,tabindex:4)
2025-07-13 19:18:55,491 [INFO] PluginManage:310 - Check plugin projectmanager
2025-07-13 19:18:55,540 [INFO] PluginManage:359 - Loaded plugin projectmanager (category:projectmanager,tabindex:4)
2025-07-13 19:18:55,541 [INFO] PluginManage:310 - Check plugin rif
2025-07-13 19:18:55,605 [INFO] PluginManage:359 - Loaded plugin rif (category:base,tabindex:3)
2025-07-13 19:18:55,605 [INFO] PluginManage:310 - Check plugin thirdparty
2025-07-13 19:18:55,912 [INFO] PluginManage:359 - Loaded plugin thirdparty (category:base,tabindex:-1)
2025-07-13 19:18:55,912 [INFO] PluginManage:310 - Check plugin tools
2025-07-13 19:18:55,912 [WARN] IntegrityCheckThread:84 - waiting for thirdparty lock release [integrity check]
2025-07-13 19:18:55,913 [INFO] IntegrityCheckThread:86 - entering critical section [integrity check]
2025-07-13 19:18:55,913 [INFO] ThirdPartyUpdaterWithRetryManager:70 - Updater plugin not ready yet. [1/15]
2025-07-13 19:18:55,934 [INFO] PluginManage:359 - Loaded plugin tools (category:base,tabindex:7)
2025-07-13 19:18:55,934 [INFO] PluginManage:310 - Check plugin tutovideos
2025-07-13 19:18:56,332 [INFO] PluginManage:359 - Loaded plugin tutovideos (category:base,tabindex:-1)
2025-07-13 19:18:56,332 [INFO] PluginManage:310 - Check plugin updater
2025-07-13 19:18:56,369 [INFO] PluginManage:359 - Loaded plugin updater (category:base,tabindex:12)
2025-07-13 19:18:56,369 [INFO] PluginManage:310 - Check plugin userauth
2025-07-13 19:18:56,375 [INFO] UserAuth:118 - Init User Auth plugin
2025-07-13 19:18:56,376 [INFO] PluginManage:359 - Loaded plugin userauth (category:base,tabindex:14)
2025-07-13 19:18:56,376 [INFO] PluginManage:283 - PluginManage : Loaded plugins [18]
2025-07-13 19:18:56,641 [INFO] PinOutPanel:1589 - setPackage(No Configuration,No Configuration)
2025-07-13 19:18:56,731 [INFO] CADModel:165 - CPN selected for project level
2025-07-13 19:18:56,731 [INFO] CADModel:114 - Register for checkConnection events
2025-07-13 19:18:56,767 [INFO] IPUIPlugin:80 - create IPUIPlugin
2025-07-13 19:18:56,767 [INFO] PluginManager:220 - loadIPPluginJar : add adc
2025-07-13 19:18:56,774 [INFO] IPUIPlugin:80 - create IPUIPlugin
2025-07-13 19:18:56,774 [INFO] PluginManager:220 - loadIPPluginJar : add aes
2025-07-13 19:18:56,778 [INFO] IPUIPlugin:80 - create IPUIPlugin
2025-07-13 19:18:56,778 [INFO] PluginManager:220 - loadIPPluginJar : add can
2025-07-13 19:18:56,785 [INFO] IPUIPlugin:80 - create IPUIPlugin
2025-07-13 19:18:56,785 [INFO] PluginManager:220 - loadIPPluginJar : add comp
2025-07-13 19:18:56,788 [INFO] IPUIPlugin:80 - create IPUIPlugin
2025-07-13 19:18:56,788 [INFO] PluginManager:220 - loadIPPluginJar : add cryp
2025-07-13 19:18:56,826 [INFO] IPUIPlugin:80 - create IPUIPlugin
2025-07-13 19:18:56,826 [INFO] PluginManager:220 - loadIPPluginJar : add ddr_ctrl_phy
2025-07-13 19:18:56,845 [INFO] IPUIPlugin:80 - create IPUIPlugin
2025-07-13 19:18:56,845 [INFO] PluginManager:220 - loadIPPluginJar : add dfsdm
2025-07-13 19:18:56,877 [INFO] IPUIPlugin:80 - create IPUIPlugin
2025-07-13 19:18:56,877 [INFO] PluginManager:220 - loadIPPluginJar : add dma
2025-07-13 19:18:56,881 [INFO] IPUIPlugin:80 - create IPUIPlugin
2025-07-13 19:18:56,881 [INFO] PluginManager:220 - loadIPPluginJar : add dma3
2025-07-13 19:18:56,906 [INFO] IPUIPlugin:80 - create IPUIPlugin
2025-07-13 19:18:56,906 [INFO] PluginManager:220 - loadIPPluginJar : add extmemmanager
2025-07-13 19:18:56,908 [INFO] IPUIPlugin:80 - create IPUIPlugin
2025-07-13 19:18:56,908 [INFO] PluginManager:220 - loadIPPluginJar : add fatfs
2025-07-13 19:18:56,912 [INFO] IPUIPlugin:80 - create IPUIPlugin
2025-07-13 19:18:56,912 [INFO] PluginManager:220 - loadIPPluginJar : add fmc
2025-07-13 19:18:56,953 [INFO] IPUIPlugin:80 - create IPUIPlugin
2025-07-13 19:18:56,954 [INFO] PluginManager:220 - loadIPPluginJar : add freertos
2025-07-13 19:18:56,971 [INFO] IPUIPlugin:80 - create IPUIPlugin
2025-07-13 19:18:56,971 [INFO] PluginManager:220 - loadIPPluginJar : add genericplugin
2025-07-13 19:18:56,974 [INFO] IPUIPlugin:80 - create IPUIPlugin
2025-07-13 19:18:56,974 [INFO] PluginManager:220 - loadIPPluginJar : add gfxmmu
2025-07-13 19:18:56,979 [INFO] IPUIPlugin:80 - create IPUIPlugin
2025-07-13 19:18:56,979 [INFO] PluginManager:220 - loadIPPluginJar : add gic
2025-07-13 19:18:56,983 [INFO] IPUIPlugin:80 - create IPUIPlugin
2025-07-13 19:18:56,983 [INFO] PluginManager:220 - loadIPPluginJar : add gpio
2025-07-13 19:18:56,996 [INFO] IPUIPlugin:80 - create IPUIPlugin
2025-07-13 19:18:56,996 [INFO] PluginManager:220 - loadIPPluginJar : add gtzc
2025-07-13 19:18:57,002 [INFO] IPUIPlugin:80 - create IPUIPlugin
2025-07-13 19:18:57,002 [INFO] PluginManager:220 - loadIPPluginJar : add hash
2025-07-13 19:18:57,015 [INFO] IPUIPlugin:80 - create IPUIPlugin
2025-07-13 19:18:57,015 [INFO] PluginManager:220 - loadIPPluginJar : add i2c
2025-07-13 19:18:57,077 [INFO] IPUIPlugin:80 - create IPUIPlugin
2025-07-13 19:18:57,077 [INFO] PluginManager:220 - loadIPPluginJar : add i2s
2025-07-13 19:18:57,091 [INFO] IPUIPlugin:80 - create IPUIPlugin
2025-07-13 19:18:57,092 [INFO] PluginManager:220 - loadIPPluginJar : add i3c
2025-07-13 19:18:57,139 [INFO] IPUIPlugin:80 - create IPUIPlugin
2025-07-13 19:18:57,139 [INFO] PluginManager:220 - loadIPPluginJar : add ipddr
2025-07-13 19:18:57,181 [INFO] IPUIPlugin:80 - create IPUIPlugin
2025-07-13 19:18:57,181 [INFO] PluginManager:220 - loadIPPluginJar : add linkedlist
2025-07-13 19:18:57,188 [INFO] IPUIPlugin:80 - create IPUIPlugin
2025-07-13 19:18:57,188 [INFO] PluginManager:220 - loadIPPluginJar : add lorawan
2025-07-13 19:18:57,190 [INFO] IPUIPlugin:80 - create IPUIPlugin
2025-07-13 19:18:57,190 [INFO] PluginManager:220 - loadIPPluginJar : add ltdc
2025-07-13 19:18:57,209 [INFO] IPUIPlugin:80 - create IPUIPlugin
2025-07-13 19:18:57,209 [INFO] PluginManager:220 - loadIPPluginJar : add mdma
2025-07-13 19:18:57,214 [INFO] IPUIPlugin:80 - create IPUIPlugin
2025-07-13 19:18:57,214 [INFO] PluginManager:220 - loadIPPluginJar : add nvic
2025-07-13 19:18:57,242 [INFO] IPUIPlugin:80 - create IPUIPlugin
2025-07-13 19:18:57,242 [INFO] PluginManager:220 - loadIPPluginJar : add opamp
2025-07-13 19:18:57,251 [INFO] IPUIPlugin:80 - create IPUIPlugin
2025-07-13 19:18:57,251 [INFO] PluginManager:220 - loadIPPluginJar : add openamp
2025-07-13 19:18:57,255 [INFO] IPUIPlugin:80 - create IPUIPlugin
2025-07-13 19:18:57,255 [INFO] PluginManager:220 - loadIPPluginJar : add pdm2pcm
2025-07-13 19:18:57,287 [INFO] IPUIPlugin:80 - create IPUIPlugin
2025-07-13 19:18:57,289 [INFO] PluginManager:220 - loadIPPluginJar : add plateformsettings
2025-07-13 19:18:57,291 [INFO] IPUIPlugin:80 - create IPUIPlugin
2025-07-13 19:18:57,291 [INFO] PluginManager:220 - loadIPPluginJar : add quadspi
2025-07-13 19:18:57,293 [INFO] IPUIPlugin:80 - create IPUIPlugin
2025-07-13 19:18:57,294 [INFO] PluginManager:220 - loadIPPluginJar : add radio
2025-07-13 19:18:57,324 [INFO] IPUIPlugin:80 - create IPUIPlugin
2025-07-13 19:18:57,324 [INFO] PluginManager:220 - loadIPPluginJar : add resmgrutility
2025-07-13 19:18:57,327 [INFO] IPUIPlugin:80 - create IPUIPlugin
2025-07-13 19:18:57,327 [INFO] PluginManager:220 - loadIPPluginJar : add sai
2025-07-13 19:18:57,330 [INFO] IPUIPlugin:80 - create IPUIPlugin
2025-07-13 19:18:57,330 [INFO] PluginManager:220 - loadIPPluginJar : add spi
2025-07-13 19:18:57,336 [INFO] IPUIPlugin:80 - create IPUIPlugin
2025-07-13 19:18:57,336 [INFO] PluginManager:220 - loadIPPluginJar : add stm32_wpan
2025-07-13 19:18:57,351 [INFO] IPUIPlugin:80 - create IPUIPlugin
2025-07-13 19:18:57,352 [INFO] PluginManager:220 - loadIPPluginJar : add tim
2025-07-13 19:18:57,356 [INFO] IPUIPlugin:80 - create IPUIPlugin
2025-07-13 19:18:57,356 [INFO] PluginManager:220 - loadIPPluginJar : add touchsensing
2025-07-13 19:18:57,358 [INFO] IPUIPlugin:80 - create IPUIPlugin
2025-07-13 19:18:57,358 [INFO] PluginManager:220 - loadIPPluginJar : add tracer_emb
2025-07-13 19:18:57,361 [INFO] IPUIPlugin:80 - create IPUIPlugin
2025-07-13 19:18:57,361 [INFO] PluginManager:220 - loadIPPluginJar : add ts
2025-07-13 19:18:57,364 [INFO] IPUIPlugin:80 - create IPUIPlugin
2025-07-13 19:18:57,364 [INFO] PluginManager:220 - loadIPPluginJar : add tsc
2025-07-13 19:18:57,368 [INFO] IPUIPlugin:80 - create IPUIPlugin
2025-07-13 19:18:57,368 [INFO] PluginManager:220 - loadIPPluginJar : add ucpd
2025-07-13 19:18:57,370 [INFO] IPUIPlugin:80 - create IPUIPlugin
2025-07-13 19:18:57,370 [INFO] PluginManager:220 - loadIPPluginJar : add usart
2025-07-13 19:18:57,373 [INFO] IPUIPlugin:80 - create IPUIPlugin
2025-07-13 19:18:57,374 [INFO] PluginManager:220 - loadIPPluginJar : add usbx
2025-07-13 19:18:57,530 [FATAL] Updater:351 - Updater called before beeing initialized
2025-07-13 19:18:57,587 [INFO] RulesReader:64 - Compatibility file has been processed (317 Rules)
2025-07-13 19:18:57,595 [INFO] RulesReader:64 - Compatibility file has been processed (317 Rules)
2025-07-13 19:18:57,600 [INFO] CADModel:165 - CPN selected for project level
2025-07-13 19:18:57,600 [INFO] CADModel:114 - Register for checkConnection events
2025-07-13 19:18:57,600 [FATAL] Updater:351 - Updater called before beeing initialized
2025-07-13 19:18:57,600 [ERROR] CADModel:125 - Updater not yet initialized, retry later 
2025-07-13 19:18:57,758 [FATAL] Updater:351 - Updater called before beeing initialized
2025-07-13 19:18:57,759 [INFO] CADModel:165 - CPN selected for project level
2025-07-13 19:18:57,760 [INFO] CADModel:114 - Register for checkConnection events
2025-07-13 19:18:57,760 [FATAL] Updater:351 - Updater called before beeing initialized
2025-07-13 19:18:57,760 [ERROR] CADModel:125 - Updater not yet initialized, retry later 
2025-07-13 19:18:57,762 [FATAL] Updater:351 - Updater called before beeing initialized
2025-07-13 19:18:57,842 [FATAL] Updater:351 - Updater called before beeing initialized
2025-07-13 19:18:57,845 [INFO] DbMcusAds:53 - JSON generation date=Tue Jul 08 03:14:23 CDT 2025 (1751962463582)
2025-07-13 19:18:57,845 [FATAL] Updater:351 - Updater called before beeing initialized
2025-07-13 19:18:57,963 [WARN] DetailPanel:346 - Failed to get advertising image, set to default
2025-07-13 19:18:58,028 [FATAL] Updater:351 - Updater called before beeing initialized
2025-07-13 19:18:58,029 [FATAL] Updater:351 - Updater called before beeing initialized
2025-07-13 19:18:58,029 [FATAL] Updater:351 - Updater called before beeing initialized
2025-07-13 19:18:58,030 [WARN] DetailPanel:346 - Failed to get advertising image, set to default
2025-07-13 19:18:58,030 [FATAL] Updater:351 - Updater called before beeing initialized
2025-07-13 19:18:58,118 [ERROR] Updater:1198 - MainUpdater not yet initialized. External WinMGr cannot be set.
2025-07-13 19:18:58,122 [INFO] Updater:1134 - Updater Version found : 6.15.0
2025-07-13 19:18:58,138 [INFO] ApplicationProperties:184 - Using Application install path: E:\STM32CubeIDE_1.16.1\STM32CubeIDE\plugins\com.st.stm32cube.common.mx_6.15.0.202507011659
2025-07-13 19:18:58,914 [INFO] ThirdPartyUpdaterWithRetryManager:70 - Updater plugin not ready yet. [2/15]
2025-07-13 19:18:59,711 [ERROR] LogOutputStream:75 - [STDERR_REDIRECT] Jul 13, 2025 7:18:59 PM java.util.prefs.WindowsPreferences <init>
2025-07-13 19:18:59,712 [ERROR] LogOutputStream:75 - [STDERR_REDIRECT] WARNING: Could not open/create prefs root node Software\JavaSoft\Prefs at root 0xffffffff80000002. Windows RegCreateKeyEx(...) returned error code 5.
2025-07-13 19:18:59,712 [ERROR] LogOutputStream:75 - [STDERR_REDIRECT] 
2025-07-13 19:19:00,195 [INFO] MainUpdater:2872 - connection check result : 10
2025-07-13 19:19:00,196 [INFO] MainUpdater:289 - Updater Check For Update Now.
2025-07-13 19:19:00,196 [INFO] MicroXplorer:498 - Change Database Version : DB.6.0.150
2025-07-13 19:19:00,219 [INFO] McuFinderGlobals:63 - Set McuFinder mode to 2 (CubeIDE integrated)
2025-07-13 19:19:00,220 [INFO] UserAuth:487 - Internet connection configuration mode: 1
2025-07-13 19:19:00,340 [INFO] JxBrowserEngine:152 - Initiate JxBrowser Engine with user profile folder
2025-07-13 19:19:00,464 [INFO] CheckServerUpdateThread:120 - End of CheckServer Thread
2025-07-13 19:19:01,171 [INFO] WebApp:169 - Instantiating new browser for Auth
2025-07-13 19:19:01,859 [INFO] WebApp:463 - Apply proxy settings
2025-07-13 19:19:01,859 [INFO] WebApp:548 - Chromium requires no authentication
2025-07-13 19:19:01,865 [INFO] WebApp:491 - Direct internet connection detected
2025-07-13 19:19:01,884 [INFO] WebApp:900 - Register for checkConnection events
2025-07-13 19:19:01,884 [INFO] WebApp:463 - Apply proxy settings
2025-07-13 19:19:01,884 [INFO] WebApp:548 - Chromium requires no authentication
2025-07-13 19:19:01,885 [INFO] WebApp:491 - Direct internet connection detected
2025-07-13 19:19:02,060 [INFO] WebApp:191 - Connection restablished
2025-07-13 19:19:02,105 [INFO] WebApp:225 - Starting web application
2025-07-13 19:19:02,105 [INFO] WebApp:593 - Web application path used E:\STM32CubeIDE_1.16.1\STM32CubeIDE\plugins\com.st.stm32cube.common.mx_6.15.0.202507011659\db\plugins\mcufinder\reactClient1\index.html
2025-07-13 19:19:02,210 [INFO] UserAuth:487 - Internet connection configuration mode: 1
2025-07-13 19:19:02,239 [WARN] PackLoader:240 - Cannot read IP mode file for STMicroelectronics.FP-SNS-MOTENVWB1.1.4.0
2025-07-13 19:19:02,246 [WARN] PackLoader:240 - Cannot read IP mode file for STMicroelectronics.FP-ATR-ASTRA1.2.0.2
2025-07-13 19:19:02,260 [WARN] PackLoader:240 - Cannot read IP mode file for STMicroelectronics.X-CUBE-SMBUS.2.1.0
2025-07-13 19:19:02,271 [WARN] PackLoader:240 - Cannot read IP mode file for STMicroelectronics.X-CUBE-ST60.1.0.0
2025-07-13 19:19:02,300 [WARN] PackLoader:240 - Cannot read IP mode file for STMicroelectronics.X-CUBE-AZRTOS-F7.1.1.0
2025-07-13 19:19:02,395 [WARN] PackLoader:240 - Cannot read IP mode file for STMicroelectronics.X-CUBE-MEMS1.11.0.0
2025-07-13 19:19:02,592 [WARN] PackLoader:240 - Cannot read IP mode file for STMicroelectronics.FP-SNS-FLIGHT1.5.0.2
2025-07-13 19:19:02,607 [WARN] PackLoader:240 - Cannot read IP mode file for STMicroelectronics.X-CUBE-AZRTOS-H7.3.4.0
2025-07-13 19:19:02,614 [WARN] PackLoader:240 - Cannot read IP mode file for STMicroelectronics.X-CUBE-DISPLAY.3.0.0
2025-07-13 19:19:02,627 [WARN] PackLoader:240 - Cannot read IP mode file for STMicroelectronics.X-CUBE-BLE1.7.0.0
2025-07-13 19:19:02,633 [WARN] PackLoader:240 - Cannot read IP mode file for STMicroelectronics.X-CUBE-NFC10.1.0.0
2025-07-13 19:19:02,649 [WARN] PackLoader:240 - Cannot read IP mode file for STMicroelectronics.X-CUBE-BLEMGR.4.0.0
2025-07-13 19:19:02,659 [WARN] PackLoader:240 - Cannot read IP mode file for emotas.I-CUBE-CANOPEN.1.3.0
2025-07-13 19:19:02,662 [WARN] ConditionMgr:438 - getConditionDescription Invalid condition id : Cortex-A Device cause : null
2025-07-13 19:19:02,680 [WARN] ConditionMgr:1044 - genDependencies : Invalid condition id : Cortex-A Device cause : null
2025-07-13 19:19:02,681 [WARN] ConditionMgr:1044 - genDependencies : Invalid condition id : Cortex-A Device cause : null
2025-07-13 19:19:02,681 [WARN] ConditionMgr:1044 - genDependencies : Invalid condition id : Cortex-A Device cause : null
2025-07-13 19:19:02,686 [WARN] PackLoader:240 - Cannot read IP mode file for STMicroelectronics.X-CUBE-BLEMGR.3.1.0
2025-07-13 19:19:02,692 [WARN] PackLoader:240 - Cannot read IP mode file for STMicroelectronics.X-CUBE-AI.10.0.0
2025-07-13 19:19:02,702 [WARN] PackLoader:240 - Cannot read IP mode file for STMicroelectronics.FP-SNS-SMARTAG2.1.2.0
2025-07-13 19:19:02,706 [WARN] PackLoader:240 - Cannot read IP mode file for STMicroelectronics.FP-SNS-FLIGHT1.5.1.0
2025-07-13 19:19:02,715 [INFO] LogOutputStream:77 - [STDOUT_REDIRECT] 1 : Invalid condition id : UX_CORESTACK_Condition cause : null
2025-07-13 19:19:02,716 [INFO] LogOutputStream:77 - [STDOUT_REDIRECT] 1 : Invalid condition id : UX_CORESTACK_Condition cause : null
2025-07-13 19:19:02,716 [INFO] LogOutputStream:77 - [STDOUT_REDIRECT] 1 : Invalid condition id : UX_CORESTACK_Condition cause : null
2025-07-13 19:19:02,719 [INFO] LogOutputStream:77 - [STDOUT_REDIRECT] 1 : Invalid condition id : UX_CORESTACK_Condition cause : null
2025-07-13 19:19:02,722 [INFO] LogOutputStream:77 - [STDOUT_REDIRECT] 1 : Invalid condition id : UX_CORESTACK_Condition cause : null
2025-07-13 19:19:02,723 [WARN] PackLoader:240 - Cannot read IP mode file for STMicroelectronics.X-CUBE-AZRTOS-WL.2.0.0
2025-07-13 19:19:02,729 [WARN] PackLoader:240 - Cannot read IP mode file for STMicroelectronics.FP-SNS-MOTENV1.5.0.0
2025-07-13 19:19:02,738 [WARN] PackLoader:240 - Cannot read IP mode file for wolfSSL.I-CUBE-wolfMQTT.1.19.0
2025-07-13 19:19:02,746 [WARN] PackLoader:240 - Cannot read IP mode file for WES.I-CUBE-Cesium.1.3.0
2025-07-13 19:19:02,751 [WARN] PackLoader:240 - Cannot read IP mode file for STMicroelectronics.X-CUBE-BLE2.3.3.0
2025-07-13 19:19:02,757 [WARN] PackLoader:240 - Cannot read IP mode file for STMicroelectronics.X-CUBE-NFC9.1.0.0
2025-07-13 19:19:02,764 [WARN] PackLoader:240 - Cannot read IP mode file for STMicroelectronics.X-CUBE-BLE1.7.1.0
2025-07-13 19:19:02,770 [WARN] PackLoader:240 - Cannot read IP mode file for STMicroelectronics.X-CUBE-TCPP.4.1.0
2025-07-13 19:19:02,775 [WARN] PackLoader:240 - Cannot read IP mode file for STMicroelectronics.X-CUBE-AI.10.1.0
2025-07-13 19:19:02,807 [WARN] PackLoader:240 - Cannot read IP mode file for STMicroelectronics.X-CUBE-MEMS1.11.2.0
2025-07-13 19:19:02,911 [WARN] PackLoader:240 - Cannot read IP mode file for STMicroelectronics.X-CUBE-AZRTOS-G0.1.1.0
2025-07-13 19:19:02,917 [WARN] PackLoader:240 - Cannot read IP mode file for STMicroelectronics.X-CUBE-SAFEA1.1.2.2
2025-07-13 19:19:02,923 [WARN] PackLoader:240 - Cannot read IP mode file for STMicroelectronics.X-CUBE-NFC4.3.0.0
2025-07-13 19:19:02,930 [WARN] PackLoader:240 - Cannot read IP mode file for EmbeddedOffice.I-CUBE-FS-RTOS.1.0.1
2025-07-13 19:19:02,934 [WARN] PackLoader:240 - Cannot read IP mode file for STMicroelectronics.X-CUBE-WB05N.2.0.0
2025-07-13 19:19:02,939 [WARN] PackLoader:240 - Cannot read IP mode file for STMicroelectronics.X-CUBE-TCPP.4.2.0
2025-07-13 19:19:02,944 [WARN] PackLoader:240 - Cannot read IP mode file for RealThread.X-CUBE-RT-Thread_Nano.4.1.1
2025-07-13 19:19:02,948 [WARN] PackLoader:240 - Cannot read IP mode file for STMicroelectronics.FP-ATR-SIGFOX1.3.2.0
2025-07-13 19:19:02,952 [WARN] PackLoader:240 - Cannot read IP mode file for wolfSSL.I-CUBE-wolfSSL.5.7.2
2025-07-13 19:19:02,957 [WARN] PackLoader:240 - Cannot read IP mode file for STMicroelectronics.X-CUBE-EEPRMA1.5.1.0
2025-07-13 19:19:02,964 [WARN] PackLoader:240 - Cannot read IP mode file for ITTIA_DB.I-CUBE-ITTIADB.8.9.0
2025-07-13 19:19:02,968 [WARN] PackLoader:240 - Cannot read IP mode file for STMicroelectronics.X-CUBE-ST67W61.1.0.0
2025-07-13 19:19:02,989 [WARN] PackLoader:240 - Cannot read IP mode file for SEGGER.I-CUBE-embOS.1.3.1
2025-07-13 19:19:03,027 [WARN] PackLoader:240 - Cannot read IP mode file for STMicroelectronics.X-CUBE-ALGOBUILD.1.4.0
2025-07-13 19:19:03,065 [WARN] PackLoader:240 - Cannot read IP mode file for STMicroelectronics.X-CUBE-MEMS1.11.3.0
2025-07-13 19:19:03,188 [WARN] PackLoader:240 - Cannot read IP mode file for STMicroelectronics.X-CUBE-AI.9.1.0
2025-07-13 19:19:03,192 [WARN] PackLoader:240 - Cannot read IP mode file for STMicroelectronics.X-CUBE-PM33A1.1.0.0
2025-07-13 19:19:03,202 [WARN] PackLoader:240 - Cannot read IP mode file for STMicroelectronics.X-CUBE-AZRTOS-F4.1.1.0
2025-07-13 19:19:03,207 [WARN] PackLoader:240 - Cannot read IP mode file for Avnet-IotConnect.X-CUBE-IoTC-DA16k-PMOD.1.0.0
2025-07-13 19:19:03,210 [WARN] PackLoader:240 - Cannot read IP mode file for STMicroelectronics.X-CUBE-ISPU.2.1.0
2025-07-13 19:19:03,215 [WARN] PackLoader:240 - Cannot read IP mode file for STMicroelectronics.X-CUBE-FREERTOS.1.2.0
2025-07-13 19:19:03,226 [WARN] PackLoader:240 - Cannot read IP mode file for STMicroelectronics.X-CUBE-AZRTOS-L5.2.0.0
2025-07-13 19:19:03,234 [WARN] PackLoader:240 - Cannot read IP mode file for STMicroelectronics.X-CUBE-NFC6.3.1.0
2025-07-13 19:19:03,239 [WARN] PackLoader:240 - Cannot read IP mode file for STMicroelectronics.X-CUBE-DPower.1.2.0
2025-07-13 19:19:03,243 [WARN] PackLoader:240 - Cannot read IP mode file for STMicroelectronics.X-CUBE-FREERTOS.1.3.1
2025-07-13 19:19:03,247 [WARN] PackLoader:240 - Cannot read IP mode file for STMicroelectronics.X-CUBE-NFC7.1.0.1
2025-07-13 19:19:03,252 [WARN] PackLoader:240 - Cannot read IP mode file for STMicroelectronics.FP-SNS-STAIOTCFT.1.0.0
2025-07-13 19:19:03,256 [WARN] PackLoader:240 - Cannot read IP mode file for STMicroelectronics.X-CUBE-DPower.1.3.0
2025-07-13 19:19:03,268 [WARN] ConditionMgr:438 - getConditionDescription Invalid condition id : LAN8742 Phy interface Condition cause : null
2025-07-13 19:19:03,269 [WARN] PackLoader:240 - Cannot read IP mode file for STMicroelectronics.X-CUBE-AZRTOS-L4.2.0.0
2025-07-13 19:19:03,270 [WARN] ConditionMgr:1044 - genDependencies : Invalid condition id : LAN8742 Phy interface Condition cause : null
2025-07-13 19:19:03,270 [WARN] ConditionMgr:1044 - genDependencies : Invalid condition id : LAN8742 Phy interface Condition cause : null
2025-07-13 19:19:03,270 [WARN] ConditionMgr:1044 - genDependencies : Invalid condition id : LAN8742 Phy interface Condition cause : null
2025-07-13 19:19:03,276 [WARN] PackLoader:240 - Cannot read IP mode file for STMicroelectronics.X-CUBE-SFXS2LP1.4.0.0
2025-07-13 19:19:03,288 [WARN] PackLoader:240 - Cannot read IP mode file for STMicroelectronics.X-CUBE-AZRTOS-H7.3.3.0
2025-07-13 19:19:03,298 [WARN] ConditionMgr:438 - getConditionDescription Invalid condition id : UX DEVICE CLASS RTOS Condition cause : null
2025-07-13 19:19:03,298 [WARN] ConditionMgr:438 - getConditionDescription Invalid condition id : UX DEVICE CLASS RTOS Condition cause : null
2025-07-13 19:19:03,299 [WARN] PackLoader:240 - Cannot read IP mode file for STMicroelectronics.X-CUBE-AZRTOS-WB.2.0.0
2025-07-13 19:19:03,300 [WARN] ConditionMgr:1044 - genDependencies : Invalid condition id : UX DEVICE CLASS RTOS Condition cause : null
2025-07-13 19:19:03,300 [WARN] ConditionMgr:1044 - genDependencies : Invalid condition id : UX DEVICE CLASS RTOS Condition cause : null
2025-07-13 19:19:03,300 [WARN] ConditionMgr:1044 - genDependencies : Invalid condition id : UX DEVICE CLASS RTOS Condition cause : null
2025-07-13 19:19:03,300 [WARN] ConditionMgr:1044 - genDependencies : Invalid condition id : UX DEVICE CLASS RTOS Condition cause : null
2025-07-13 19:19:03,300 [WARN] ConditionMgr:1044 - genDependencies : Invalid condition id : UX DEVICE CLASS RTOS Condition cause : null
2025-07-13 19:19:03,305 [WARN] PackLoader:240 - Cannot read IP mode file for STMicroelectronics.X-CUBE-GNSS1.7.0.0
2025-07-13 19:19:03,308 [WARN] PackLoader:240 - Cannot read IP mode file for STMicroelectronics.X-CUBE-GNSS1.7.0.1
2025-07-13 19:19:03,313 [WARN] PackLoader:240 - Cannot read IP mode file for STMicroelectronics.X-CUBE-TOUCHGFX.4.25.0
2025-07-13 19:19:03,318 [WARN] PackLoader:240 - Cannot read IP mode file for STMicroelectronics.FP-SNS-STBOX1.2.0.0
2025-07-13 19:19:03,326 [WARN] PackLoader:240 - Cannot read IP mode file for STMicroelectronics.X-CUBE-SUBG2.5.0.0
2025-07-13 19:19:03,339 [WARN] PackLoader:240 - Cannot read IP mode file for STMicroelectronics.X-CUBE-AZRTOS-H7RS.1.1.0
2025-07-13 19:19:03,344 [WARN] PackLoader:240 - Cannot read IP mode file for Cesanta.I-CUBE-Mongoose.7.13.0
2025-07-13 19:19:03,354 [WARN] PackLoader:240 - Cannot read IP mode file for STMicroelectronics.X-CUBE-AZRTOS-G4.2.0.0
2025-07-13 19:19:03,358 [WARN] PackLoader:240 - Cannot read IP mode file for STMicroelectronics.X-CUBE-NFC7.2.0.0
2025-07-13 19:19:03,371 [WARN] PackLoader:240 - Cannot read IP mode file for STMicroelectronics.X-CUBE-IPS.3.1.0
2025-07-13 19:19:03,377 [WARN] PackLoader:240 - Cannot read IP mode file for STMicroelectronics.X-CUBE-ALS.1.0.2
2025-07-13 19:19:03,382 [WARN] PackLoader:240 - Cannot read IP mode file for STMicroelectronics.X-CUBE-TOUCHGFX.4.24.1
2025-07-13 19:19:03,384 [WARN] PackLoader:240 - Cannot read IP mode file for wolfSSL.I-CUBE-wolfTPM.3.4.0
2025-07-13 19:19:03,389 [WARN] PackLoader:240 - Cannot read IP mode file for portGmbH.I-Cube-SoM-uGOAL.1.1.0
2025-07-13 19:19:03,398 [WARN] PackLoader:240 - Cannot read IP mode file for STMicroelectronics.X-CUBE-AZRTOS-H7RS.1.0.0
2025-07-13 19:19:03,403 [WARN] PackLoader:240 - Cannot read IP mode file for STMicroelectronics.FP-ATR-ASTRA1.2.0.0
2025-07-13 19:19:03,410 [WARN] PackLoader:240 - Cannot read IP mode file for STMicroelectronics.X-CUBE-TOF1.3.4.2
2025-07-13 19:19:03,424 [WARN] PackLoader:240 - Cannot read IP mode file for STMicroelectronics.X-CUBE-TOF1.3.4.3
2025-07-13 19:19:03,442 [WARN] PackLoader:240 - Cannot read IP mode file for Infineon.AIROC-Wi-Fi-Bluetooth-STM32.1.6.1
2025-07-13 19:19:03,447 [WARN] PackLoader:240 - Cannot read IP mode file for wolfSSL.I-CUBE-wolfSSH.1.4.17
2025-07-13 19:19:03,447 [INFO] ThirdParty:978 - Integrity check success = true
2025-07-13 19:19:03,447 [INFO] IntegrityCheckThread:100 - exiting critical section [integrity check]
2025-07-13 19:19:03,447 [INFO] IntegrityCheckThread:103 - End integrity checks thread
