2025-07-10 01:10:19,541 [INFO] Activator:176 - 


2025-07-10 01:10:19,542 [INFO] Activator:177 - !SESSION log4j initialized
2025-07-10 01:10:21,100 [INFO] LogOutputStream:77 - [STDOUT_REDIRECT] 
2025-07-10 01:10:22,579 [INFO] ApplicationProperties:184 - Using Application install path: E:\STM32CubeIDE_1.16.1\STM32CubeIDE\plugins\com.st.stm32cube.common.mx_6.15.0.202507011659
2025-07-10 01:10:22,590 [INFO] DbMcusXml:78 - Set database path to: E:\STM32CubeIDE_1.16.1\STM32CubeIDE\plugins\com.st.stm32cube.common.mx_6.15.0.202507011659\\db\/mcu/
2025-07-10 01:10:22,590 [INFO] ApiDb:274 - Set plugin database path to: E:\STM32CubeIDE_1.16.1\STM32CubeIDE\plugins\com.st.stm32cube.common.mx_6.15.0.202507011659\\db\/plugins/boardmanager/
2025-07-10 01:10:22,590 [WARN] ApiDb:259 - Overriding images path with different value:  => E:\STM32CubeIDE_1.16.1\STM32CubeIDE\plugins\com.st.stm32cube.common.mx_6.15.0.202507011659\\db\/plugins/mcufinder/images/
2025-07-10 01:10:22,594 [INFO] ApiDb:250 - Set database path to: C:\Users\Snoozer\.stmcufinder\plugins\mcufinder//mcu/
2025-07-10 01:10:22,595 [INFO] DbMcusAds:125 - Set database path to: C:\Users\Snoozer\.stmcufinder\plugins\mcufinder//mcu/
2025-07-10 01:10:22,596 [INFO] CrossReferenceDbSqlite:203 - Set database path to: C:\Users\Snoozer\.stmcufinder\plugins\mcufinder//mcu/cs/
2025-07-10 01:10:22,671 [INFO] RulesReader:64 - Compatibility file has been processed (317 Rules)
2025-07-10 01:10:22,716 [INFO] DbMcusXml:78 - Set database path to: E:\STM32CubeIDE_1.16.1\STM32CubeIDE\plugins\com.st.stm32cube.common.mx_6.15.0.202507011659\\db\/mcu/
2025-07-10 01:10:22,717 [INFO] ApiDb:274 - Set plugin database path to: E:\STM32CubeIDE_1.16.1\STM32CubeIDE\plugins\com.st.stm32cube.common.mx_6.15.0.202507011659\\db\/plugins/boardmanager/
2025-07-10 01:10:22,717 [INFO] ApiDb:261 - Set plugin images path to: E:\STM32CubeIDE_1.16.1\STM32CubeIDE\plugins\com.st.stm32cube.common.mx_6.15.0.202507011659\\db\/plugins/mcufinder/images/
2025-07-10 01:10:22,717 [WARN] DbFile:41 - Overriding database path with different value: C:\Users\Snoozer\.stmcufinder\plugins\mcufinder/ => C:\Users\Snoozer\.stmcufinder\plugins\mcufinder
2025-07-10 01:10:22,717 [INFO] ApiDb:250 - Set database path to: C:\Users\Snoozer\.stmcufinder\plugins\mcufinder//mcu/
2025-07-10 01:10:22,717 [WARN] DbFile:41 - Overriding database path with different value: C:\Users\Snoozer\.stmcufinder\plugins\mcufinder/ => C:\Users\Snoozer\.stmcufinder\plugins\mcufinder
2025-07-10 01:10:22,717 [INFO] DbMcusAds:125 - Set database path to: C:\Users\Snoozer\.stmcufinder\plugins\mcufinder//mcu/
2025-07-10 01:10:22,717 [WARN] DbFile:41 - Overriding database path with different value: C:\Users\Snoozer\.stmcufinder\plugins\mcufinder/ => C:\Users\Snoozer\.stmcufinder\plugins\mcufinder
2025-07-10 01:10:22,717 [WARN] DbFile:41 - Overriding database path with different value: C:\Users\Snoozer\.stmcufinder\plugins\mcufinder/ => C:\Users\Snoozer\.stmcufinder\plugins\mcufinder
2025-07-10 01:10:22,717 [INFO] CrossReferenceDbSqlite:203 - Set database path to: C:\Users\Snoozer\.stmcufinder\plugins\mcufinder//mcu/cs/
2025-07-10 01:10:22,763 [INFO] MainPanel:274 - HeapMemory: 268435456
2025-07-10 01:10:22,815 [INFO] DbMcusXml:78 - Set database path to: E:\STM32CubeIDE_1.16.1\STM32CubeIDE\plugins\com.st.stm32cube.common.mx_6.15.0.202507011659\\db\/mcu/
2025-07-10 01:10:22,816 [INFO] ApiDb:274 - Set plugin database path to: E:\STM32CubeIDE_1.16.1\STM32CubeIDE\plugins\com.st.stm32cube.common.mx_6.15.0.202507011659\\db\/plugins/boardmanager/
2025-07-10 01:10:22,816 [INFO] ApiDb:261 - Set plugin images path to: E:\STM32CubeIDE_1.16.1\STM32CubeIDE\plugins\com.st.stm32cube.common.mx_6.15.0.202507011659\\db\/plugins/mcufinder/images/
2025-07-10 01:10:22,816 [WARN] DbFile:41 - Overriding database path with different value: C:\Users\Snoozer\.stmcufinder\plugins\mcufinder/ => C:\Users\Snoozer\.stmcufinder\plugins\mcufinder
2025-07-10 01:10:22,816 [INFO] ApiDb:250 - Set database path to: C:\Users\Snoozer\.stmcufinder\plugins\mcufinder//mcu/
2025-07-10 01:10:22,816 [WARN] DbFile:41 - Overriding database path with different value: C:\Users\Snoozer\.stmcufinder\plugins\mcufinder/ => C:\Users\Snoozer\.stmcufinder\plugins\mcufinder
2025-07-10 01:10:22,816 [INFO] DbMcusAds:125 - Set database path to: C:\Users\Snoozer\.stmcufinder\plugins\mcufinder//mcu/
2025-07-10 01:10:22,816 [WARN] DbFile:41 - Overriding database path with different value: C:\Users\Snoozer\.stmcufinder\plugins\mcufinder/ => C:\Users\Snoozer\.stmcufinder\plugins\mcufinder
2025-07-10 01:10:22,816 [WARN] DbFile:41 - Overriding database path with different value: C:\Users\Snoozer\.stmcufinder\plugins\mcufinder/ => C:\Users\Snoozer\.stmcufinder\plugins\mcufinder
2025-07-10 01:10:22,816 [INFO] CrossReferenceDbSqlite:203 - Set database path to: C:\Users\Snoozer\.stmcufinder\plugins\mcufinder//mcu/cs/
2025-07-10 01:10:22,827 [INFO] ApplicationProperties:184 - Using Application install path: E:\STM32CubeIDE_1.16.1\STM32CubeIDE\plugins\com.st.stm32cube.common.mx_6.15.0.202507011659
2025-07-10 01:10:22,828 [INFO] PluginManage:196 - Search for loadable plugins [exclusion list=, ]
2025-07-10 01:10:22,829 [INFO] PluginManage:310 - Check plugin analytics
2025-07-10 01:10:22,938 [INFO] AnalyticsPlugin:253 - Accepted Software Licenses: 
2025-07-10 01:10:22,938 [INFO] AnalyticsPlugin:255 - Accepted CMSIS Pack Licenses: 
2025-07-10 01:10:22,938 [INFO] AnalyticsPlugin:257 - Accepted Firmware Licenses: 
2025-07-10 01:10:22,940 [INFO] PluginManage:359 - Loaded plugin analytics (category:tool,tabindex:-1)
2025-07-10 01:10:22,940 [INFO] PluginManage:310 - Check plugin cadmodel
2025-07-10 01:10:22,943 [INFO] CADModel:105 - Init CAD model plugin
2025-07-10 01:10:22,943 [INFO] PluginManage:359 - Loaded plugin cadmodel (category:power,tabindex:5)
2025-07-10 01:10:22,943 [INFO] PluginManage:310 - Check plugin clock
2025-07-10 01:10:22,949 [INFO] PluginManage:359 - Loaded plugin clock (category:base,tabindex:2)
2025-07-10 01:10:22,949 [INFO] PluginManage:310 - Check plugin ddr
2025-07-10 01:10:22,951 [INFO] PluginManage:359 - Loaded plugin ddr (category:tool,tabindex:6)
2025-07-10 01:10:22,951 [INFO] PluginManage:310 - Check plugin filemanager
2025-07-10 01:10:23,075 [INFO] PluginManage:359 - Loaded plugin filemanager (category:base,tabindex:10)
2025-07-10 01:10:23,076 [INFO] PluginManage:310 - Check plugin ipmanager
2025-07-10 01:10:23,090 [INFO] PluginManage:359 - Loaded plugin ipmanager (category:base,tabindex:5)
2025-07-10 01:10:23,090 [INFO] PluginManage:310 - Check plugin lpbam
2025-07-10 01:10:23,097 [INFO] PluginManage:359 - Loaded plugin lpbam (category:base,tabindex:0)
2025-07-10 01:10:23,097 [INFO] PluginManage:310 - Check plugin memorymap
2025-07-10 01:10:23,107 [INFO] PluginManage:359 - Loaded plugin memorymap (category:base,tabindex:4)
2025-07-10 01:10:23,107 [INFO] PluginManage:310 - Check plugin pinoutandconfiguration
2025-07-10 01:10:23,112 [INFO] PluginManage:359 - Loaded plugin pinoutandconfiguration (category:base,tabindex:1)
2025-07-10 01:10:23,112 [INFO] PluginManage:310 - Check plugin pinoutconfig
2025-07-10 01:10:23,169 [WARN] SupportedApi:132 - Cannot load RTOS API schema: s4s-elt-must-match.1: The content of 'definitions' must match (annotation?, (simpleType | complexType)?, (unique | key | keyref)*)). A problem was found starting at: attribute.
2025-07-10 01:10:23,253 [INFO] PluginManage:359 - Loaded plugin pinoutconfig (category:base,tabindex:0)
2025-07-10 01:10:23,253 [INFO] PluginManage:310 - Check plugin power
2025-07-10 01:10:23,258 [INFO] PluginManage:359 - Loaded plugin power (category:power,tabindex:4)
2025-07-10 01:10:23,258 [INFO] PluginManage:310 - Check plugin projectmanager
2025-07-10 01:10:23,268 [INFO] PluginManage:359 - Loaded plugin projectmanager (category:projectmanager,tabindex:4)
2025-07-10 01:10:23,269 [INFO] PluginManage:310 - Check plugin rif
2025-07-10 01:10:23,273 [INFO] PluginManage:359 - Loaded plugin rif (category:base,tabindex:3)
2025-07-10 01:10:23,274 [INFO] PluginManage:310 - Check plugin thirdparty
2025-07-10 01:10:23,355 [INFO] PluginManage:359 - Loaded plugin thirdparty (category:base,tabindex:-1)
2025-07-10 01:10:23,354 [WARN] IntegrityCheckThread:84 - waiting for thirdparty lock release [integrity check]
2025-07-10 01:10:23,355 [INFO] IntegrityCheckThread:86 - entering critical section [integrity check]
2025-07-10 01:10:23,355 [INFO] PluginManage:310 - Check plugin tools
2025-07-10 01:10:23,355 [INFO] ThirdPartyUpdaterWithRetryManager:70 - Updater plugin not ready yet. [1/15]
2025-07-10 01:10:23,356 [INFO] PluginManage:359 - Loaded plugin tools (category:base,tabindex:7)
2025-07-10 01:10:23,357 [INFO] PluginManage:310 - Check plugin tutovideos
2025-07-10 01:10:23,485 [INFO] PluginManage:359 - Loaded plugin tutovideos (category:base,tabindex:-1)
2025-07-10 01:10:23,485 [INFO] PluginManage:310 - Check plugin updater
2025-07-10 01:10:23,497 [INFO] PluginManage:359 - Loaded plugin updater (category:base,tabindex:12)
2025-07-10 01:10:23,497 [INFO] PluginManage:310 - Check plugin userauth
2025-07-10 01:10:23,500 [INFO] UserAuth:118 - Init User Auth plugin
2025-07-10 01:10:23,500 [INFO] PluginManage:359 - Loaded plugin userauth (category:base,tabindex:14)
2025-07-10 01:10:23,501 [INFO] PluginManage:283 - PluginManage : Loaded plugins [18]
2025-07-10 01:10:23,629 [INFO] PinOutPanel:1589 - setPackage(No Configuration,No Configuration)
2025-07-10 01:10:23,681 [INFO] CADModel:165 - CPN selected for project level
2025-07-10 01:10:23,681 [INFO] CADModel:114 - Register for checkConnection events
2025-07-10 01:10:23,690 [INFO] IPUIPlugin:80 - create IPUIPlugin
2025-07-10 01:10:23,691 [INFO] PluginManager:220 - loadIPPluginJar : add adc
2025-07-10 01:10:23,692 [INFO] IPUIPlugin:80 - create IPUIPlugin
2025-07-10 01:10:23,692 [INFO] PluginManager:220 - loadIPPluginJar : add aes
2025-07-10 01:10:23,694 [INFO] IPUIPlugin:80 - create IPUIPlugin
2025-07-10 01:10:23,694 [INFO] PluginManager:220 - loadIPPluginJar : add can
2025-07-10 01:10:23,695 [INFO] IPUIPlugin:80 - create IPUIPlugin
2025-07-10 01:10:23,695 [INFO] PluginManager:220 - loadIPPluginJar : add comp
2025-07-10 01:10:23,696 [INFO] IPUIPlugin:80 - create IPUIPlugin
2025-07-10 01:10:23,696 [INFO] PluginManager:220 - loadIPPluginJar : add cryp
2025-07-10 01:10:23,698 [INFO] IPUIPlugin:80 - create IPUIPlugin
2025-07-10 01:10:23,698 [INFO] PluginManager:220 - loadIPPluginJar : add ddr_ctrl_phy
2025-07-10 01:10:23,699 [INFO] IPUIPlugin:80 - create IPUIPlugin
2025-07-10 01:10:23,699 [INFO] PluginManager:220 - loadIPPluginJar : add dfsdm
2025-07-10 01:10:23,702 [INFO] IPUIPlugin:80 - create IPUIPlugin
2025-07-10 01:10:23,702 [INFO] PluginManager:220 - loadIPPluginJar : add dma
2025-07-10 01:10:23,704 [INFO] IPUIPlugin:80 - create IPUIPlugin
2025-07-10 01:10:23,704 [INFO] PluginManager:220 - loadIPPluginJar : add dma3
2025-07-10 01:10:23,706 [INFO] IPUIPlugin:80 - create IPUIPlugin
2025-07-10 01:10:23,706 [INFO] PluginManager:220 - loadIPPluginJar : add extmemmanager
2025-07-10 01:10:23,707 [INFO] IPUIPlugin:80 - create IPUIPlugin
2025-07-10 01:10:23,707 [INFO] PluginManager:220 - loadIPPluginJar : add fatfs
2025-07-10 01:10:23,709 [INFO] IPUIPlugin:80 - create IPUIPlugin
2025-07-10 01:10:23,709 [INFO] PluginManager:220 - loadIPPluginJar : add fmc
2025-07-10 01:10:23,713 [INFO] IPUIPlugin:80 - create IPUIPlugin
2025-07-10 01:10:23,713 [INFO] PluginManager:220 - loadIPPluginJar : add freertos
2025-07-10 01:10:23,714 [INFO] IPUIPlugin:80 - create IPUIPlugin
2025-07-10 01:10:23,714 [INFO] PluginManager:220 - loadIPPluginJar : add genericplugin
2025-07-10 01:10:23,715 [INFO] IPUIPlugin:80 - create IPUIPlugin
2025-07-10 01:10:23,716 [INFO] PluginManager:220 - loadIPPluginJar : add gfxmmu
2025-07-10 01:10:23,718 [INFO] IPUIPlugin:80 - create IPUIPlugin
2025-07-10 01:10:23,719 [INFO] PluginManager:220 - loadIPPluginJar : add gic
2025-07-10 01:10:23,721 [INFO] IPUIPlugin:80 - create IPUIPlugin
2025-07-10 01:10:23,721 [INFO] PluginManager:220 - loadIPPluginJar : add gpio
2025-07-10 01:10:23,723 [INFO] IPUIPlugin:80 - create IPUIPlugin
2025-07-10 01:10:23,723 [INFO] PluginManager:220 - loadIPPluginJar : add gtzc
2025-07-10 01:10:23,725 [INFO] IPUIPlugin:80 - create IPUIPlugin
2025-07-10 01:10:23,725 [INFO] PluginManager:220 - loadIPPluginJar : add hash
2025-07-10 01:10:23,726 [INFO] IPUIPlugin:80 - create IPUIPlugin
2025-07-10 01:10:23,726 [INFO] PluginManager:220 - loadIPPluginJar : add i2c
2025-07-10 01:10:23,728 [INFO] IPUIPlugin:80 - create IPUIPlugin
2025-07-10 01:10:23,728 [INFO] PluginManager:220 - loadIPPluginJar : add i2s
2025-07-10 01:10:23,729 [INFO] IPUIPlugin:80 - create IPUIPlugin
2025-07-10 01:10:23,729 [INFO] PluginManager:220 - loadIPPluginJar : add i3c
2025-07-10 01:10:23,731 [INFO] IPUIPlugin:80 - create IPUIPlugin
2025-07-10 01:10:23,731 [INFO] PluginManager:220 - loadIPPluginJar : add ipddr
2025-07-10 01:10:23,735 [INFO] IPUIPlugin:80 - create IPUIPlugin
2025-07-10 01:10:23,735 [INFO] PluginManager:220 - loadIPPluginJar : add linkedlist
2025-07-10 01:10:23,737 [INFO] IPUIPlugin:80 - create IPUIPlugin
2025-07-10 01:10:23,737 [INFO] PluginManager:220 - loadIPPluginJar : add lorawan
2025-07-10 01:10:23,737 [INFO] IPUIPlugin:80 - create IPUIPlugin
2025-07-10 01:10:23,738 [INFO] PluginManager:220 - loadIPPluginJar : add ltdc
2025-07-10 01:10:23,741 [INFO] IPUIPlugin:80 - create IPUIPlugin
2025-07-10 01:10:23,741 [INFO] PluginManager:220 - loadIPPluginJar : add mdma
2025-07-10 01:10:23,743 [INFO] IPUIPlugin:80 - create IPUIPlugin
2025-07-10 01:10:23,743 [INFO] PluginManager:220 - loadIPPluginJar : add nvic
2025-07-10 01:10:23,744 [INFO] IPUIPlugin:80 - create IPUIPlugin
2025-07-10 01:10:23,744 [INFO] PluginManager:220 - loadIPPluginJar : add opamp
2025-07-10 01:10:23,746 [INFO] IPUIPlugin:80 - create IPUIPlugin
2025-07-10 01:10:23,746 [INFO] PluginManager:220 - loadIPPluginJar : add openamp
2025-07-10 01:10:23,748 [INFO] IPUIPlugin:80 - create IPUIPlugin
2025-07-10 01:10:23,748 [INFO] PluginManager:220 - loadIPPluginJar : add pdm2pcm
2025-07-10 01:10:23,751 [INFO] IPUIPlugin:80 - create IPUIPlugin
2025-07-10 01:10:23,752 [INFO] PluginManager:220 - loadIPPluginJar : add plateformsettings
2025-07-10 01:10:23,753 [INFO] IPUIPlugin:80 - create IPUIPlugin
2025-07-10 01:10:23,754 [INFO] PluginManager:220 - loadIPPluginJar : add quadspi
2025-07-10 01:10:23,755 [INFO] IPUIPlugin:80 - create IPUIPlugin
2025-07-10 01:10:23,755 [INFO] PluginManager:220 - loadIPPluginJar : add radio
2025-07-10 01:10:23,757 [INFO] IPUIPlugin:80 - create IPUIPlugin
2025-07-10 01:10:23,757 [INFO] PluginManager:220 - loadIPPluginJar : add resmgrutility
2025-07-10 01:10:23,759 [INFO] IPUIPlugin:80 - create IPUIPlugin
2025-07-10 01:10:23,759 [INFO] PluginManager:220 - loadIPPluginJar : add sai
2025-07-10 01:10:23,760 [INFO] IPUIPlugin:80 - create IPUIPlugin
2025-07-10 01:10:23,760 [INFO] PluginManager:220 - loadIPPluginJar : add spi
2025-07-10 01:10:23,764 [INFO] IPUIPlugin:80 - create IPUIPlugin
2025-07-10 01:10:23,764 [INFO] PluginManager:220 - loadIPPluginJar : add stm32_wpan
2025-07-10 01:10:23,765 [INFO] IPUIPlugin:80 - create IPUIPlugin
2025-07-10 01:10:23,765 [INFO] PluginManager:220 - loadIPPluginJar : add tim
2025-07-10 01:10:23,767 [INFO] IPUIPlugin:80 - create IPUIPlugin
2025-07-10 01:10:23,767 [INFO] PluginManager:220 - loadIPPluginJar : add touchsensing
2025-07-10 01:10:23,768 [INFO] IPUIPlugin:80 - create IPUIPlugin
2025-07-10 01:10:23,768 [INFO] PluginManager:220 - loadIPPluginJar : add tracer_emb
2025-07-10 01:10:23,769 [INFO] IPUIPlugin:80 - create IPUIPlugin
2025-07-10 01:10:23,769 [INFO] PluginManager:220 - loadIPPluginJar : add ts
2025-07-10 01:10:23,770 [INFO] IPUIPlugin:80 - create IPUIPlugin
2025-07-10 01:10:23,770 [INFO] PluginManager:220 - loadIPPluginJar : add tsc
2025-07-10 01:10:23,771 [INFO] IPUIPlugin:80 - create IPUIPlugin
2025-07-10 01:10:23,771 [INFO] PluginManager:220 - loadIPPluginJar : add ucpd
2025-07-10 01:10:23,773 [INFO] IPUIPlugin:80 - create IPUIPlugin
2025-07-10 01:10:23,773 [INFO] PluginManager:220 - loadIPPluginJar : add usart
2025-07-10 01:10:23,775 [INFO] IPUIPlugin:80 - create IPUIPlugin
2025-07-10 01:10:23,775 [INFO] PluginManager:220 - loadIPPluginJar : add usbx
2025-07-10 01:10:23,881 [FATAL] Updater:351 - Updater called before beeing initialized
2025-07-10 01:10:23,896 [INFO] RulesReader:64 - Compatibility file has been processed (317 Rules)
2025-07-10 01:10:23,904 [INFO] RulesReader:64 - Compatibility file has been processed (317 Rules)
2025-07-10 01:10:23,908 [INFO] CADModel:165 - CPN selected for project level
2025-07-10 01:10:23,908 [INFO] CADModel:114 - Register for checkConnection events
2025-07-10 01:10:23,908 [FATAL] Updater:351 - Updater called before beeing initialized
2025-07-10 01:10:23,909 [ERROR] CADModel:125 - Updater not yet initialized, retry later 
2025-07-10 01:10:23,985 [FATAL] Updater:351 - Updater called before beeing initialized
2025-07-10 01:10:23,986 [INFO] CADModel:165 - CPN selected for project level
2025-07-10 01:10:23,986 [INFO] CADModel:114 - Register for checkConnection events
2025-07-10 01:10:23,986 [FATAL] Updater:351 - Updater called before beeing initialized
2025-07-10 01:10:23,986 [ERROR] CADModel:125 - Updater not yet initialized, retry later 
2025-07-10 01:10:23,988 [FATAL] Updater:351 - Updater called before beeing initialized
2025-07-10 01:10:24,057 [FATAL] Updater:351 - Updater called before beeing initialized
2025-07-10 01:10:24,060 [INFO] DbMcusAds:53 - JSON generation date=Tue Jul 08 03:14:23 CDT 2025 (1751962463582)
2025-07-10 01:10:24,060 [FATAL] Updater:351 - Updater called before beeing initialized
2025-07-10 01:10:24,083 [WARN] DetailPanel:346 - Failed to get advertising image, set to default
2025-07-10 01:10:24,143 [FATAL] Updater:351 - Updater called before beeing initialized
2025-07-10 01:10:24,144 [FATAL] Updater:351 - Updater called before beeing initialized
2025-07-10 01:10:24,145 [FATAL] Updater:351 - Updater called before beeing initialized
2025-07-10 01:10:24,145 [WARN] DetailPanel:346 - Failed to get advertising image, set to default
2025-07-10 01:10:24,145 [FATAL] Updater:351 - Updater called before beeing initialized
2025-07-10 01:10:24,173 [ERROR] Updater:1198 - MainUpdater not yet initialized. External WinMGr cannot be set.
2025-07-10 01:10:24,174 [INFO] Updater:1134 - Updater Version found : 6.15.0
2025-07-10 01:10:24,184 [INFO] ApplicationProperties:184 - Using Application install path: E:\STM32CubeIDE_1.16.1\STM32CubeIDE\plugins\com.st.stm32cube.common.mx_6.15.0.202507011659
2025-07-10 01:10:25,750 [ERROR] LogOutputStream:75 - [STDERR_REDIRECT] Jul 10, 2025 1:10:25 AM java.util.prefs.WindowsPreferences <init>
2025-07-10 01:10:25,751 [ERROR] LogOutputStream:75 - [STDERR_REDIRECT] WARNING: Could not open/create prefs root node Software\JavaSoft\Prefs at root 0xffffffff80000002. Windows RegCreateKeyEx(...) returned error code 5.
2025-07-10 01:10:25,751 [ERROR] LogOutputStream:75 - [STDERR_REDIRECT] 
2025-07-10 01:10:25,932 [INFO] MainUpdater:2872 - connection check result : 10
2025-07-10 01:10:25,933 [INFO] MainUpdater:289 - Updater Check For Update Now.
2025-07-10 01:10:25,933 [INFO] MicroXplorer:498 - Change Database Version : DB.6.0.150
2025-07-10 01:10:25,936 [INFO] McuFinderGlobals:63 - Set McuFinder mode to 2 (CubeIDE integrated)
2025-07-10 01:10:25,937 [INFO] UserAuth:487 - Internet connection configuration mode: 1
2025-07-10 01:10:25,946 [INFO] JxBrowserEngine:152 - Initiate JxBrowser Engine with user profile folder
2025-07-10 01:10:26,084 [INFO] CheckServerUpdateThread:120 - End of CheckServer Thread
2025-07-10 01:10:26,308 [INFO] WebApp:169 - Instantiating new browser for Auth
2025-07-10 01:10:26,515 [WARN] PackLoader:240 - Cannot read IP mode file for STMicroelectronics.FP-SNS-MOTENVWB1.1.4.0
2025-07-10 01:10:26,521 [WARN] PackLoader:240 - Cannot read IP mode file for STMicroelectronics.FP-ATR-ASTRA1.2.0.2
2025-07-10 01:10:26,526 [WARN] PackLoader:240 - Cannot read IP mode file for STMicroelectronics.X-CUBE-SMBUS.2.1.0
2025-07-10 01:10:26,530 [WARN] PackLoader:240 - Cannot read IP mode file for STMicroelectronics.X-CUBE-ST60.1.0.0
2025-07-10 01:10:26,553 [WARN] PackLoader:240 - Cannot read IP mode file for STMicroelectronics.X-CUBE-AZRTOS-F7.1.1.0
2025-07-10 01:10:26,602 [WARN] PackLoader:240 - Cannot read IP mode file for STMicroelectronics.X-CUBE-MEMS1.11.0.0
2025-07-10 01:10:26,717 [WARN] PackLoader:240 - Cannot read IP mode file for STMicroelectronics.FP-SNS-FLIGHT1.5.0.2
2025-07-10 01:10:26,733 [WARN] PackLoader:240 - Cannot read IP mode file for STMicroelectronics.X-CUBE-AZRTOS-H7.3.4.0
2025-07-10 01:10:26,740 [WARN] PackLoader:240 - Cannot read IP mode file for STMicroelectronics.X-CUBE-DISPLAY.3.0.0
2025-07-10 01:10:26,750 [WARN] PackLoader:240 - Cannot read IP mode file for STMicroelectronics.X-CUBE-BLE1.7.0.0
2025-07-10 01:10:26,756 [WARN] PackLoader:240 - Cannot read IP mode file for STMicroelectronics.X-CUBE-NFC10.1.0.0
2025-07-10 01:10:26,764 [WARN] PackLoader:240 - Cannot read IP mode file for STMicroelectronics.X-CUBE-BLEMGR.4.0.0
2025-07-10 01:10:26,770 [WARN] PackLoader:240 - Cannot read IP mode file for emotas.I-CUBE-CANOPEN.1.3.0
2025-07-10 01:10:26,775 [WARN] ConditionMgr:438 - getConditionDescription Invalid condition id : Cortex-A Device cause : null
2025-07-10 01:10:26,786 [WARN] ConditionMgr:1044 - genDependencies : Invalid condition id : Cortex-A Device cause : null
2025-07-10 01:10:26,786 [WARN] ConditionMgr:1044 - genDependencies : Invalid condition id : Cortex-A Device cause : null
2025-07-10 01:10:26,786 [WARN] ConditionMgr:1044 - genDependencies : Invalid condition id : Cortex-A Device cause : null
2025-07-10 01:10:26,792 [WARN] PackLoader:240 - Cannot read IP mode file for STMicroelectronics.X-CUBE-BLEMGR.3.1.0
2025-07-10 01:10:26,796 [WARN] PackLoader:240 - Cannot read IP mode file for STMicroelectronics.X-CUBE-AI.10.0.0
2025-07-10 01:10:26,800 [WARN] PackLoader:240 - Cannot read IP mode file for STMicroelectronics.FP-SNS-SMARTAG2.1.2.0
2025-07-10 01:10:26,804 [WARN] PackLoader:240 - Cannot read IP mode file for STMicroelectronics.FP-SNS-FLIGHT1.5.1.0
2025-07-10 01:10:26,812 [INFO] LogOutputStream:77 - [STDOUT_REDIRECT] 1 : Invalid condition id : UX_CORESTACK_Condition cause : null
2025-07-10 01:10:26,812 [INFO] LogOutputStream:77 - [STDOUT_REDIRECT] 1 : Invalid condition id : UX_CORESTACK_Condition cause : null
2025-07-10 01:10:26,813 [INFO] LogOutputStream:77 - [STDOUT_REDIRECT] 1 : Invalid condition id : UX_CORESTACK_Condition cause : null
2025-07-10 01:10:26,814 [INFO] LogOutputStream:77 - [STDOUT_REDIRECT] 1 : Invalid condition id : UX_CORESTACK_Condition cause : null
2025-07-10 01:10:26,815 [INFO] LogOutputStream:77 - [STDOUT_REDIRECT] 1 : Invalid condition id : UX_CORESTACK_Condition cause : null
2025-07-10 01:10:26,817 [WARN] PackLoader:240 - Cannot read IP mode file for STMicroelectronics.X-CUBE-AZRTOS-WL.2.0.0
2025-07-10 01:10:26,822 [WARN] PackLoader:240 - Cannot read IP mode file for STMicroelectronics.FP-SNS-MOTENV1.5.0.0
2025-07-10 01:10:26,826 [WARN] PackLoader:240 - Cannot read IP mode file for wolfSSL.I-CUBE-wolfMQTT.1.19.0
2025-07-10 01:10:26,831 [WARN] PackLoader:240 - Cannot read IP mode file for WES.I-CUBE-Cesium.1.3.0
2025-07-10 01:10:26,839 [WARN] PackLoader:240 - Cannot read IP mode file for STMicroelectronics.X-CUBE-BLE2.3.3.0
2025-07-10 01:10:26,844 [WARN] PackLoader:240 - Cannot read IP mode file for STMicroelectronics.X-CUBE-NFC9.1.0.0
2025-07-10 01:10:26,848 [WARN] PackLoader:240 - Cannot read IP mode file for STMicroelectronics.X-CUBE-BLE1.7.1.0
2025-07-10 01:10:26,852 [WARN] PackLoader:240 - Cannot read IP mode file for STMicroelectronics.X-CUBE-TCPP.4.1.0
2025-07-10 01:10:26,855 [WARN] PackLoader:240 - Cannot read IP mode file for STMicroelectronics.X-CUBE-AI.10.1.0
2025-07-10 01:10:26,896 [WARN] PackLoader:240 - Cannot read IP mode file for STMicroelectronics.X-CUBE-MEMS1.11.2.0
2025-07-10 01:10:26,968 [INFO] WebApp:463 - Apply proxy settings
2025-07-10 01:10:26,968 [INFO] WebApp:548 - Chromium requires no authentication
2025-07-10 01:10:26,974 [INFO] WebApp:491 - Direct internet connection detected
2025-07-10 01:10:26,992 [INFO] WebApp:900 - Register for checkConnection events
2025-07-10 01:10:26,992 [INFO] WebApp:463 - Apply proxy settings
2025-07-10 01:10:26,993 [INFO] WebApp:548 - Chromium requires no authentication
2025-07-10 01:10:26,993 [INFO] WebApp:491 - Direct internet connection detected
2025-07-10 01:10:26,993 [WARN] PackLoader:240 - Cannot read IP mode file for STMicroelectronics.X-CUBE-AZRTOS-G0.1.1.0
2025-07-10 01:10:26,999 [WARN] PackLoader:240 - Cannot read IP mode file for STMicroelectronics.X-CUBE-SAFEA1.1.2.2
2025-07-10 01:10:27,003 [WARN] PackLoader:240 - Cannot read IP mode file for STMicroelectronics.X-CUBE-NFC4.3.0.0
2025-07-10 01:10:27,010 [WARN] PackLoader:240 - Cannot read IP mode file for EmbeddedOffice.I-CUBE-FS-RTOS.1.0.1
2025-07-10 01:10:27,014 [WARN] PackLoader:240 - Cannot read IP mode file for STMicroelectronics.X-CUBE-WB05N.2.0.0
2025-07-10 01:10:27,018 [WARN] PackLoader:240 - Cannot read IP mode file for STMicroelectronics.X-CUBE-TCPP.4.2.0
2025-07-10 01:10:27,022 [WARN] PackLoader:240 - Cannot read IP mode file for RealThread.X-CUBE-RT-Thread_Nano.4.1.1
2025-07-10 01:10:27,025 [WARN] PackLoader:240 - Cannot read IP mode file for STMicroelectronics.FP-ATR-SIGFOX1.3.2.0
2025-07-10 01:10:27,027 [WARN] PackLoader:240 - Cannot read IP mode file for wolfSSL.I-CUBE-wolfSSL.5.7.2
2025-07-10 01:10:27,031 [WARN] PackLoader:240 - Cannot read IP mode file for STMicroelectronics.X-CUBE-EEPRMA1.5.1.0
2025-07-10 01:10:27,036 [WARN] PackLoader:240 - Cannot read IP mode file for ITTIA_DB.I-CUBE-ITTIADB.8.9.0
2025-07-10 01:10:27,040 [WARN] PackLoader:240 - Cannot read IP mode file for STMicroelectronics.X-CUBE-ST67W61.1.0.0
2025-07-10 01:10:27,059 [WARN] PackLoader:240 - Cannot read IP mode file for SEGGER.I-CUBE-embOS.1.3.1
2025-07-10 01:10:27,082 [WARN] PackLoader:240 - Cannot read IP mode file for STMicroelectronics.X-CUBE-ALGOBUILD.1.4.0
2025-07-10 01:10:27,113 [WARN] PackLoader:240 - Cannot read IP mode file for STMicroelectronics.X-CUBE-MEMS1.11.3.0
2025-07-10 01:10:27,130 [INFO] WebApp:225 - Starting web application
2025-07-10 01:10:27,131 [INFO] WebApp:593 - Web application path used E:\STM32CubeIDE_1.16.1\STM32CubeIDE\plugins\com.st.stm32cube.common.mx_6.15.0.202507011659\db\plugins\mcufinder\reactClient1\index.html
2025-07-10 01:10:27,134 [INFO] WebApp:191 - Connection restablished
2025-07-10 01:10:27,201 [WARN] PackLoader:240 - Cannot read IP mode file for STMicroelectronics.X-CUBE-AI.9.1.0
2025-07-10 01:10:27,204 [WARN] PackLoader:240 - Cannot read IP mode file for STMicroelectronics.X-CUBE-PM33A1.1.0.0
2025-07-10 01:10:27,216 [WARN] PackLoader:240 - Cannot read IP mode file for STMicroelectronics.X-CUBE-AZRTOS-F4.1.1.0
2025-07-10 01:10:27,221 [WARN] PackLoader:240 - Cannot read IP mode file for Avnet-IotConnect.X-CUBE-IoTC-DA16k-PMOD.1.0.0
2025-07-10 01:10:27,223 [INFO] UserAuth:487 - Internet connection configuration mode: 1
2025-07-10 01:10:27,223 [WARN] PackLoader:240 - Cannot read IP mode file for STMicroelectronics.X-CUBE-ISPU.2.1.0
2025-07-10 01:10:27,227 [WARN] PackLoader:240 - Cannot read IP mode file for STMicroelectronics.X-CUBE-FREERTOS.1.2.0
2025-07-10 01:10:27,236 [WARN] PackLoader:240 - Cannot read IP mode file for STMicroelectronics.X-CUBE-AZRTOS-L5.2.0.0
2025-07-10 01:10:27,242 [WARN] PackLoader:240 - Cannot read IP mode file for STMicroelectronics.X-CUBE-NFC6.3.1.0
2025-07-10 01:10:27,246 [WARN] PackLoader:240 - Cannot read IP mode file for STMicroelectronics.X-CUBE-DPower.1.2.0
2025-07-10 01:10:27,250 [WARN] PackLoader:240 - Cannot read IP mode file for STMicroelectronics.X-CUBE-FREERTOS.1.3.1
2025-07-10 01:10:27,253 [WARN] PackLoader:240 - Cannot read IP mode file for STMicroelectronics.X-CUBE-NFC7.1.0.1
2025-07-10 01:10:27,256 [WARN] PackLoader:240 - Cannot read IP mode file for STMicroelectronics.FP-SNS-STAIOTCFT.1.0.0
2025-07-10 01:10:27,259 [WARN] PackLoader:240 - Cannot read IP mode file for STMicroelectronics.X-CUBE-DPower.1.3.0
2025-07-10 01:10:27,269 [WARN] ConditionMgr:438 - getConditionDescription Invalid condition id : LAN8742 Phy interface Condition cause : null
2025-07-10 01:10:27,269 [WARN] PackLoader:240 - Cannot read IP mode file for STMicroelectronics.X-CUBE-AZRTOS-L4.2.0.0
2025-07-10 01:10:27,270 [WARN] ConditionMgr:1044 - genDependencies : Invalid condition id : LAN8742 Phy interface Condition cause : null
2025-07-10 01:10:27,270 [WARN] ConditionMgr:1044 - genDependencies : Invalid condition id : LAN8742 Phy interface Condition cause : null
2025-07-10 01:10:27,270 [WARN] ConditionMgr:1044 - genDependencies : Invalid condition id : LAN8742 Phy interface Condition cause : null
2025-07-10 01:10:27,275 [WARN] PackLoader:240 - Cannot read IP mode file for STMicroelectronics.X-CUBE-SFXS2LP1.4.0.0
2025-07-10 01:10:27,300 [WARN] PackLoader:240 - Cannot read IP mode file for STMicroelectronics.X-CUBE-AZRTOS-H7.3.3.0
2025-07-10 01:10:27,310 [WARN] ConditionMgr:438 - getConditionDescription Invalid condition id : UX DEVICE CLASS RTOS Condition cause : null
2025-07-10 01:10:27,310 [WARN] ConditionMgr:438 - getConditionDescription Invalid condition id : UX DEVICE CLASS RTOS Condition cause : null
2025-07-10 01:10:27,312 [WARN] PackLoader:240 - Cannot read IP mode file for STMicroelectronics.X-CUBE-AZRTOS-WB.2.0.0
2025-07-10 01:10:27,312 [WARN] ConditionMgr:1044 - genDependencies : Invalid condition id : UX DEVICE CLASS RTOS Condition cause : null
2025-07-10 01:10:27,312 [WARN] ConditionMgr:1044 - genDependencies : Invalid condition id : UX DEVICE CLASS RTOS Condition cause : null
2025-07-10 01:10:27,312 [WARN] ConditionMgr:1044 - genDependencies : Invalid condition id : UX DEVICE CLASS RTOS Condition cause : null
2025-07-10 01:10:27,312 [WARN] ConditionMgr:1044 - genDependencies : Invalid condition id : UX DEVICE CLASS RTOS Condition cause : null
2025-07-10 01:10:27,313 [WARN] ConditionMgr:1044 - genDependencies : Invalid condition id : UX DEVICE CLASS RTOS Condition cause : null
2025-07-10 01:10:27,316 [WARN] PackLoader:240 - Cannot read IP mode file for STMicroelectronics.X-CUBE-GNSS1.7.0.0
2025-07-10 01:10:27,321 [WARN] PackLoader:240 - Cannot read IP mode file for STMicroelectronics.X-CUBE-GNSS1.7.0.1
2025-07-10 01:10:27,324 [WARN] PackLoader:240 - Cannot read IP mode file for STMicroelectronics.X-CUBE-TOUCHGFX.4.25.0
2025-07-10 01:10:27,328 [WARN] PackLoader:240 - Cannot read IP mode file for STMicroelectronics.FP-SNS-STBOX1.2.0.0
2025-07-10 01:10:27,336 [WARN] PackLoader:240 - Cannot read IP mode file for STMicroelectronics.X-CUBE-SUBG2.5.0.0
2025-07-10 01:10:27,359 [WARN] PackLoader:240 - Cannot read IP mode file for STMicroelectronics.X-CUBE-AZRTOS-H7RS.1.1.0
2025-07-10 01:10:27,363 [WARN] PackLoader:240 - Cannot read IP mode file for Cesanta.I-CUBE-Mongoose.7.13.0
2025-07-10 01:10:27,370 [WARN] PackLoader:240 - Cannot read IP mode file for STMicroelectronics.X-CUBE-AZRTOS-G4.2.0.0
2025-07-10 01:10:27,374 [WARN] PackLoader:240 - Cannot read IP mode file for STMicroelectronics.X-CUBE-NFC7.2.0.0
2025-07-10 01:10:27,382 [WARN] PackLoader:240 - Cannot read IP mode file for STMicroelectronics.X-CUBE-IPS.3.1.0
2025-07-10 01:10:27,387 [WARN] PackLoader:240 - Cannot read IP mode file for STMicroelectronics.X-CUBE-ALS.1.0.2
2025-07-10 01:10:27,390 [WARN] PackLoader:240 - Cannot read IP mode file for STMicroelectronics.X-CUBE-TOUCHGFX.4.24.1
2025-07-10 01:10:27,392 [WARN] PackLoader:240 - Cannot read IP mode file for wolfSSL.I-CUBE-wolfTPM.3.4.0
2025-07-10 01:10:27,396 [WARN] PackLoader:240 - Cannot read IP mode file for portGmbH.I-Cube-SoM-uGOAL.1.1.0
2025-07-10 01:10:27,405 [WARN] PackLoader:240 - Cannot read IP mode file for STMicroelectronics.X-CUBE-AZRTOS-H7RS.1.0.0
2025-07-10 01:10:27,408 [WARN] PackLoader:240 - Cannot read IP mode file for STMicroelectronics.FP-ATR-ASTRA1.2.0.0
2025-07-10 01:10:27,414 [WARN] PackLoader:240 - Cannot read IP mode file for STMicroelectronics.X-CUBE-TOF1.3.4.2
2025-07-10 01:10:27,433 [WARN] PackLoader:240 - Cannot read IP mode file for STMicroelectronics.X-CUBE-TOF1.3.4.3
2025-07-10 01:10:27,463 [WARN] PackLoader:240 - Cannot read IP mode file for Infineon.AIROC-Wi-Fi-Bluetooth-STM32.1.6.1
2025-07-10 01:10:27,467 [WARN] PackLoader:240 - Cannot read IP mode file for wolfSSL.I-CUBE-wolfSSH.1.4.17
2025-07-10 01:10:27,468 [INFO] ThirdParty:978 - Integrity check success = true
2025-07-10 01:10:27,468 [INFO] IntegrityCheckThread:100 - exiting critical section [integrity check]
2025-07-10 01:10:27,468 [INFO] IntegrityCheckThread:103 - End integrity checks thread
2025-07-10 01:10:29,218 [ERROR] LogOutputStream:75 - [STDERR_REDIRECT] 
2025-07-10 01:10:29,218 [ERROR] LogOutputStream:75 - [STDERR_REDIRECT] 
2025-07-10 01:10:32,867 [INFO] Activator:176 - 


2025-07-10 01:10:32,868 [INFO] Activator:177 - !SESSION log4j initialized
2025-07-10 01:10:35,209 [INFO] LogOutputStream:77 - [STDOUT_REDIRECT] 
2025-07-10 01:10:36,574 [INFO] ApplicationProperties:184 - Using Application install path: E:\STM32CubeIDE_1.16.1\STM32CubeIDE\plugins\com.st.stm32cube.common.mx_6.15.0.202507011659
2025-07-10 01:10:36,585 [INFO] DbMcusXml:78 - Set database path to: E:\STM32CubeIDE_1.16.1\STM32CubeIDE\plugins\com.st.stm32cube.common.mx_6.15.0.202507011659\\db\/mcu/
2025-07-10 01:10:36,585 [INFO] ApiDb:274 - Set plugin database path to: E:\STM32CubeIDE_1.16.1\STM32CubeIDE\plugins\com.st.stm32cube.common.mx_6.15.0.202507011659\\db\/plugins/boardmanager/
2025-07-10 01:10:36,585 [WARN] ApiDb:259 - Overriding images path with different value:  => E:\STM32CubeIDE_1.16.1\STM32CubeIDE\plugins\com.st.stm32cube.common.mx_6.15.0.202507011659\\db\/plugins/mcufinder/images/
2025-07-10 01:10:36,588 [INFO] ApiDb:250 - Set database path to: C:\Users\Snoozer\.stmcufinder\plugins\mcufinder//mcu/
2025-07-10 01:10:36,589 [INFO] DbMcusAds:125 - Set database path to: C:\Users\Snoozer\.stmcufinder\plugins\mcufinder//mcu/
2025-07-10 01:10:36,590 [INFO] CrossReferenceDbSqlite:203 - Set database path to: C:\Users\Snoozer\.stmcufinder\plugins\mcufinder//mcu/cs/
2025-07-10 01:10:36,664 [INFO] RulesReader:64 - Compatibility file has been processed (317 Rules)
2025-07-10 01:10:36,711 [INFO] DbMcusXml:78 - Set database path to: E:\STM32CubeIDE_1.16.1\STM32CubeIDE\plugins\com.st.stm32cube.common.mx_6.15.0.202507011659\\db\/mcu/
2025-07-10 01:10:36,711 [INFO] ApiDb:274 - Set plugin database path to: E:\STM32CubeIDE_1.16.1\STM32CubeIDE\plugins\com.st.stm32cube.common.mx_6.15.0.202507011659\\db\/plugins/boardmanager/
2025-07-10 01:10:36,711 [INFO] ApiDb:261 - Set plugin images path to: E:\STM32CubeIDE_1.16.1\STM32CubeIDE\plugins\com.st.stm32cube.common.mx_6.15.0.202507011659\\db\/plugins/mcufinder/images/
2025-07-10 01:10:36,711 [WARN] DbFile:41 - Overriding database path with different value: C:\Users\Snoozer\.stmcufinder\plugins\mcufinder/ => C:\Users\Snoozer\.stmcufinder\plugins\mcufinder
2025-07-10 01:10:36,711 [INFO] ApiDb:250 - Set database path to: C:\Users\Snoozer\.stmcufinder\plugins\mcufinder//mcu/
2025-07-10 01:10:36,711 [WARN] DbFile:41 - Overriding database path with different value: C:\Users\Snoozer\.stmcufinder\plugins\mcufinder/ => C:\Users\Snoozer\.stmcufinder\plugins\mcufinder
2025-07-10 01:10:36,712 [INFO] DbMcusAds:125 - Set database path to: C:\Users\Snoozer\.stmcufinder\plugins\mcufinder//mcu/
2025-07-10 01:10:36,712 [WARN] DbFile:41 - Overriding database path with different value: C:\Users\Snoozer\.stmcufinder\plugins\mcufinder/ => C:\Users\Snoozer\.stmcufinder\plugins\mcufinder
2025-07-10 01:10:36,712 [WARN] DbFile:41 - Overriding database path with different value: C:\Users\Snoozer\.stmcufinder\plugins\mcufinder/ => C:\Users\Snoozer\.stmcufinder\plugins\mcufinder
2025-07-10 01:10:36,712 [INFO] CrossReferenceDbSqlite:203 - Set database path to: C:\Users\Snoozer\.stmcufinder\plugins\mcufinder//mcu/cs/
2025-07-10 01:10:36,755 [INFO] MainPanel:274 - HeapMemory: 268435456
2025-07-10 01:10:36,808 [INFO] DbMcusXml:78 - Set database path to: E:\STM32CubeIDE_1.16.1\STM32CubeIDE\plugins\com.st.stm32cube.common.mx_6.15.0.202507011659\\db\/mcu/
2025-07-10 01:10:36,808 [INFO] ApiDb:274 - Set plugin database path to: E:\STM32CubeIDE_1.16.1\STM32CubeIDE\plugins\com.st.stm32cube.common.mx_6.15.0.202507011659\\db\/plugins/boardmanager/
2025-07-10 01:10:36,808 [INFO] ApiDb:261 - Set plugin images path to: E:\STM32CubeIDE_1.16.1\STM32CubeIDE\plugins\com.st.stm32cube.common.mx_6.15.0.202507011659\\db\/plugins/mcufinder/images/
2025-07-10 01:10:36,809 [WARN] DbFile:41 - Overriding database path with different value: C:\Users\Snoozer\.stmcufinder\plugins\mcufinder/ => C:\Users\Snoozer\.stmcufinder\plugins\mcufinder
2025-07-10 01:10:36,809 [INFO] ApiDb:250 - Set database path to: C:\Users\Snoozer\.stmcufinder\plugins\mcufinder//mcu/
2025-07-10 01:10:36,809 [WARN] DbFile:41 - Overriding database path with different value: C:\Users\Snoozer\.stmcufinder\plugins\mcufinder/ => C:\Users\Snoozer\.stmcufinder\plugins\mcufinder
2025-07-10 01:10:36,809 [INFO] DbMcusAds:125 - Set database path to: C:\Users\Snoozer\.stmcufinder\plugins\mcufinder//mcu/
2025-07-10 01:10:36,809 [WARN] DbFile:41 - Overriding database path with different value: C:\Users\Snoozer\.stmcufinder\plugins\mcufinder/ => C:\Users\Snoozer\.stmcufinder\plugins\mcufinder
2025-07-10 01:10:36,809 [WARN] DbFile:41 - Overriding database path with different value: C:\Users\Snoozer\.stmcufinder\plugins\mcufinder/ => C:\Users\Snoozer\.stmcufinder\plugins\mcufinder
2025-07-10 01:10:36,809 [INFO] CrossReferenceDbSqlite:203 - Set database path to: C:\Users\Snoozer\.stmcufinder\plugins\mcufinder//mcu/cs/
2025-07-10 01:10:36,820 [INFO] ApplicationProperties:184 - Using Application install path: E:\STM32CubeIDE_1.16.1\STM32CubeIDE\plugins\com.st.stm32cube.common.mx_6.15.0.202507011659
2025-07-10 01:10:36,821 [INFO] PluginManage:196 - Search for loadable plugins [exclusion list=, ]
2025-07-10 01:10:36,821 [INFO] PluginManage:310 - Check plugin analytics
2025-07-10 01:10:36,965 [INFO] AnalyticsPlugin:253 - Accepted Software Licenses: 
2025-07-10 01:10:36,967 [INFO] AnalyticsPlugin:255 - Accepted CMSIS Pack Licenses: 
2025-07-10 01:10:36,968 [INFO] AnalyticsPlugin:257 - Accepted Firmware Licenses: 
2025-07-10 01:10:36,978 [INFO] PluginManage:359 - Loaded plugin analytics (category:tool,tabindex:-1)
2025-07-10 01:10:36,979 [INFO] PluginManage:310 - Check plugin cadmodel
2025-07-10 01:10:36,985 [INFO] CADModel:105 - Init CAD model plugin
2025-07-10 01:10:36,986 [INFO] PluginManage:359 - Loaded plugin cadmodel (category:power,tabindex:5)
2025-07-10 01:10:36,986 [INFO] PluginManage:310 - Check plugin clock
2025-07-10 01:10:36,998 [INFO] PluginManage:359 - Loaded plugin clock (category:base,tabindex:2)
2025-07-10 01:10:36,998 [INFO] PluginManage:310 - Check plugin ddr
2025-07-10 01:10:36,999 [INFO] PluginManage:359 - Loaded plugin ddr (category:tool,tabindex:6)
2025-07-10 01:10:37,000 [INFO] PluginManage:310 - Check plugin filemanager
2025-07-10 01:10:37,133 [INFO] PluginManage:359 - Loaded plugin filemanager (category:base,tabindex:10)
2025-07-10 01:10:37,133 [INFO] PluginManage:310 - Check plugin ipmanager
2025-07-10 01:10:37,139 [INFO] PluginManage:359 - Loaded plugin ipmanager (category:base,tabindex:5)
2025-07-10 01:10:37,140 [INFO] PluginManage:310 - Check plugin lpbam
2025-07-10 01:10:37,146 [INFO] PluginManage:359 - Loaded plugin lpbam (category:base,tabindex:0)
2025-07-10 01:10:37,146 [INFO] PluginManage:310 - Check plugin memorymap
2025-07-10 01:10:37,164 [INFO] PluginManage:359 - Loaded plugin memorymap (category:base,tabindex:4)
2025-07-10 01:10:37,165 [INFO] PluginManage:310 - Check plugin pinoutandconfiguration
2025-07-10 01:10:37,173 [INFO] PluginManage:359 - Loaded plugin pinoutandconfiguration (category:base,tabindex:1)
2025-07-10 01:10:37,173 [INFO] PluginManage:310 - Check plugin pinoutconfig
2025-07-10 01:10:37,233 [WARN] SupportedApi:132 - Cannot load RTOS API schema: s4s-elt-must-match.1: The content of 'definitions' must match (annotation?, (simpleType | complexType)?, (unique | key | keyref)*)). A problem was found starting at: attribute.
2025-07-10 01:10:37,311 [INFO] PluginManage:359 - Loaded plugin pinoutconfig (category:base,tabindex:0)
2025-07-10 01:10:37,311 [INFO] PluginManage:310 - Check plugin power
2025-07-10 01:10:37,316 [INFO] PluginManage:359 - Loaded plugin power (category:power,tabindex:4)
2025-07-10 01:10:37,316 [INFO] PluginManage:310 - Check plugin projectmanager
2025-07-10 01:10:37,326 [INFO] PluginManage:359 - Loaded plugin projectmanager (category:projectmanager,tabindex:4)
2025-07-10 01:10:37,326 [INFO] PluginManage:310 - Check plugin rif
2025-07-10 01:10:37,332 [INFO] PluginManage:359 - Loaded plugin rif (category:base,tabindex:3)
2025-07-10 01:10:37,332 [INFO] PluginManage:310 - Check plugin thirdparty
2025-07-10 01:10:37,417 [INFO] PluginManage:359 - Loaded plugin thirdparty (category:base,tabindex:-1)
2025-07-10 01:10:37,417 [WARN] IntegrityCheckThread:84 - waiting for thirdparty lock release [integrity check]
2025-07-10 01:10:37,417 [INFO] PluginManage:310 - Check plugin tools
2025-07-10 01:10:37,417 [INFO] IntegrityCheckThread:86 - entering critical section [integrity check]
2025-07-10 01:10:37,417 [INFO] ThirdPartyUpdaterWithRetryManager:70 - Updater plugin not ready yet. [1/15]
2025-07-10 01:10:37,419 [INFO] PluginManage:359 - Loaded plugin tools (category:base,tabindex:7)
2025-07-10 01:10:37,419 [INFO] PluginManage:310 - Check plugin tutovideos
2025-07-10 01:10:37,532 [INFO] PluginManage:359 - Loaded plugin tutovideos (category:base,tabindex:-1)
2025-07-10 01:10:37,532 [INFO] PluginManage:310 - Check plugin updater
2025-07-10 01:10:37,544 [INFO] PluginManage:359 - Loaded plugin updater (category:base,tabindex:12)
2025-07-10 01:10:37,544 [INFO] PluginManage:310 - Check plugin userauth
2025-07-10 01:10:37,546 [INFO] UserAuth:118 - Init User Auth plugin
2025-07-10 01:10:37,547 [INFO] PluginManage:359 - Loaded plugin userauth (category:base,tabindex:14)
2025-07-10 01:10:37,547 [INFO] PluginManage:283 - PluginManage : Loaded plugins [18]
2025-07-10 01:10:37,662 [INFO] PinOutPanel:1589 - setPackage(No Configuration,No Configuration)
2025-07-10 01:10:37,713 [INFO] CADModel:165 - CPN selected for project level
2025-07-10 01:10:37,713 [INFO] CADModel:114 - Register for checkConnection events
2025-07-10 01:10:37,722 [INFO] IPUIPlugin:80 - create IPUIPlugin
2025-07-10 01:10:37,722 [INFO] PluginManager:220 - loadIPPluginJar : add adc
2025-07-10 01:10:37,724 [INFO] IPUIPlugin:80 - create IPUIPlugin
2025-07-10 01:10:37,724 [INFO] PluginManager:220 - loadIPPluginJar : add aes
2025-07-10 01:10:37,726 [INFO] IPUIPlugin:80 - create IPUIPlugin
2025-07-10 01:10:37,726 [INFO] PluginManager:220 - loadIPPluginJar : add can
2025-07-10 01:10:37,727 [INFO] IPUIPlugin:80 - create IPUIPlugin
2025-07-10 01:10:37,727 [INFO] PluginManager:220 - loadIPPluginJar : add comp
2025-07-10 01:10:37,729 [INFO] IPUIPlugin:80 - create IPUIPlugin
2025-07-10 01:10:37,729 [INFO] PluginManager:220 - loadIPPluginJar : add cryp
2025-07-10 01:10:37,730 [INFO] IPUIPlugin:80 - create IPUIPlugin
2025-07-10 01:10:37,730 [INFO] PluginManager:220 - loadIPPluginJar : add ddr_ctrl_phy
2025-07-10 01:10:37,732 [INFO] IPUIPlugin:80 - create IPUIPlugin
2025-07-10 01:10:37,732 [INFO] PluginManager:220 - loadIPPluginJar : add dfsdm
2025-07-10 01:10:37,735 [INFO] IPUIPlugin:80 - create IPUIPlugin
2025-07-10 01:10:37,735 [INFO] PluginManager:220 - loadIPPluginJar : add dma
2025-07-10 01:10:37,737 [INFO] IPUIPlugin:80 - create IPUIPlugin
2025-07-10 01:10:37,737 [INFO] PluginManager:220 - loadIPPluginJar : add dma3
2025-07-10 01:10:37,739 [INFO] IPUIPlugin:80 - create IPUIPlugin
2025-07-10 01:10:37,739 [INFO] PluginManager:220 - loadIPPluginJar : add extmemmanager
2025-07-10 01:10:37,740 [INFO] IPUIPlugin:80 - create IPUIPlugin
2025-07-10 01:10:37,740 [INFO] PluginManager:220 - loadIPPluginJar : add fatfs
2025-07-10 01:10:37,742 [INFO] IPUIPlugin:80 - create IPUIPlugin
2025-07-10 01:10:37,742 [INFO] PluginManager:220 - loadIPPluginJar : add fmc
2025-07-10 01:10:37,745 [INFO] IPUIPlugin:80 - create IPUIPlugin
2025-07-10 01:10:37,746 [INFO] PluginManager:220 - loadIPPluginJar : add freertos
2025-07-10 01:10:37,747 [INFO] IPUIPlugin:80 - create IPUIPlugin
2025-07-10 01:10:37,747 [INFO] PluginManager:220 - loadIPPluginJar : add genericplugin
2025-07-10 01:10:37,748 [INFO] IPUIPlugin:80 - create IPUIPlugin
2025-07-10 01:10:37,748 [INFO] PluginManager:220 - loadIPPluginJar : add gfxmmu
2025-07-10 01:10:37,751 [INFO] IPUIPlugin:80 - create IPUIPlugin
2025-07-10 01:10:37,751 [INFO] PluginManager:220 - loadIPPluginJar : add gic
2025-07-10 01:10:37,753 [INFO] IPUIPlugin:80 - create IPUIPlugin
2025-07-10 01:10:37,753 [INFO] PluginManager:220 - loadIPPluginJar : add gpio
2025-07-10 01:10:37,755 [INFO] IPUIPlugin:80 - create IPUIPlugin
2025-07-10 01:10:37,755 [INFO] PluginManager:220 - loadIPPluginJar : add gtzc
2025-07-10 01:10:37,756 [INFO] IPUIPlugin:80 - create IPUIPlugin
2025-07-10 01:10:37,756 [INFO] PluginManager:220 - loadIPPluginJar : add hash
2025-07-10 01:10:37,758 [INFO] IPUIPlugin:80 - create IPUIPlugin
2025-07-10 01:10:37,758 [INFO] PluginManager:220 - loadIPPluginJar : add i2c
2025-07-10 01:10:37,759 [INFO] IPUIPlugin:80 - create IPUIPlugin
2025-07-10 01:10:37,760 [INFO] PluginManager:220 - loadIPPluginJar : add i2s
2025-07-10 01:10:37,761 [INFO] IPUIPlugin:80 - create IPUIPlugin
2025-07-10 01:10:37,761 [INFO] PluginManager:220 - loadIPPluginJar : add i3c
2025-07-10 01:10:37,763 [INFO] IPUIPlugin:80 - create IPUIPlugin
2025-07-10 01:10:37,763 [INFO] PluginManager:220 - loadIPPluginJar : add ipddr
2025-07-10 01:10:37,767 [INFO] IPUIPlugin:80 - create IPUIPlugin
2025-07-10 01:10:37,767 [INFO] PluginManager:220 - loadIPPluginJar : add linkedlist
2025-07-10 01:10:37,769 [INFO] IPUIPlugin:80 - create IPUIPlugin
2025-07-10 01:10:37,769 [INFO] PluginManager:220 - loadIPPluginJar : add lorawan
2025-07-10 01:10:37,770 [INFO] IPUIPlugin:80 - create IPUIPlugin
2025-07-10 01:10:37,770 [INFO] PluginManager:220 - loadIPPluginJar : add ltdc
2025-07-10 01:10:37,773 [INFO] IPUIPlugin:80 - create IPUIPlugin
2025-07-10 01:10:37,773 [INFO] PluginManager:220 - loadIPPluginJar : add mdma
2025-07-10 01:10:37,775 [INFO] IPUIPlugin:80 - create IPUIPlugin
2025-07-10 01:10:37,775 [INFO] PluginManager:220 - loadIPPluginJar : add nvic
2025-07-10 01:10:37,777 [INFO] IPUIPlugin:80 - create IPUIPlugin
2025-07-10 01:10:37,777 [INFO] PluginManager:220 - loadIPPluginJar : add opamp
2025-07-10 01:10:37,778 [INFO] IPUIPlugin:80 - create IPUIPlugin
2025-07-10 01:10:37,778 [INFO] PluginManager:220 - loadIPPluginJar : add openamp
2025-07-10 01:10:37,780 [INFO] IPUIPlugin:80 - create IPUIPlugin
2025-07-10 01:10:37,780 [INFO] PluginManager:220 - loadIPPluginJar : add pdm2pcm
2025-07-10 01:10:37,783 [INFO] IPUIPlugin:80 - create IPUIPlugin
2025-07-10 01:10:37,786 [INFO] PluginManager:220 - loadIPPluginJar : add plateformsettings
2025-07-10 01:10:37,787 [INFO] IPUIPlugin:80 - create IPUIPlugin
2025-07-10 01:10:37,787 [INFO] PluginManager:220 - loadIPPluginJar : add quadspi
2025-07-10 01:10:37,788 [INFO] IPUIPlugin:80 - create IPUIPlugin
2025-07-10 01:10:37,788 [INFO] PluginManager:220 - loadIPPluginJar : add radio
2025-07-10 01:10:37,790 [INFO] IPUIPlugin:80 - create IPUIPlugin
2025-07-10 01:10:37,790 [INFO] PluginManager:220 - loadIPPluginJar : add resmgrutility
2025-07-10 01:10:37,792 [INFO] IPUIPlugin:80 - create IPUIPlugin
2025-07-10 01:10:37,792 [INFO] PluginManager:220 - loadIPPluginJar : add sai
2025-07-10 01:10:37,794 [INFO] IPUIPlugin:80 - create IPUIPlugin
2025-07-10 01:10:37,794 [INFO] PluginManager:220 - loadIPPluginJar : add spi
2025-07-10 01:10:37,798 [INFO] IPUIPlugin:80 - create IPUIPlugin
2025-07-10 01:10:37,798 [INFO] PluginManager:220 - loadIPPluginJar : add stm32_wpan
2025-07-10 01:10:37,799 [INFO] IPUIPlugin:80 - create IPUIPlugin
2025-07-10 01:10:37,799 [INFO] PluginManager:220 - loadIPPluginJar : add tim
2025-07-10 01:10:37,801 [INFO] IPUIPlugin:80 - create IPUIPlugin
2025-07-10 01:10:37,801 [INFO] PluginManager:220 - loadIPPluginJar : add touchsensing
2025-07-10 01:10:37,803 [INFO] IPUIPlugin:80 - create IPUIPlugin
2025-07-10 01:10:37,803 [INFO] PluginManager:220 - loadIPPluginJar : add tracer_emb
2025-07-10 01:10:37,804 [INFO] IPUIPlugin:80 - create IPUIPlugin
2025-07-10 01:10:37,804 [INFO] PluginManager:220 - loadIPPluginJar : add ts
2025-07-10 01:10:37,805 [INFO] IPUIPlugin:80 - create IPUIPlugin
2025-07-10 01:10:37,805 [INFO] PluginManager:220 - loadIPPluginJar : add tsc
2025-07-10 01:10:37,806 [INFO] IPUIPlugin:80 - create IPUIPlugin
2025-07-10 01:10:37,807 [INFO] PluginManager:220 - loadIPPluginJar : add ucpd
2025-07-10 01:10:37,808 [INFO] IPUIPlugin:80 - create IPUIPlugin
2025-07-10 01:10:37,809 [INFO] PluginManager:220 - loadIPPluginJar : add usart
2025-07-10 01:10:37,810 [INFO] IPUIPlugin:80 - create IPUIPlugin
2025-07-10 01:10:37,811 [INFO] PluginManager:220 - loadIPPluginJar : add usbx
2025-07-10 01:10:37,920 [FATAL] Updater:351 - Updater called before beeing initialized
2025-07-10 01:10:37,935 [INFO] RulesReader:64 - Compatibility file has been processed (317 Rules)
2025-07-10 01:10:37,942 [INFO] RulesReader:64 - Compatibility file has been processed (317 Rules)
2025-07-10 01:10:37,947 [INFO] CADModel:165 - CPN selected for project level
2025-07-10 01:10:37,948 [INFO] CADModel:114 - Register for checkConnection events
2025-07-10 01:10:37,948 [FATAL] Updater:351 - Updater called before beeing initialized
2025-07-10 01:10:37,948 [ERROR] CADModel:125 - Updater not yet initialized, retry later 
2025-07-10 01:10:38,031 [FATAL] Updater:351 - Updater called before beeing initialized
2025-07-10 01:10:38,031 [INFO] CADModel:165 - CPN selected for project level
2025-07-10 01:10:38,032 [INFO] CADModel:114 - Register for checkConnection events
2025-07-10 01:10:38,032 [FATAL] Updater:351 - Updater called before beeing initialized
2025-07-10 01:10:38,032 [ERROR] CADModel:125 - Updater not yet initialized, retry later 
2025-07-10 01:10:38,033 [FATAL] Updater:351 - Updater called before beeing initialized
2025-07-10 01:10:38,100 [FATAL] Updater:351 - Updater called before beeing initialized
2025-07-10 01:10:38,102 [INFO] DbMcusAds:53 - JSON generation date=Tue Jul 08 03:14:23 CDT 2025 (1751962463582)
2025-07-10 01:10:38,102 [FATAL] Updater:351 - Updater called before beeing initialized
2025-07-10 01:10:38,124 [WARN] DetailPanel:346 - Failed to get advertising image, set to default
2025-07-10 01:10:38,181 [FATAL] Updater:351 - Updater called before beeing initialized
2025-07-10 01:10:38,182 [FATAL] Updater:351 - Updater called before beeing initialized
2025-07-10 01:10:38,182 [FATAL] Updater:351 - Updater called before beeing initialized
2025-07-10 01:10:38,182 [WARN] DetailPanel:346 - Failed to get advertising image, set to default
2025-07-10 01:10:38,183 [FATAL] Updater:351 - Updater called before beeing initialized
2025-07-10 01:10:38,212 [ERROR] Updater:1198 - MainUpdater not yet initialized. External WinMGr cannot be set.
2025-07-10 01:10:38,213 [INFO] Updater:1134 - Updater Version found : 6.15.0
2025-07-10 01:10:38,223 [INFO] ApplicationProperties:184 - Using Application install path: E:\STM32CubeIDE_1.16.1\STM32CubeIDE\plugins\com.st.stm32cube.common.mx_6.15.0.202507011659
2025-07-10 01:10:39,788 [ERROR] LogOutputStream:75 - [STDERR_REDIRECT] Jul 10, 2025 1:10:39 AM java.util.prefs.WindowsPreferences <init>
2025-07-10 01:10:39,789 [ERROR] LogOutputStream:75 - [STDERR_REDIRECT] WARNING: Could not open/create prefs root node Software\JavaSoft\Prefs at root 0xffffffff80000002. Windows RegCreateKeyEx(...) returned error code 5.
2025-07-10 01:10:39,790 [ERROR] LogOutputStream:75 - [STDERR_REDIRECT] 
2025-07-10 01:10:39,959 [INFO] MainUpdater:2872 - connection check result : 10
2025-07-10 01:10:39,960 [INFO] MainUpdater:289 - Updater Check For Update Now.
2025-07-10 01:10:39,960 [INFO] MicroXplorer:498 - Change Database Version : DB.6.0.150
2025-07-10 01:10:39,963 [INFO] McuFinderGlobals:63 - Set McuFinder mode to 2 (CubeIDE integrated)
2025-07-10 01:10:39,963 [INFO] UserAuth:487 - Internet connection configuration mode: 1
2025-07-10 01:10:39,974 [INFO] JxBrowserEngine:152 - Initiate JxBrowser Engine with user profile folder
2025-07-10 01:10:40,118 [INFO] CheckServerUpdateThread:120 - End of CheckServer Thread
2025-07-10 01:10:40,337 [INFO] WebApp:169 - Instantiating new browser for Auth
2025-07-10 01:10:40,582 [WARN] PackLoader:240 - Cannot read IP mode file for STMicroelectronics.FP-SNS-MOTENVWB1.1.4.0
2025-07-10 01:10:40,587 [WARN] PackLoader:240 - Cannot read IP mode file for STMicroelectronics.FP-ATR-ASTRA1.2.0.2
2025-07-10 01:10:40,593 [WARN] PackLoader:240 - Cannot read IP mode file for STMicroelectronics.X-CUBE-SMBUS.2.1.0
2025-07-10 01:10:40,596 [WARN] PackLoader:240 - Cannot read IP mode file for STMicroelectronics.X-CUBE-ST60.1.0.0
2025-07-10 01:10:40,618 [WARN] PackLoader:240 - Cannot read IP mode file for STMicroelectronics.X-CUBE-AZRTOS-F7.1.1.0
2025-07-10 01:10:40,662 [WARN] PackLoader:240 - Cannot read IP mode file for STMicroelectronics.X-CUBE-MEMS1.11.0.0
2025-07-10 01:10:40,783 [WARN] PackLoader:240 - Cannot read IP mode file for STMicroelectronics.FP-SNS-FLIGHT1.5.0.2
2025-07-10 01:10:40,801 [WARN] PackLoader:240 - Cannot read IP mode file for STMicroelectronics.X-CUBE-AZRTOS-H7.3.4.0
2025-07-10 01:10:40,811 [WARN] PackLoader:240 - Cannot read IP mode file for STMicroelectronics.X-CUBE-DISPLAY.3.0.0
2025-07-10 01:10:40,819 [WARN] PackLoader:240 - Cannot read IP mode file for STMicroelectronics.X-CUBE-BLE1.7.0.0
2025-07-10 01:10:40,824 [WARN] PackLoader:240 - Cannot read IP mode file for STMicroelectronics.X-CUBE-NFC10.1.0.0
2025-07-10 01:10:40,832 [WARN] PackLoader:240 - Cannot read IP mode file for STMicroelectronics.X-CUBE-BLEMGR.4.0.0
2025-07-10 01:10:40,838 [WARN] PackLoader:240 - Cannot read IP mode file for emotas.I-CUBE-CANOPEN.1.3.0
2025-07-10 01:10:40,846 [WARN] ConditionMgr:438 - getConditionDescription Invalid condition id : Cortex-A Device cause : null
2025-07-10 01:10:40,858 [WARN] ConditionMgr:1044 - genDependencies : Invalid condition id : Cortex-A Device cause : null
2025-07-10 01:10:40,858 [WARN] ConditionMgr:1044 - genDependencies : Invalid condition id : Cortex-A Device cause : null
2025-07-10 01:10:40,858 [WARN] ConditionMgr:1044 - genDependencies : Invalid condition id : Cortex-A Device cause : null
2025-07-10 01:10:40,864 [WARN] PackLoader:240 - Cannot read IP mode file for STMicroelectronics.X-CUBE-BLEMGR.3.1.0
2025-07-10 01:10:40,869 [WARN] PackLoader:240 - Cannot read IP mode file for STMicroelectronics.X-CUBE-AI.10.0.0
2025-07-10 01:10:40,872 [WARN] PackLoader:240 - Cannot read IP mode file for STMicroelectronics.FP-SNS-SMARTAG2.1.2.0
2025-07-10 01:10:40,874 [WARN] PackLoader:240 - Cannot read IP mode file for STMicroelectronics.FP-SNS-FLIGHT1.5.1.0
2025-07-10 01:10:40,881 [INFO] LogOutputStream:77 - [STDOUT_REDIRECT] 1 : Invalid condition id : UX_CORESTACK_Condition cause : null
2025-07-10 01:10:40,882 [INFO] LogOutputStream:77 - [STDOUT_REDIRECT] 1 : Invalid condition id : UX_CORESTACK_Condition cause : null
2025-07-10 01:10:40,883 [INFO] LogOutputStream:77 - [STDOUT_REDIRECT] 1 : Invalid condition id : UX_CORESTACK_Condition cause : null
2025-07-10 01:10:40,884 [INFO] LogOutputStream:77 - [STDOUT_REDIRECT] 1 : Invalid condition id : UX_CORESTACK_Condition cause : null
2025-07-10 01:10:40,885 [INFO] LogOutputStream:77 - [STDOUT_REDIRECT] 1 : Invalid condition id : UX_CORESTACK_Condition cause : null
2025-07-10 01:10:40,905 [WARN] PackLoader:240 - Cannot read IP mode file for STMicroelectronics.X-CUBE-AZRTOS-WL.2.0.0
2025-07-10 01:10:40,910 [WARN] PackLoader:240 - Cannot read IP mode file for STMicroelectronics.FP-SNS-MOTENV1.5.0.0
2025-07-10 01:10:40,913 [WARN] PackLoader:240 - Cannot read IP mode file for wolfSSL.I-CUBE-wolfMQTT.1.19.0
2025-07-10 01:10:40,919 [WARN] PackLoader:240 - Cannot read IP mode file for WES.I-CUBE-Cesium.1.3.0
2025-07-10 01:10:40,922 [WARN] PackLoader:240 - Cannot read IP mode file for STMicroelectronics.X-CUBE-BLE2.3.3.0
2025-07-10 01:10:40,927 [WARN] PackLoader:240 - Cannot read IP mode file for STMicroelectronics.X-CUBE-NFC9.1.0.0
2025-07-10 01:10:40,930 [WARN] PackLoader:240 - Cannot read IP mode file for STMicroelectronics.X-CUBE-BLE1.7.1.0
2025-07-10 01:10:40,935 [WARN] PackLoader:240 - Cannot read IP mode file for STMicroelectronics.X-CUBE-TCPP.4.1.0
2025-07-10 01:10:40,938 [WARN] PackLoader:240 - Cannot read IP mode file for STMicroelectronics.X-CUBE-AI.10.1.0
2025-07-10 01:10:40,946 [INFO] WebApp:463 - Apply proxy settings
2025-07-10 01:10:40,946 [INFO] WebApp:548 - Chromium requires no authentication
2025-07-10 01:10:40,953 [INFO] WebApp:491 - Direct internet connection detected
2025-07-10 01:10:40,968 [WARN] PackLoader:240 - Cannot read IP mode file for STMicroelectronics.X-CUBE-MEMS1.11.2.0
2025-07-10 01:10:40,973 [INFO] WebApp:900 - Register for checkConnection events
2025-07-10 01:10:40,973 [INFO] WebApp:463 - Apply proxy settings
2025-07-10 01:10:40,973 [INFO] WebApp:548 - Chromium requires no authentication
2025-07-10 01:10:40,973 [INFO] WebApp:491 - Direct internet connection detected
2025-07-10 01:10:41,054 [WARN] PackLoader:240 - Cannot read IP mode file for STMicroelectronics.X-CUBE-AZRTOS-G0.1.1.0
2025-07-10 01:10:41,059 [WARN] PackLoader:240 - Cannot read IP mode file for STMicroelectronics.X-CUBE-SAFEA1.1.2.2
2025-07-10 01:10:41,064 [WARN] PackLoader:240 - Cannot read IP mode file for STMicroelectronics.X-CUBE-NFC4.3.0.0
2025-07-10 01:10:41,070 [WARN] PackLoader:240 - Cannot read IP mode file for EmbeddedOffice.I-CUBE-FS-RTOS.1.0.1
2025-07-10 01:10:41,074 [WARN] PackLoader:240 - Cannot read IP mode file for STMicroelectronics.X-CUBE-WB05N.2.0.0
2025-07-10 01:10:41,078 [WARN] PackLoader:240 - Cannot read IP mode file for STMicroelectronics.X-CUBE-TCPP.4.2.0
2025-07-10 01:10:41,082 [WARN] PackLoader:240 - Cannot read IP mode file for RealThread.X-CUBE-RT-Thread_Nano.4.1.1
2025-07-10 01:10:41,085 [WARN] PackLoader:240 - Cannot read IP mode file for STMicroelectronics.FP-ATR-SIGFOX1.3.2.0
2025-07-10 01:10:41,088 [WARN] PackLoader:240 - Cannot read IP mode file for wolfSSL.I-CUBE-wolfSSL.5.7.2
2025-07-10 01:10:41,092 [WARN] PackLoader:240 - Cannot read IP mode file for STMicroelectronics.X-CUBE-EEPRMA1.5.1.0
2025-07-10 01:10:41,097 [WARN] PackLoader:240 - Cannot read IP mode file for ITTIA_DB.I-CUBE-ITTIADB.8.9.0
2025-07-10 01:10:41,101 [WARN] PackLoader:240 - Cannot read IP mode file for STMicroelectronics.X-CUBE-ST67W61.1.0.0
2025-07-10 01:10:41,106 [INFO] WebApp:225 - Starting web application
2025-07-10 01:10:41,107 [INFO] WebApp:593 - Web application path used E:\STM32CubeIDE_1.16.1\STM32CubeIDE\plugins\com.st.stm32cube.common.mx_6.15.0.202507011659\db\plugins\mcufinder\reactClient1\index.html
2025-07-10 01:10:41,126 [WARN] PackLoader:240 - Cannot read IP mode file for SEGGER.I-CUBE-embOS.1.3.1
2025-07-10 01:10:41,151 [WARN] PackLoader:240 - Cannot read IP mode file for STMicroelectronics.X-CUBE-ALGOBUILD.1.4.0
2025-07-10 01:10:41,168 [INFO] WebApp:191 - Connection restablished
2025-07-10 01:10:41,198 [WARN] PackLoader:240 - Cannot read IP mode file for STMicroelectronics.X-CUBE-MEMS1.11.3.0
2025-07-10 01:10:41,293 [WARN] PackLoader:240 - Cannot read IP mode file for STMicroelectronics.X-CUBE-AI.9.1.0
2025-07-10 01:10:41,296 [WARN] PackLoader:240 - Cannot read IP mode file for STMicroelectronics.X-CUBE-PM33A1.1.0.0
2025-07-10 01:10:41,315 [WARN] PackLoader:240 - Cannot read IP mode file for STMicroelectronics.X-CUBE-AZRTOS-F4.1.1.0
2025-07-10 01:10:41,319 [WARN] PackLoader:240 - Cannot read IP mode file for Avnet-IotConnect.X-CUBE-IoTC-DA16k-PMOD.1.0.0
2025-07-10 01:10:41,330 [WARN] PackLoader:240 - Cannot read IP mode file for STMicroelectronics.X-CUBE-ISPU.2.1.0
2025-07-10 01:10:41,335 [WARN] PackLoader:240 - Cannot read IP mode file for STMicroelectronics.X-CUBE-FREERTOS.1.2.0
2025-07-10 01:10:41,346 [WARN] PackLoader:240 - Cannot read IP mode file for STMicroelectronics.X-CUBE-AZRTOS-L5.2.0.0
2025-07-10 01:10:41,352 [WARN] PackLoader:240 - Cannot read IP mode file for STMicroelectronics.X-CUBE-NFC6.3.1.0
2025-07-10 01:10:41,357 [WARN] PackLoader:240 - Cannot read IP mode file for STMicroelectronics.X-CUBE-DPower.1.2.0
2025-07-10 01:10:41,361 [WARN] PackLoader:240 - Cannot read IP mode file for STMicroelectronics.X-CUBE-FREERTOS.1.3.1
2025-07-10 01:10:41,365 [WARN] PackLoader:240 - Cannot read IP mode file for STMicroelectronics.X-CUBE-NFC7.1.0.1
2025-07-10 01:10:41,369 [WARN] PackLoader:240 - Cannot read IP mode file for STMicroelectronics.FP-SNS-STAIOTCFT.1.0.0
2025-07-10 01:10:41,373 [WARN] PackLoader:240 - Cannot read IP mode file for STMicroelectronics.X-CUBE-DPower.1.3.0
2025-07-10 01:10:41,385 [WARN] ConditionMgr:438 - getConditionDescription Invalid condition id : LAN8742 Phy interface Condition cause : null
2025-07-10 01:10:41,385 [WARN] PackLoader:240 - Cannot read IP mode file for STMicroelectronics.X-CUBE-AZRTOS-L4.2.0.0
2025-07-10 01:10:41,386 [WARN] ConditionMgr:1044 - genDependencies : Invalid condition id : LAN8742 Phy interface Condition cause : null
2025-07-10 01:10:41,386 [WARN] ConditionMgr:1044 - genDependencies : Invalid condition id : LAN8742 Phy interface Condition cause : null
2025-07-10 01:10:41,387 [WARN] ConditionMgr:1044 - genDependencies : Invalid condition id : LAN8742 Phy interface Condition cause : null
2025-07-10 01:10:41,389 [INFO] UserAuth:487 - Internet connection configuration mode: 1
2025-07-10 01:10:41,393 [WARN] PackLoader:240 - Cannot read IP mode file for STMicroelectronics.X-CUBE-SFXS2LP1.4.0.0
2025-07-10 01:10:41,404 [WARN] PackLoader:240 - Cannot read IP mode file for STMicroelectronics.X-CUBE-AZRTOS-H7.3.3.0
2025-07-10 01:10:41,420 [WARN] ConditionMgr:438 - getConditionDescription Invalid condition id : UX DEVICE CLASS RTOS Condition cause : null
2025-07-10 01:10:41,420 [WARN] ConditionMgr:438 - getConditionDescription Invalid condition id : UX DEVICE CLASS RTOS Condition cause : null
2025-07-10 01:10:41,423 [WARN] PackLoader:240 - Cannot read IP mode file for STMicroelectronics.X-CUBE-AZRTOS-WB.2.0.0
2025-07-10 01:10:41,423 [WARN] ConditionMgr:1044 - genDependencies : Invalid condition id : UX DEVICE CLASS RTOS Condition cause : null
2025-07-10 01:10:41,423 [WARN] ConditionMgr:1044 - genDependencies : Invalid condition id : UX DEVICE CLASS RTOS Condition cause : null
2025-07-10 01:10:41,424 [WARN] ConditionMgr:1044 - genDependencies : Invalid condition id : UX DEVICE CLASS RTOS Condition cause : null
2025-07-10 01:10:41,424 [WARN] ConditionMgr:1044 - genDependencies : Invalid condition id : UX DEVICE CLASS RTOS Condition cause : null
2025-07-10 01:10:41,424 [WARN] ConditionMgr:1044 - genDependencies : Invalid condition id : UX DEVICE CLASS RTOS Condition cause : null
2025-07-10 01:10:41,432 [WARN] PackLoader:240 - Cannot read IP mode file for STMicroelectronics.X-CUBE-GNSS1.7.0.0
2025-07-10 01:10:41,436 [WARN] PackLoader:240 - Cannot read IP mode file for STMicroelectronics.X-CUBE-GNSS1.7.0.1
2025-07-10 01:10:41,440 [WARN] PackLoader:240 - Cannot read IP mode file for STMicroelectronics.X-CUBE-TOUCHGFX.4.25.0
2025-07-10 01:10:41,444 [WARN] PackLoader:240 - Cannot read IP mode file for STMicroelectronics.FP-SNS-STBOX1.2.0.0
2025-07-10 01:10:41,451 [WARN] PackLoader:240 - Cannot read IP mode file for STMicroelectronics.X-CUBE-SUBG2.5.0.0
2025-07-10 01:10:41,464 [WARN] PackLoader:240 - Cannot read IP mode file for STMicroelectronics.X-CUBE-AZRTOS-H7RS.1.1.0
2025-07-10 01:10:41,468 [WARN] PackLoader:240 - Cannot read IP mode file for Cesanta.I-CUBE-Mongoose.7.13.0
2025-07-10 01:10:41,476 [WARN] PackLoader:240 - Cannot read IP mode file for STMicroelectronics.X-CUBE-AZRTOS-G4.2.0.0
2025-07-10 01:10:41,480 [WARN] PackLoader:240 - Cannot read IP mode file for STMicroelectronics.X-CUBE-NFC7.2.0.0
2025-07-10 01:10:41,488 [WARN] PackLoader:240 - Cannot read IP mode file for STMicroelectronics.X-CUBE-IPS.3.1.0
2025-07-10 01:10:41,494 [WARN] PackLoader:240 - Cannot read IP mode file for STMicroelectronics.X-CUBE-ALS.1.0.2
2025-07-10 01:10:41,497 [WARN] PackLoader:240 - Cannot read IP mode file for STMicroelectronics.X-CUBE-TOUCHGFX.4.24.1
2025-07-10 01:10:41,500 [WARN] PackLoader:240 - Cannot read IP mode file for wolfSSL.I-CUBE-wolfTPM.3.4.0
2025-07-10 01:10:41,503 [WARN] PackLoader:240 - Cannot read IP mode file for portGmbH.I-Cube-SoM-uGOAL.1.1.0
2025-07-10 01:10:41,513 [WARN] PackLoader:240 - Cannot read IP mode file for STMicroelectronics.X-CUBE-AZRTOS-H7RS.1.0.0
2025-07-10 01:10:41,517 [WARN] PackLoader:240 - Cannot read IP mode file for STMicroelectronics.FP-ATR-ASTRA1.2.0.0
2025-07-10 01:10:41,523 [WARN] PackLoader:240 - Cannot read IP mode file for STMicroelectronics.X-CUBE-TOF1.3.4.2
2025-07-10 01:10:41,537 [WARN] PackLoader:240 - Cannot read IP mode file for STMicroelectronics.X-CUBE-TOF1.3.4.3
2025-07-10 01:10:41,552 [WARN] PackLoader:240 - Cannot read IP mode file for Infineon.AIROC-Wi-Fi-Bluetooth-STM32.1.6.1
2025-07-10 01:10:41,557 [WARN] PackLoader:240 - Cannot read IP mode file for wolfSSL.I-CUBE-wolfSSH.1.4.17
2025-07-10 01:10:41,557 [INFO] ThirdParty:978 - Integrity check success = true
2025-07-10 01:10:41,557 [INFO] IntegrityCheckThread:100 - exiting critical section [integrity check]
2025-07-10 01:10:41,557 [INFO] IntegrityCheckThread:103 - End integrity checks thread
2025-07-10 02:52:19,928 [ERROR] LogOutputStream:75 - [STDERR_REDIRECT] 
